2023-11-28T18:19:16.005+08:00  WARN 85556 --- [http-nio-8080-exec-2] actStandardFragmentInsertionTagProcessor : [THYMELEAF][http-nio-8080-exec-2][categories/categories] Deprecated unwrapped fragment expression "fragments :: page_head('Shopme -- Categories Managment ?? ')" found in template categories/categories, line 4, col 7. Please use the complete syntax of fragment expressions instead ("~{fragments :: page_head('Shopme -- Categories Managment ?? ')}"). The old, unwrapped syntax for fragment expressions will be removed in future versions of Thymeleaf.
2023-11-28T18:19:16.011+08:00  WARN 85556 --- [http-nio-8080-exec-2] actStandardFragmentInsertionTagProcessor : [THYMELEAF][http-nio-8080-exec-2][categories/categories] Deprecated unwrapped fragment expression "navigation :: menu" found in template categories/categories, line 9, col 8. Please use the complete syntax of fragment expressions instead ("~{navigation :: menu}"). The old, unwrapped syntax for fragment expressions will be removed in future versions of Thymeleaf.
2023-11-28T18:19:26.135+08:00  WARN 85556 --- [http-nio-8080-exec-6] actStandardFragmentInsertionTagProcessor : [THYMELEAF][http-nio-8080-exec-6][categories/category_form] Deprecated unwrapped fragment expression "fragments :: page_head(${pageTitle})" found in template categories/category_form, line 4, col 7. Please use the complete syntax of fragment expressions instead ("~{fragments :: page_head(${pageTitle})}"). The old, unwrapped syntax for fragment expressions will be removed in future versions of Thymeleaf.
2023-11-28T18:19:26.139+08:00  WARN 85556 --- [http-nio-8080-exec-6] actStandardFragmentInsertionTagProcessor : [THYMELEAF][http-nio-8080-exec-6][categories/category_form] Deprecated unwrapped fragment expression "navigation :: menu" found in template categories/category_form, line 10, col 8. Please use the complete syntax of fragment expressions instead ("~{navigation :: menu}"). The old, unwrapped syntax for fragment expressions will be removed in future versions of Thymeleaf.
2023-11-28T18:19:26.152+08:00  WARN 85556 --- [http-nio-8080-exec-6] actStandardFragmentInsertionTagProcessor : [THYMELEAF][http-nio-8080-exec-6][categories/category_form] Deprecated unwrapped fragment expression "fragments :: footer" found in template categories/category_form, line 74, col 7. Please use the complete syntax of fragment expressions instead ("~{fragments :: footer}"). The old, unwrapped syntax for fragment expressions will be removed in future versions of Thymeleaf.
2023-11-28T18:20:01.478+08:00  WARN 85556 --- [http-nio-8080-exec-9] actStandardFragmentInsertionTagProcessor : [THYMELEAF][http-nio-8080-exec-9][categories/categories] Deprecated unwrapped fragment expression "fragments :: page_head('Shopme -- Categories Managment ?? ')" found in template categories/categories, line 4, col 7. Please use the complete syntax of fragment expressions instead ("~{fragments :: page_head('Shopme -- Categories Managment ?? ')}"). The old, unwrapped syntax for fragment expressions will be removed in future versions of Thymeleaf.
2023-11-28T18:20:01.483+08:00  WARN 85556 --- [http-nio-8080-exec-9] actStandardFragmentInsertionTagProcessor : [THYMELEAF][http-nio-8080-exec-9][categories/categories] Deprecated unwrapped fragment expression "navigation :: menu" found in template categories/categories, line 9, col 8. Please use the complete syntax of fragment expressions instead ("~{navigation :: menu}"). The old, unwrapped syntax for fragment expressions will be removed in future versions of Thymeleaf.
2023-11-28T18:20:07.988+08:00  WARN 85556 --- [http-nio-8080-exec-5] actStandardFragmentInsertionTagProcessor : [THYMELEAF][http-nio-8080-exec-5][categories/category_form] Deprecated unwrapped fragment expression "fragments :: page_head(${pageTitle})" found in template categories/category_form, line 4, col 7. Please use the complete syntax of fragment expressions instead ("~{fragments :: page_head(${pageTitle})}"). The old, unwrapped syntax for fragment expressions will be removed in future versions of Thymeleaf.
2023-11-28T18:20:07.995+08:00  WARN 85556 --- [http-nio-8080-exec-5] actStandardFragmentInsertionTagProcessor : [THYMELEAF][http-nio-8080-exec-5][categories/category_form] Deprecated unwrapped fragment expression "navigation :: menu" found in template categories/category_form, line 10, col 8. Please use the complete syntax of fragment expressions instead ("~{navigation :: menu}"). The old, unwrapped syntax for fragment expressions will be removed in future versions of Thymeleaf.
2023-11-28T18:20:08.009+08:00  WARN 85556 --- [http-nio-8080-exec-5] actStandardFragmentInsertionTagProcessor : [THYMELEAF][http-nio-8080-exec-5][categories/category_form] Deprecated unwrapped fragment expression "fragments :: footer" found in template categories/category_form, line 74, col 7. Please use the complete syntax of fragment expressions instead ("~{fragments :: footer}"). The old, unwrapped syntax for fragment expressions will be removed in future versions of Thymeleaf.
2023-11-28T18:26:12.724+08:00  INFO 85556 --- [File Watcher] rtingClassPathChangeChangedEventListener : Restarting due to 1 class path change (0 additions, 0 deletions, 1 modification)
2023-11-28T18:26:12.734+08:00  INFO 85556 --- [Thread-5] o.apache.catalina.core.StandardService   : Stopping service [Tomcat]
2023-11-28T18:26:12.735+08:00  INFO 85556 --- [Thread-5] o.a.c.c.C.[.[localhost].[/ShopmeAdmin]   : Destroying Spring FrameworkServlet 'dispatcherServlet'
2023-11-28T18:26:12.737+08:00  WARN 85556 --- [Thread-5] o.a.c.c.C.[.[localhost].[/ShopmeAdmin]   : Cannot serialize session attribute [SPRING_SECURITY_CONTEXT] for session [86BBE33623505E125E1AA971F5A5C48D]

java.io.NotSerializableException: com.shopme.common.entity.User
	at java.base/java.io.ObjectOutputStream.writeObject0(ObjectOutputStream.java:1197) ~[na:na]
	at java.base/java.io.ObjectOutputStream.defaultWriteFields(ObjectOutputStream.java:1582) ~[na:na]
	at java.base/java.io.ObjectOutputStream.writeSerialData(ObjectOutputStream.java:1539) ~[na:na]
	at java.base/java.io.ObjectOutputStream.writeOrdinaryObject(ObjectOutputStream.java:1448) ~[na:na]
	at java.base/java.io.ObjectOutputStream.writeObject0(ObjectOutputStream.java:1191) ~[na:na]
	at java.base/java.io.ObjectOutputStream.defaultWriteFields(ObjectOutputStream.java:1582) ~[na:na]
	at java.base/java.io.ObjectOutputStream.writeSerialData(ObjectOutputStream.java:1539) ~[na:na]
	at java.base/java.io.ObjectOutputStream.writeOrdinaryObject(ObjectOutputStream.java:1448) ~[na:na]
	at java.base/java.io.ObjectOutputStream.writeObject0(ObjectOutputStream.java:1191) ~[na:na]
	at java.base/java.io.ObjectOutputStream.defaultWriteFields(ObjectOutputStream.java:1582) ~[na:na]
	at java.base/java.io.ObjectOutputStream.writeSerialData(ObjectOutputStream.java:1539) ~[na:na]
	at java.base/java.io.ObjectOutputStream.writeOrdinaryObject(ObjectOutputStream.java:1448) ~[na:na]
	at java.base/java.io.ObjectOutputStream.writeObject0(ObjectOutputStream.java:1191) ~[na:na]
	at java.base/java.io.ObjectOutputStream.writeObject(ObjectOutputStream.java:354) ~[na:na]
	at org.apache.catalina.session.StandardSession.doWriteObject(StandardSession.java:1526) ~[tomcat-embed-core-10.1.15.jar:10.1.15]
	at org.apache.catalina.session.StandardSession.writeObjectData(StandardSession.java:1000) ~[tomcat-embed-core-10.1.15.jar:10.1.15]
	at org.apache.catalina.session.StandardManager.doUnload(StandardManager.java:307) ~[tomcat-embed-core-10.1.15.jar:10.1.15]
	at org.apache.catalina.session.StandardManager.unload(StandardManager.java:259) ~[tomcat-embed-core-10.1.15.jar:10.1.15]
	at org.apache.catalina.session.StandardManager.stopInternal(StandardManager.java:374) ~[tomcat-embed-core-10.1.15.jar:10.1.15]
	at org.apache.catalina.util.LifecycleBase.stop(LifecycleBase.java:242) ~[tomcat-embed-core-10.1.15.jar:10.1.15]
	at org.apache.catalina.core.StandardContext.stopInternal(StandardContext.java:5089) ~[tomcat-embed-core-10.1.15.jar:10.1.15]
	at org.apache.catalina.util.LifecycleBase.stop(LifecycleBase.java:242) ~[tomcat-embed-core-10.1.15.jar:10.1.15]
	at org.apache.catalina.core.ContainerBase$StopChild.call(ContainerBase.java:1348) ~[tomcat-embed-core-10.1.15.jar:10.1.15]
	at org.apache.catalina.core.ContainerBase$StopChild.call(ContainerBase.java:1337) ~[tomcat-embed-core-10.1.15.jar:10.1.15]
	at java.base/java.util.concurrent.FutureTask.run(FutureTask.java:264) ~[na:na]
	at org.apache.tomcat.util.threads.InlineExecutorService.execute(InlineExecutorService.java:75) ~[tomcat-embed-core-10.1.15.jar:10.1.15]
	at java.base/java.util.concurrent.AbstractExecutorService.submit(AbstractExecutorService.java:145) ~[na:na]
	at org.apache.catalina.core.ContainerBase.stopInternal(ContainerBase.java:931) ~[tomcat-embed-core-10.1.15.jar:10.1.15]
	at org.apache.catalina.util.LifecycleBase.stop(LifecycleBase.java:242) ~[tomcat-embed-core-10.1.15.jar:10.1.15]
	at org.apache.catalina.core.ContainerBase$StopChild.call(ContainerBase.java:1348) ~[tomcat-embed-core-10.1.15.jar:10.1.15]
	at org.apache.catalina.core.ContainerBase$StopChild.call(ContainerBase.java:1337) ~[tomcat-embed-core-10.1.15.jar:10.1.15]
	at java.base/java.util.concurrent.FutureTask.run(FutureTask.java:264) ~[na:na]
	at org.apache.tomcat.util.threads.InlineExecutorService.execute(InlineExecutorService.java:75) ~[tomcat-embed-core-10.1.15.jar:10.1.15]
	at java.base/java.util.concurrent.AbstractExecutorService.submit(AbstractExecutorService.java:145) ~[na:na]
	at org.apache.catalina.core.ContainerBase.stopInternal(ContainerBase.java:931) ~[tomcat-embed-core-10.1.15.jar:10.1.15]
	at org.apache.catalina.util.LifecycleBase.stop(LifecycleBase.java:242) ~[tomcat-embed-core-10.1.15.jar:10.1.15]
	at org.apache.catalina.core.StandardService.stopInternal(StandardService.java:496) ~[tomcat-embed-core-10.1.15.jar:10.1.15]
	at org.apache.catalina.util.LifecycleBase.stop(LifecycleBase.java:242) ~[tomcat-embed-core-10.1.15.jar:10.1.15]
	at org.apache.catalina.core.StandardServer.stopInternal(StandardServer.java:969) ~[tomcat-embed-core-10.1.15.jar:10.1.15]
	at org.apache.catalina.util.LifecycleBase.stop(LifecycleBase.java:242) ~[tomcat-embed-core-10.1.15.jar:10.1.15]
	at org.apache.catalina.startup.Tomcat.stop(Tomcat.java:498) ~[tomcat-embed-core-10.1.15.jar:10.1.15]
	at org.springframework.boot.web.embedded.tomcat.TomcatWebServer.stopTomcat(TomcatWebServer.java:273) ~[spring-boot-3.1.5.jar:3.1.5]
	at org.springframework.boot.web.embedded.tomcat.TomcatWebServer.stop(TomcatWebServer.java:331) ~[spring-boot-3.1.5.jar:3.1.5]
	at org.springframework.boot.web.servlet.context.WebServerStartStopLifecycle.stop(WebServerStartStopLifecycle.java:53) ~[spring-boot-3.1.5.jar:3.1.5]
	at org.springframework.context.SmartLifecycle.stop(SmartLifecycle.java:117) ~[spring-context-6.0.13.jar:6.0.13]
	at org.springframework.context.support.DefaultLifecycleProcessor.doStop(DefaultLifecycleProcessor.java:235) ~[spring-context-6.0.13.jar:6.0.13]
	at org.springframework.context.support.DefaultLifecycleProcessor$LifecycleGroup.stop(DefaultLifecycleProcessor.java:374) ~[spring-context-6.0.13.jar:6.0.13]
	at org.springframework.context.support.DefaultLifecycleProcessor.stopBeans(DefaultLifecycleProcessor.java:207) ~[spring-context-6.0.13.jar:6.0.13]
	at org.springframework.context.support.DefaultLifecycleProcessor.onClose(DefaultLifecycleProcessor.java:130) ~[spring-context-6.0.13.jar:6.0.13]
	at org.springframework.context.support.AbstractApplicationContext.doClose(AbstractApplicationContext.java:1076) ~[spring-context-6.0.13.jar:6.0.13]
	at org.springframework.boot.web.servlet.context.ServletWebServerApplicationContext.doClose(ServletWebServerApplicationContext.java:173) ~[spring-boot-3.1.5.jar:3.1.5]
	at org.springframework.context.support.AbstractApplicationContext.close(AbstractApplicationContext.java:1035) ~[spring-context-6.0.13.jar:6.0.13]
	at org.springframework.boot.devtools.restart.Restarter.stop(Restarter.java:308) ~[spring-boot-devtools-3.1.5.jar:3.1.5]
	at org.springframework.boot.devtools.restart.Restarter.lambda$restart$1(Restarter.java:250) ~[spring-boot-devtools-3.1.5.jar:3.1.5]
	at org.springframework.boot.devtools.restart.Restarter$LeakSafeThread.run(Restarter.java:614) ~[spring-boot-devtools-3.1.5.jar:3.1.5]

2023-11-28T18:26:12.746+08:00  INFO 85556 --- [Thread-5] j.LocalContainerEntityManagerFactoryBean : Closing JPA EntityManagerFactory for persistence unit 'default'
2023-11-28T18:26:12.748+08:00  INFO 85556 --- [Thread-5] com.zaxxer.hikari.HikariDataSource       : HikariPool-1 - Shutdown initiated...
2023-11-28T18:26:12.801+08:00  INFO 85556 --- [Thread-5] com.zaxxer.hikari.HikariDataSource       : HikariPool-1 - Shutdown completed.
2023-11-28T18:26:12.843+08:00  INFO 85556 --- [restartedMain] c.shopme.admin.ShopmeBackEndApplication  : Starting ShopmeBackEndApplication using Java 17.0.9 with PID 85556 (/Users/johnli/Documents/workspace_spring/ShopmeProject/ShopmeWebParent/ShopmeBackEnd/target/classes started by johnli in /Users/johnli/Documents/workspace_spring/ShopmeProject/ShopmeWebParent/ShopmeBackEnd)
2023-11-28T18:26:12.843+08:00  INFO 85556 --- [restartedMain] c.shopme.admin.ShopmeBackEndApplication  : No active profile set, falling back to 1 default profile: "default"
2023-11-28T18:26:12.903+08:00  INFO 85556 --- [restartedMain] .s.d.r.c.RepositoryConfigurationDelegate : Bootstrapping Spring Data JPA repositories in DEFAULT mode.
2023-11-28T18:26:12.907+08:00  INFO 85556 --- [restartedMain] .s.d.r.c.RepositoryConfigurationDelegate : Finished Spring Data repository scanning in 3 ms. Found 3 JPA repository interfaces.
2023-11-28T18:26:12.953+08:00  INFO 85556 --- [restartedMain] o.s.b.w.embedded.tomcat.TomcatWebServer  : Tomcat initialized with port(s): 8080 (http)
2023-11-28T18:26:12.953+08:00  INFO 85556 --- [restartedMain] o.apache.catalina.core.StandardService   : Starting service [Tomcat]
2023-11-28T18:26:12.953+08:00  INFO 85556 --- [restartedMain] o.apache.catalina.core.StandardEngine    : Starting Servlet engine: [Apache Tomcat/10.1.15]
2023-11-28T18:26:12.960+08:00  INFO 85556 --- [restartedMain] o.a.c.c.C.[.[localhost].[/ShopmeAdmin]   : Initializing Spring embedded WebApplicationContext
2023-11-28T18:26:12.960+08:00  INFO 85556 --- [restartedMain] w.s.c.ServletWebServerApplicationContext : Root WebApplicationContext: initialization completed in 116 ms
2023-11-28T18:26:12.967+08:00  WARN 85556 --- [restartedMain] o.a.c.c.C.[.[localhost].[/ShopmeAdmin]   : Cannot deserialize session attribute [SPRING_SECURITY_CONTEXT] for session [86BBE33623505E125E1AA971F5A5C48D]
2023-11-28T18:26:12.979+08:00  INFO 85556 --- [restartedMain] o.hibernate.jpa.internal.util.LogHelper  : HHH000204: Processing PersistenceUnitInfo [name: default]
2023-11-28T18:26:12.982+08:00  INFO 85556 --- [restartedMain] o.s.o.j.p.SpringPersistenceUnitInfo      : No LoadTimeWeaver setup: ignoring JPA class transformer
2023-11-28T18:26:12.982+08:00  INFO 85556 --- [restartedMain] com.zaxxer.hikari.HikariDataSource       : HikariPool-2 - Starting...
2023-11-28T18:26:13.029+08:00  INFO 85556 --- [restartedMain] com.zaxxer.hikari.pool.HikariPool        : HikariPool-2 - Added connection com.mysql.cj.jdbc.ConnectionImpl@5a88388b
2023-11-28T18:26:13.029+08:00  INFO 85556 --- [restartedMain] com.zaxxer.hikari.HikariDataSource       : HikariPool-2 - Start completed.
2023-11-28T18:26:13.030+08:00  WARN 85556 --- [restartedMain] org.hibernate.orm.deprecation            : HHH90000025: MySQL8Dialect does not need to be specified explicitly using 'hibernate.dialect' (remove the property setting and it will be selected by default)
2023-11-28T18:26:13.030+08:00  WARN 85556 --- [restartedMain] org.hibernate.orm.deprecation            : HHH90000026: MySQL8Dialect has been deprecated; use org.hibernate.dialect.MySQLDialect instead
2023-11-28T18:26:13.058+08:00  INFO 85556 --- [restartedMain] o.h.e.t.j.p.i.JtaPlatformInitiator       : HHH000489: No JTA platform available (set 'hibernate.transaction.jta.platform' to enable JTA platform integration)
2023-11-28T18:26:13.124+08:00  INFO 85556 --- [restartedMain] j.LocalContainerEntityManagerFactoryBean : Initialized JPA EntityManagerFactory for persistence unit 'default'
2023-11-28T18:26:13.167+08:00  WARN 85556 --- [restartedMain] JpaBaseConfiguration$JpaWebConfiguration : spring.jpa.open-in-view is enabled by default. Therefore, database queries may be performed during view rendering. Explicitly configure spring.jpa.open-in-view to disable this warning
2023-11-28T18:26:13.175+08:00  INFO 85556 --- [restartedMain] o.s.b.a.w.s.WelcomePageHandlerMapping    : Adding welcome page template: index
2023-11-28T18:26:13.250+08:00  INFO 85556 --- [restartedMain] o.s.s.web.DefaultSecurityFilterChain     : Will secure any request with [org.springframework.security.web.session.DisableEncodeUrlFilter@508d71d8, org.springframework.security.web.context.request.async.WebAsyncManagerIntegrationFilter@7d8474b4, org.springframework.security.web.context.SecurityContextHolderFilter@44709338, org.springframework.security.web.header.HeaderWriterFilter@124151c3, org.springframework.security.web.csrf.CsrfFilter@7ab8b171, org.springframework.security.web.authentication.logout.LogoutFilter@107d7828, org.springframework.security.web.authentication.UsernamePasswordAuthenticationFilter@2b1e86b0, org.springframework.security.web.savedrequest.RequestCacheAwareFilter@7bfc81fe, org.springframework.security.web.servletapi.SecurityContextHolderAwareRequestFilter@480347d3, org.springframework.security.web.authentication.rememberme.RememberMeAuthenticationFilter@505907c3, org.springframework.security.web.authentication.AnonymousAuthenticationFilter@227046b2, org.springframework.security.web.access.ExceptionTranslationFilter@626bd57, org.springframework.security.web.access.intercept.AuthorizationFilter@5d7e0b46]
2023-11-28T18:26:13.273+08:00  WARN 85556 --- [restartedMain] o.s.s.c.a.web.builders.WebSecurity       : You are asking Spring Security to ignore Mvc [pattern='/images/**']. This is not recommended -- please use permitAll via HttpSecurity#authorizeHttpRequests instead.
2023-11-28T18:26:13.273+08:00  INFO 85556 --- [restartedMain] o.s.s.web.DefaultSecurityFilterChain     : Will not secure Mvc [pattern='/images/**']
2023-11-28T18:26:13.273+08:00  WARN 85556 --- [restartedMain] o.s.s.c.a.web.builders.WebSecurity       : You are asking Spring Security to ignore Mvc [pattern='/js/**']. This is not recommended -- please use permitAll via HttpSecurity#authorizeHttpRequests instead.
2023-11-28T18:26:13.273+08:00  INFO 85556 --- [restartedMain] o.s.s.web.DefaultSecurityFilterChain     : Will not secure Mvc [pattern='/js/**']
2023-11-28T18:26:13.273+08:00  WARN 85556 --- [restartedMain] o.s.s.c.a.web.builders.WebSecurity       : You are asking Spring Security to ignore Mvc [pattern='/webjars/**']. This is not recommended -- please use permitAll via HttpSecurity#authorizeHttpRequests instead.
2023-11-28T18:26:13.273+08:00  INFO 85556 --- [restartedMain] o.s.s.web.DefaultSecurityFilterChain     : Will not secure Mvc [pattern='/webjars/**']
2023-11-28T18:26:13.277+08:00  INFO 85556 --- [restartedMain] o.s.b.d.a.OptionalLiveReloadServer       : LiveReload server is running on port 35729
2023-11-28T18:26:13.286+08:00  INFO 85556 --- [restartedMain] o.s.b.w.embedded.tomcat.TomcatWebServer  : Tomcat started on port(s): 8080 (http) with context path '/ShopmeAdmin'
2023-11-28T18:26:13.288+08:00  INFO 85556 --- [restartedMain] c.shopme.admin.ShopmeBackEndApplication  : Started ShopmeBackEndApplication in 0.456 seconds (process running for 1031.375)
2023-11-28T18:26:13.290+08:00  INFO 85556 --- [restartedMain] .ConditionEvaluationDeltaLoggingListener : Condition evaluation delta:


==========================
CONDITION EVALUATION DELTA
==========================


Positive matches:
-----------------

   ErrorMvcAutoConfiguration.WhitelabelErrorViewConfiguration matched:
      - @ConditionalOnProperty (server.error.whitelabel.enabled) matched (OnPropertyCondition)
      - ErrorTemplate Missing did not find error template view (ErrorMvcAutoConfiguration.ErrorTemplateMissingCondition)

   ErrorMvcAutoConfiguration.WhitelabelErrorViewConfiguration#beanNameViewResolver matched:
      - @ConditionalOnMissingBean (types: org.springframework.web.servlet.view.BeanNameViewResolver; SearchStrategy: all) did not find any beans (OnBeanCondition)

   ErrorMvcAutoConfiguration.WhitelabelErrorViewConfiguration#defaultErrorView matched:
      - @ConditionalOnMissingBean (names: error; SearchStrategy: all) did not find any beans (OnBeanCondition)


Negative matches:
-----------------

    None


Exclusions:
-----------

    None


Unconditional classes:
----------------------

    None



2023-11-28T18:26:38.937+08:00  INFO 85556 --- [File Watcher] rtingClassPathChangeChangedEventListener : Restarting due to 1 class path change (0 additions, 0 deletions, 1 modification)
2023-11-28T18:26:38.940+08:00  INFO 85556 --- [Thread-7] o.apache.catalina.core.StandardService   : Stopping service [Tomcat]
2023-11-28T18:26:38.943+08:00  INFO 85556 --- [Thread-7] j.LocalContainerEntityManagerFactoryBean : Closing JPA EntityManagerFactory for persistence unit 'default'
2023-11-28T18:26:38.943+08:00  INFO 85556 --- [Thread-7] com.zaxxer.hikari.HikariDataSource       : HikariPool-2 - Shutdown initiated...
2023-11-28T18:26:38.992+08:00  INFO 85556 --- [Thread-7] com.zaxxer.hikari.HikariDataSource       : HikariPool-2 - Shutdown completed.
2023-11-28T18:26:39.047+08:00  INFO 85556 --- [restartedMain] c.shopme.admin.ShopmeBackEndApplication  : Starting ShopmeBackEndApplication using Java 17.0.9 with PID 85556 (/Users/johnli/Documents/workspace_spring/ShopmeProject/ShopmeWebParent/ShopmeBackEnd/target/classes started by johnli in /Users/johnli/Documents/workspace_spring/ShopmeProject/ShopmeWebParent/ShopmeBackEnd)
2023-11-28T18:26:39.047+08:00  INFO 85556 --- [restartedMain] c.shopme.admin.ShopmeBackEndApplication  : No active profile set, falling back to 1 default profile: "default"
2023-11-28T18:26:39.107+08:00  INFO 85556 --- [restartedMain] .s.d.r.c.RepositoryConfigurationDelegate : Bootstrapping Spring Data JPA repositories in DEFAULT mode.
2023-11-28T18:26:39.110+08:00  INFO 85556 --- [restartedMain] .s.d.r.c.RepositoryConfigurationDelegate : Finished Spring Data repository scanning in 3 ms. Found 3 JPA repository interfaces.
2023-11-28T18:26:39.152+08:00  INFO 85556 --- [restartedMain] o.s.b.w.embedded.tomcat.TomcatWebServer  : Tomcat initialized with port(s): 8080 (http)
2023-11-28T18:26:39.153+08:00  INFO 85556 --- [restartedMain] o.apache.catalina.core.StandardService   : Starting service [Tomcat]
2023-11-28T18:26:39.153+08:00  INFO 85556 --- [restartedMain] o.apache.catalina.core.StandardEngine    : Starting Servlet engine: [Apache Tomcat/10.1.15]
2023-11-28T18:26:39.157+08:00  INFO 85556 --- [restartedMain] o.a.c.c.C.[.[localhost].[/ShopmeAdmin]   : Initializing Spring embedded WebApplicationContext
2023-11-28T18:26:39.157+08:00  INFO 85556 --- [restartedMain] w.s.c.ServletWebServerApplicationContext : Root WebApplicationContext: initialization completed in 109 ms
2023-11-28T18:26:39.172+08:00  INFO 85556 --- [restartedMain] o.hibernate.jpa.internal.util.LogHelper  : HHH000204: Processing PersistenceUnitInfo [name: default]
2023-11-28T18:26:39.176+08:00  INFO 85556 --- [restartedMain] o.s.o.j.p.SpringPersistenceUnitInfo      : No LoadTimeWeaver setup: ignoring JPA class transformer
2023-11-28T18:26:39.176+08:00  INFO 85556 --- [restartedMain] com.zaxxer.hikari.HikariDataSource       : HikariPool-3 - Starting...
2023-11-28T18:26:39.225+08:00  INFO 85556 --- [restartedMain] com.zaxxer.hikari.pool.HikariPool        : HikariPool-3 - Added connection com.mysql.cj.jdbc.ConnectionImpl@561f7f33
2023-11-28T18:26:39.225+08:00  INFO 85556 --- [restartedMain] com.zaxxer.hikari.HikariDataSource       : HikariPool-3 - Start completed.
2023-11-28T18:26:39.225+08:00  WARN 85556 --- [restartedMain] org.hibernate.orm.deprecation            : HHH90000025: MySQL8Dialect does not need to be specified explicitly using 'hibernate.dialect' (remove the property setting and it will be selected by default)
2023-11-28T18:26:39.225+08:00  WARN 85556 --- [restartedMain] org.hibernate.orm.deprecation            : HHH90000026: MySQL8Dialect has been deprecated; use org.hibernate.dialect.MySQLDialect instead
2023-11-28T18:26:39.250+08:00  INFO 85556 --- [restartedMain] o.h.e.t.j.p.i.JtaPlatformInitiator       : HHH000489: No JTA platform available (set 'hibernate.transaction.jta.platform' to enable JTA platform integration)
2023-11-28T18:26:39.312+08:00  INFO 85556 --- [restartedMain] j.LocalContainerEntityManagerFactoryBean : Initialized JPA EntityManagerFactory for persistence unit 'default'
2023-11-28T18:26:39.351+08:00  WARN 85556 --- [restartedMain] JpaBaseConfiguration$JpaWebConfiguration : spring.jpa.open-in-view is enabled by default. Therefore, database queries may be performed during view rendering. Explicitly configure spring.jpa.open-in-view to disable this warning
2023-11-28T18:26:39.359+08:00  INFO 85556 --- [restartedMain] o.s.b.a.w.s.WelcomePageHandlerMapping    : Adding welcome page template: index
2023-11-28T18:26:39.459+08:00  INFO 85556 --- [restartedMain] o.s.s.web.DefaultSecurityFilterChain     : Will secure any request with [org.springframework.security.web.session.DisableEncodeUrlFilter@76df3a56, org.springframework.security.web.context.request.async.WebAsyncManagerIntegrationFilter@7cb44295, org.springframework.security.web.context.SecurityContextHolderFilter@4b15a1cd, org.springframework.security.web.header.HeaderWriterFilter@72228b8e, org.springframework.security.web.csrf.CsrfFilter@1015d6b8, org.springframework.security.web.authentication.logout.LogoutFilter@633c5b12, org.springframework.security.web.authentication.UsernamePasswordAuthenticationFilter@6c18966b, org.springframework.security.web.savedrequest.RequestCacheAwareFilter@750b1e01, org.springframework.security.web.servletapi.SecurityContextHolderAwareRequestFilter@635910b0, org.springframework.security.web.authentication.rememberme.RememberMeAuthenticationFilter@6dfdb431, org.springframework.security.web.authentication.AnonymousAuthenticationFilter@54b738a6, org.springframework.security.web.access.ExceptionTranslationFilter@25e67444, org.springframework.security.web.access.intercept.AuthorizationFilter@659def8f]
2023-11-28T18:26:39.487+08:00  WARN 85556 --- [restartedMain] o.s.s.c.a.web.builders.WebSecurity       : You are asking Spring Security to ignore Mvc [pattern='/images/**']. This is not recommended -- please use permitAll via HttpSecurity#authorizeHttpRequests instead.
2023-11-28T18:26:39.487+08:00  INFO 85556 --- [restartedMain] o.s.s.web.DefaultSecurityFilterChain     : Will not secure Mvc [pattern='/images/**']
2023-11-28T18:26:39.487+08:00  WARN 85556 --- [restartedMain] o.s.s.c.a.web.builders.WebSecurity       : You are asking Spring Security to ignore Mvc [pattern='/js/**']. This is not recommended -- please use permitAll via HttpSecurity#authorizeHttpRequests instead.
2023-11-28T18:26:39.487+08:00  INFO 85556 --- [restartedMain] o.s.s.web.DefaultSecurityFilterChain     : Will not secure Mvc [pattern='/js/**']
2023-11-28T18:26:39.487+08:00  WARN 85556 --- [restartedMain] o.s.s.c.a.web.builders.WebSecurity       : You are asking Spring Security to ignore Mvc [pattern='/webjars/**']. This is not recommended -- please use permitAll via HttpSecurity#authorizeHttpRequests instead.
2023-11-28T18:26:39.487+08:00  INFO 85556 --- [restartedMain] o.s.s.web.DefaultSecurityFilterChain     : Will not secure Mvc [pattern='/webjars/**']
2023-11-28T18:26:39.490+08:00  INFO 85556 --- [restartedMain] o.s.b.d.a.OptionalLiveReloadServer       : LiveReload server is running on port 35729
2023-11-28T18:26:39.495+08:00  INFO 85556 --- [restartedMain] o.s.b.w.embedded.tomcat.TomcatWebServer  : Tomcat started on port(s): 8080 (http) with context path '/ShopmeAdmin'
2023-11-28T18:26:39.497+08:00  INFO 85556 --- [restartedMain] c.shopme.admin.ShopmeBackEndApplication  : Started ShopmeBackEndApplication in 0.459 seconds (process running for 1057.584)
2023-11-28T18:26:39.498+08:00  INFO 85556 --- [restartedMain] .ConditionEvaluationDeltaLoggingListener : Condition evaluation unchanged
2023-11-28T18:34:51.483+08:00  INFO 85556 --- [File Watcher] rtingClassPathChangeChangedEventListener : Restarting due to 1 class path change (0 additions, 0 deletions, 1 modification)
2023-11-28T18:34:51.487+08:00  INFO 85556 --- [Thread-11] o.apache.catalina.core.StandardService   : Stopping service [Tomcat]
2023-11-28T18:34:51.491+08:00  INFO 85556 --- [Thread-11] j.LocalContainerEntityManagerFactoryBean : Closing JPA EntityManagerFactory for persistence unit 'default'
2023-11-28T18:34:51.492+08:00  INFO 85556 --- [Thread-11] com.zaxxer.hikari.HikariDataSource       : HikariPool-3 - Shutdown initiated...
2023-11-28T18:34:51.733+08:00  INFO 85556 --- [Thread-11] com.zaxxer.hikari.HikariDataSource       : HikariPool-3 - Shutdown completed.
2023-11-28T18:34:51.815+08:00  INFO 85556 --- [restartedMain] c.shopme.admin.ShopmeBackEndApplication  : Starting ShopmeBackEndApplication using Java 17.0.9 with PID 85556 (/Users/johnli/Documents/workspace_spring/ShopmeProject/ShopmeWebParent/ShopmeBackEnd/target/classes started by johnli in /Users/johnli/Documents/workspace_spring/ShopmeProject/ShopmeWebParent/ShopmeBackEnd)
2023-11-28T18:34:51.815+08:00  INFO 85556 --- [restartedMain] c.shopme.admin.ShopmeBackEndApplication  : No active profile set, falling back to 1 default profile: "default"
2023-11-28T18:34:51.868+08:00  INFO 85556 --- [restartedMain] .s.d.r.c.RepositoryConfigurationDelegate : Bootstrapping Spring Data JPA repositories in DEFAULT mode.
2023-11-28T18:34:51.872+08:00  INFO 85556 --- [restartedMain] .s.d.r.c.RepositoryConfigurationDelegate : Finished Spring Data repository scanning in 3 ms. Found 3 JPA repository interfaces.
2023-11-28T18:34:51.917+08:00  INFO 85556 --- [restartedMain] o.s.b.w.embedded.tomcat.TomcatWebServer  : Tomcat initialized with port(s): 8080 (http)
2023-11-28T18:34:51.917+08:00  INFO 85556 --- [restartedMain] o.apache.catalina.core.StandardService   : Starting service [Tomcat]
2023-11-28T18:34:51.917+08:00  INFO 85556 --- [restartedMain] o.apache.catalina.core.StandardEngine    : Starting Servlet engine: [Apache Tomcat/10.1.15]
2023-11-28T18:34:51.921+08:00  INFO 85556 --- [restartedMain] o.a.c.c.C.[.[localhost].[/ShopmeAdmin]   : Initializing Spring embedded WebApplicationContext
2023-11-28T18:34:51.921+08:00  INFO 85556 --- [restartedMain] w.s.c.ServletWebServerApplicationContext : Root WebApplicationContext: initialization completed in 105 ms
2023-11-28T18:34:51.939+08:00  INFO 85556 --- [restartedMain] o.hibernate.jpa.internal.util.LogHelper  : HHH000204: Processing PersistenceUnitInfo [name: default]
2023-11-28T18:34:51.942+08:00  INFO 85556 --- [restartedMain] o.s.o.j.p.SpringPersistenceUnitInfo      : No LoadTimeWeaver setup: ignoring JPA class transformer
2023-11-28T18:34:51.943+08:00  INFO 85556 --- [restartedMain] com.zaxxer.hikari.HikariDataSource       : HikariPool-4 - Starting...
2023-11-28T18:34:51.991+08:00  INFO 85556 --- [restartedMain] com.zaxxer.hikari.pool.HikariPool        : HikariPool-4 - Added connection com.mysql.cj.jdbc.ConnectionImpl@10ecf0fe
2023-11-28T18:34:51.991+08:00  INFO 85556 --- [restartedMain] com.zaxxer.hikari.HikariDataSource       : HikariPool-4 - Start completed.
2023-11-28T18:34:51.991+08:00  WARN 85556 --- [restartedMain] org.hibernate.orm.deprecation            : HHH90000025: MySQL8Dialect does not need to be specified explicitly using 'hibernate.dialect' (remove the property setting and it will be selected by default)
2023-11-28T18:34:51.991+08:00  WARN 85556 --- [restartedMain] org.hibernate.orm.deprecation            : HHH90000026: MySQL8Dialect has been deprecated; use org.hibernate.dialect.MySQLDialect instead
2023-11-28T18:34:52.025+08:00  INFO 85556 --- [restartedMain] o.h.e.t.j.p.i.JtaPlatformInitiator       : HHH000489: No JTA platform available (set 'hibernate.transaction.jta.platform' to enable JTA platform integration)
2023-11-28T18:34:52.103+08:00  INFO 85556 --- [restartedMain] j.LocalContainerEntityManagerFactoryBean : Initialized JPA EntityManagerFactory for persistence unit 'default'
2023-11-28T18:34:52.143+08:00  WARN 85556 --- [restartedMain] JpaBaseConfiguration$JpaWebConfiguration : spring.jpa.open-in-view is enabled by default. Therefore, database queries may be performed during view rendering. Explicitly configure spring.jpa.open-in-view to disable this warning
2023-11-28T18:34:52.152+08:00  INFO 85556 --- [restartedMain] o.s.b.a.w.s.WelcomePageHandlerMapping    : Adding welcome page template: index
2023-11-28T18:34:52.281+08:00  INFO 85556 --- [restartedMain] o.s.s.web.DefaultSecurityFilterChain     : Will secure any request with [org.springframework.security.web.session.DisableEncodeUrlFilter@1c06d4e1, org.springframework.security.web.context.request.async.WebAsyncManagerIntegrationFilter@2823cb93, org.springframework.security.web.context.SecurityContextHolderFilter@49d4f018, org.springframework.security.web.header.HeaderWriterFilter@1dad8b20, org.springframework.security.web.csrf.CsrfFilter@1a2a0e82, org.springframework.security.web.authentication.logout.LogoutFilter@3e77e668, org.springframework.security.web.authentication.UsernamePasswordAuthenticationFilter@3e310274, org.springframework.security.web.savedrequest.RequestCacheAwareFilter@3c0b9be, org.springframework.security.web.servletapi.SecurityContextHolderAwareRequestFilter@21c8e3cb, org.springframework.security.web.authentication.rememberme.RememberMeAuthenticationFilter@63c8f23, org.springframework.security.web.authentication.AnonymousAuthenticationFilter@1eb74e41, org.springframework.security.web.access.ExceptionTranslationFilter@4a6d18fd, org.springframework.security.web.access.intercept.AuthorizationFilter@63bae56f]
2023-11-28T18:34:52.329+08:00  WARN 85556 --- [restartedMain] o.s.s.c.a.web.builders.WebSecurity       : You are asking Spring Security to ignore Mvc [pattern='/images/**']. This is not recommended -- please use permitAll via HttpSecurity#authorizeHttpRequests instead.
2023-11-28T18:34:52.329+08:00  INFO 85556 --- [restartedMain] o.s.s.web.DefaultSecurityFilterChain     : Will not secure Mvc [pattern='/images/**']
2023-11-28T18:34:52.329+08:00  WARN 85556 --- [restartedMain] o.s.s.c.a.web.builders.WebSecurity       : You are asking Spring Security to ignore Mvc [pattern='/js/**']. This is not recommended -- please use permitAll via HttpSecurity#authorizeHttpRequests instead.
2023-11-28T18:34:52.329+08:00  INFO 85556 --- [restartedMain] o.s.s.web.DefaultSecurityFilterChain     : Will not secure Mvc [pattern='/js/**']
2023-11-28T18:34:52.329+08:00  WARN 85556 --- [restartedMain] o.s.s.c.a.web.builders.WebSecurity       : You are asking Spring Security to ignore Mvc [pattern='/webjars/**']. This is not recommended -- please use permitAll via HttpSecurity#authorizeHttpRequests instead.
2023-11-28T18:34:52.329+08:00  INFO 85556 --- [restartedMain] o.s.s.web.DefaultSecurityFilterChain     : Will not secure Mvc [pattern='/webjars/**']
2023-11-28T18:34:52.335+08:00  INFO 85556 --- [restartedMain] o.s.b.d.a.OptionalLiveReloadServer       : LiveReload server is running on port 35729
2023-11-28T18:34:52.341+08:00  INFO 85556 --- [restartedMain] o.s.b.w.embedded.tomcat.TomcatWebServer  : Tomcat started on port(s): 8080 (http) with context path '/ShopmeAdmin'
2023-11-28T18:34:52.346+08:00  INFO 85556 --- [restartedMain] c.shopme.admin.ShopmeBackEndApplication  : Started ShopmeBackEndApplication in 0.541 seconds (process running for 1550.43)
2023-11-28T18:34:52.347+08:00  INFO 85556 --- [restartedMain] .ConditionEvaluationDeltaLoggingListener : Condition evaluation unchanged
2023-11-28T18:38:51.397+08:00  INFO 85556 --- [File Watcher] rtingClassPathChangeChangedEventListener : Restarting due to 1 class path change (0 additions, 0 deletions, 1 modification)
2023-11-28T18:38:51.400+08:00  INFO 85556 --- [Thread-15] o.apache.catalina.core.StandardService   : Stopping service [Tomcat]
2023-11-28T18:38:51.401+08:00  INFO 85556 --- [Thread-15] j.LocalContainerEntityManagerFactoryBean : Closing JPA EntityManagerFactory for persistence unit 'default'
2023-11-28T18:38:51.402+08:00  INFO 85556 --- [Thread-15] com.zaxxer.hikari.HikariDataSource       : HikariPool-4 - Shutdown initiated...
2023-11-28T18:38:51.446+08:00  INFO 85556 --- [Thread-15] com.zaxxer.hikari.HikariDataSource       : HikariPool-4 - Shutdown completed.
2023-11-28T18:38:51.499+08:00  INFO 85556 --- [restartedMain] c.shopme.admin.ShopmeBackEndApplication  : Starting ShopmeBackEndApplication using Java 17.0.9 with PID 85556 (/Users/johnli/Documents/workspace_spring/ShopmeProject/ShopmeWebParent/ShopmeBackEnd/target/classes started by johnli in /Users/johnli/Documents/workspace_spring/ShopmeProject/ShopmeWebParent/ShopmeBackEnd)
2023-11-28T18:38:51.499+08:00  INFO 85556 --- [restartedMain] c.shopme.admin.ShopmeBackEndApplication  : No active profile set, falling back to 1 default profile: "default"
2023-11-28T18:38:51.547+08:00  INFO 85556 --- [restartedMain] .s.d.r.c.RepositoryConfigurationDelegate : Bootstrapping Spring Data JPA repositories in DEFAULT mode.
2023-11-28T18:38:51.550+08:00  INFO 85556 --- [restartedMain] .s.d.r.c.RepositoryConfigurationDelegate : Finished Spring Data repository scanning in 3 ms. Found 3 JPA repository interfaces.
2023-11-28T18:38:51.589+08:00  INFO 85556 --- [restartedMain] o.s.b.w.embedded.tomcat.TomcatWebServer  : Tomcat initialized with port(s): 8080 (http)
2023-11-28T18:38:51.589+08:00  INFO 85556 --- [restartedMain] o.apache.catalina.core.StandardService   : Starting service [Tomcat]
2023-11-28T18:38:51.589+08:00  INFO 85556 --- [restartedMain] o.apache.catalina.core.StandardEngine    : Starting Servlet engine: [Apache Tomcat/10.1.15]
2023-11-28T18:38:51.593+08:00  INFO 85556 --- [restartedMain] o.a.c.c.C.[.[localhost].[/ShopmeAdmin]   : Initializing Spring embedded WebApplicationContext
2023-11-28T18:38:51.593+08:00  INFO 85556 --- [restartedMain] w.s.c.ServletWebServerApplicationContext : Root WebApplicationContext: initialization completed in 92 ms
2023-11-28T18:38:51.609+08:00  INFO 85556 --- [restartedMain] o.hibernate.jpa.internal.util.LogHelper  : HHH000204: Processing PersistenceUnitInfo [name: default]
2023-11-28T18:38:51.612+08:00  INFO 85556 --- [restartedMain] o.s.o.j.p.SpringPersistenceUnitInfo      : No LoadTimeWeaver setup: ignoring JPA class transformer
2023-11-28T18:38:51.613+08:00  INFO 85556 --- [restartedMain] com.zaxxer.hikari.HikariDataSource       : HikariPool-5 - Starting...
2023-11-28T18:38:51.658+08:00  INFO 85556 --- [restartedMain] com.zaxxer.hikari.pool.HikariPool        : HikariPool-5 - Added connection com.mysql.cj.jdbc.ConnectionImpl@796c9dd8
2023-11-28T18:38:51.658+08:00  INFO 85556 --- [restartedMain] com.zaxxer.hikari.HikariDataSource       : HikariPool-5 - Start completed.
2023-11-28T18:38:51.658+08:00  WARN 85556 --- [restartedMain] org.hibernate.orm.deprecation            : HHH90000025: MySQL8Dialect does not need to be specified explicitly using 'hibernate.dialect' (remove the property setting and it will be selected by default)
2023-11-28T18:38:51.658+08:00  WARN 85556 --- [restartedMain] org.hibernate.orm.deprecation            : HHH90000026: MySQL8Dialect has been deprecated; use org.hibernate.dialect.MySQLDialect instead
2023-11-28T18:38:51.686+08:00  INFO 85556 --- [restartedMain] o.h.e.t.j.p.i.JtaPlatformInitiator       : HHH000489: No JTA platform available (set 'hibernate.transaction.jta.platform' to enable JTA platform integration)
2023-11-28T18:38:51.749+08:00  INFO 85556 --- [restartedMain] j.LocalContainerEntityManagerFactoryBean : Initialized JPA EntityManagerFactory for persistence unit 'default'
2023-11-28T18:38:51.782+08:00  WARN 85556 --- [restartedMain] JpaBaseConfiguration$JpaWebConfiguration : spring.jpa.open-in-view is enabled by default. Therefore, database queries may be performed during view rendering. Explicitly configure spring.jpa.open-in-view to disable this warning
2023-11-28T18:38:51.789+08:00  INFO 85556 --- [restartedMain] o.s.b.a.w.s.WelcomePageHandlerMapping    : Adding welcome page template: index
2023-11-28T18:38:51.875+08:00  INFO 85556 --- [restartedMain] o.s.s.web.DefaultSecurityFilterChain     : Will secure any request with [org.springframework.security.web.session.DisableEncodeUrlFilter@2bf2e17, org.springframework.security.web.context.request.async.WebAsyncManagerIntegrationFilter@b0af2a5, org.springframework.security.web.context.SecurityContextHolderFilter@55dfa8f9, org.springframework.security.web.header.HeaderWriterFilter@135bf8e8, org.springframework.security.web.csrf.CsrfFilter@183da1e6, org.springframework.security.web.authentication.logout.LogoutFilter@424d31d7, org.springframework.security.web.authentication.UsernamePasswordAuthenticationFilter@6fa55427, org.springframework.security.web.savedrequest.RequestCacheAwareFilter@20981135, org.springframework.security.web.servletapi.SecurityContextHolderAwareRequestFilter@262de484, org.springframework.security.web.authentication.rememberme.RememberMeAuthenticationFilter@44cd138d, org.springframework.security.web.authentication.AnonymousAuthenticationFilter@4e4b9b8f, org.springframework.security.web.access.ExceptionTranslationFilter@2024d2f0, org.springframework.security.web.access.intercept.AuthorizationFilter@6bfc5815]
2023-11-28T18:38:51.897+08:00  WARN 85556 --- [restartedMain] o.s.s.c.a.web.builders.WebSecurity       : You are asking Spring Security to ignore Mvc [pattern='/images/**']. This is not recommended -- please use permitAll via HttpSecurity#authorizeHttpRequests instead.
2023-11-28T18:38:51.897+08:00  INFO 85556 --- [restartedMain] o.s.s.web.DefaultSecurityFilterChain     : Will not secure Mvc [pattern='/images/**']
2023-11-28T18:38:51.897+08:00  WARN 85556 --- [restartedMain] o.s.s.c.a.web.builders.WebSecurity       : You are asking Spring Security to ignore Mvc [pattern='/js/**']. This is not recommended -- please use permitAll via HttpSecurity#authorizeHttpRequests instead.
2023-11-28T18:38:51.897+08:00  INFO 85556 --- [restartedMain] o.s.s.web.DefaultSecurityFilterChain     : Will not secure Mvc [pattern='/js/**']
2023-11-28T18:38:51.897+08:00  WARN 85556 --- [restartedMain] o.s.s.c.a.web.builders.WebSecurity       : You are asking Spring Security to ignore Mvc [pattern='/webjars/**']. This is not recommended -- please use permitAll via HttpSecurity#authorizeHttpRequests instead.
2023-11-28T18:38:51.897+08:00  INFO 85556 --- [restartedMain] o.s.s.web.DefaultSecurityFilterChain     : Will not secure Mvc [pattern='/webjars/**']
2023-11-28T18:38:51.900+08:00  INFO 85556 --- [restartedMain] o.s.b.d.a.OptionalLiveReloadServer       : LiveReload server is running on port 35729
2023-11-28T18:38:51.906+08:00  INFO 85556 --- [restartedMain] o.s.b.w.embedded.tomcat.TomcatWebServer  : Tomcat started on port(s): 8080 (http) with context path '/ShopmeAdmin'
2023-11-28T18:38:51.908+08:00  INFO 85556 --- [restartedMain] c.shopme.admin.ShopmeBackEndApplication  : Started ShopmeBackEndApplication in 0.424 seconds (process running for 1789.99)
2023-11-28T18:38:51.909+08:00  INFO 85556 --- [restartedMain] .ConditionEvaluationDeltaLoggingListener : Condition evaluation unchanged
2023-11-28T18:40:44.589+08:00  INFO 85556 --- [File Watcher] rtingClassPathChangeChangedEventListener : Restarting due to 1 class path change (0 additions, 0 deletions, 1 modification)
2023-11-28T18:40:44.592+08:00  INFO 85556 --- [Thread-19] o.apache.catalina.core.StandardService   : Stopping service [Tomcat]
2023-11-28T18:40:44.594+08:00  INFO 85556 --- [Thread-19] j.LocalContainerEntityManagerFactoryBean : Closing JPA EntityManagerFactory for persistence unit 'default'
2023-11-28T18:40:44.594+08:00  INFO 85556 --- [Thread-19] com.zaxxer.hikari.HikariDataSource       : HikariPool-5 - Shutdown initiated...
2023-11-28T18:40:44.638+08:00  INFO 85556 --- [Thread-19] com.zaxxer.hikari.HikariDataSource       : HikariPool-5 - Shutdown completed.
2023-11-28T18:40:44.683+08:00  INFO 85556 --- [restartedMain] c.shopme.admin.ShopmeBackEndApplication  : Starting ShopmeBackEndApplication using Java 17.0.9 with PID 85556 (/Users/johnli/Documents/workspace_spring/ShopmeProject/ShopmeWebParent/ShopmeBackEnd/target/classes started by johnli in /Users/johnli/Documents/workspace_spring/ShopmeProject/ShopmeWebParent/ShopmeBackEnd)
2023-11-28T18:40:44.683+08:00  INFO 85556 --- [restartedMain] c.shopme.admin.ShopmeBackEndApplication  : No active profile set, falling back to 1 default profile: "default"
2023-11-28T18:40:44.736+08:00  INFO 85556 --- [restartedMain] .s.d.r.c.RepositoryConfigurationDelegate : Bootstrapping Spring Data JPA repositories in DEFAULT mode.
2023-11-28T18:40:44.739+08:00  INFO 85556 --- [restartedMain] .s.d.r.c.RepositoryConfigurationDelegate : Finished Spring Data repository scanning in 3 ms. Found 3 JPA repository interfaces.
2023-11-28T18:40:44.774+08:00  INFO 85556 --- [restartedMain] o.s.b.w.embedded.tomcat.TomcatWebServer  : Tomcat initialized with port(s): 8080 (http)
2023-11-28T18:40:44.775+08:00  INFO 85556 --- [restartedMain] o.apache.catalina.core.StandardService   : Starting service [Tomcat]
2023-11-28T18:40:44.775+08:00  INFO 85556 --- [restartedMain] o.apache.catalina.core.StandardEngine    : Starting Servlet engine: [Apache Tomcat/10.1.15]
2023-11-28T18:40:44.780+08:00  INFO 85556 --- [restartedMain] o.a.c.c.C.[.[localhost].[/ShopmeAdmin]   : Initializing Spring embedded WebApplicationContext
2023-11-28T18:40:44.780+08:00  INFO 85556 --- [restartedMain] w.s.c.ServletWebServerApplicationContext : Root WebApplicationContext: initialization completed in 96 ms
2023-11-28T18:40:44.795+08:00  INFO 85556 --- [restartedMain] o.hibernate.jpa.internal.util.LogHelper  : HHH000204: Processing PersistenceUnitInfo [name: default]
2023-11-28T18:40:44.798+08:00  INFO 85556 --- [restartedMain] o.s.o.j.p.SpringPersistenceUnitInfo      : No LoadTimeWeaver setup: ignoring JPA class transformer
2023-11-28T18:40:44.799+08:00  INFO 85556 --- [restartedMain] com.zaxxer.hikari.HikariDataSource       : HikariPool-6 - Starting...
2023-11-28T18:40:44.842+08:00  INFO 85556 --- [restartedMain] com.zaxxer.hikari.pool.HikariPool        : HikariPool-6 - Added connection com.mysql.cj.jdbc.ConnectionImpl@781a89aa
2023-11-28T18:40:44.842+08:00  INFO 85556 --- [restartedMain] com.zaxxer.hikari.HikariDataSource       : HikariPool-6 - Start completed.
2023-11-28T18:40:44.842+08:00  WARN 85556 --- [restartedMain] org.hibernate.orm.deprecation            : HHH90000025: MySQL8Dialect does not need to be specified explicitly using 'hibernate.dialect' (remove the property setting and it will be selected by default)
2023-11-28T18:40:44.842+08:00  WARN 85556 --- [restartedMain] org.hibernate.orm.deprecation            : HHH90000026: MySQL8Dialect has been deprecated; use org.hibernate.dialect.MySQLDialect instead
2023-11-28T18:40:44.863+08:00  INFO 85556 --- [restartedMain] o.h.e.t.j.p.i.JtaPlatformInitiator       : HHH000489: No JTA platform available (set 'hibernate.transaction.jta.platform' to enable JTA platform integration)
2023-11-28T18:40:44.926+08:00  INFO 85556 --- [restartedMain] j.LocalContainerEntityManagerFactoryBean : Initialized JPA EntityManagerFactory for persistence unit 'default'
2023-11-28T18:40:44.961+08:00  WARN 85556 --- [restartedMain] JpaBaseConfiguration$JpaWebConfiguration : spring.jpa.open-in-view is enabled by default. Therefore, database queries may be performed during view rendering. Explicitly configure spring.jpa.open-in-view to disable this warning
2023-11-28T18:40:44.970+08:00  INFO 85556 --- [restartedMain] o.s.b.a.w.s.WelcomePageHandlerMapping    : Adding welcome page template: index
2023-11-28T18:40:45.042+08:00  INFO 85556 --- [restartedMain] o.s.s.web.DefaultSecurityFilterChain     : Will secure any request with [org.springframework.security.web.session.DisableEncodeUrlFilter@1e950e5e, org.springframework.security.web.context.request.async.WebAsyncManagerIntegrationFilter@34fdd946, org.springframework.security.web.context.SecurityContextHolderFilter@824f32a, org.springframework.security.web.header.HeaderWriterFilter@16f519d3, org.springframework.security.web.csrf.CsrfFilter@12d564a8, org.springframework.security.web.authentication.logout.LogoutFilter@aeba091, org.springframework.security.web.authentication.UsernamePasswordAuthenticationFilter@4134cd47, org.springframework.security.web.savedrequest.RequestCacheAwareFilter@316d36a2, org.springframework.security.web.servletapi.SecurityContextHolderAwareRequestFilter@1b7c139a, org.springframework.security.web.authentication.rememberme.RememberMeAuthenticationFilter@160c02d8, org.springframework.security.web.authentication.AnonymousAuthenticationFilter@5344746b, org.springframework.security.web.access.ExceptionTranslationFilter@553ff08d, org.springframework.security.web.access.intercept.AuthorizationFilter@29f0765c]
2023-11-28T18:40:45.063+08:00  WARN 85556 --- [restartedMain] o.s.s.c.a.web.builders.WebSecurity       : You are asking Spring Security to ignore Mvc [pattern='/images/**']. This is not recommended -- please use permitAll via HttpSecurity#authorizeHttpRequests instead.
2023-11-28T18:40:45.063+08:00  INFO 85556 --- [restartedMain] o.s.s.web.DefaultSecurityFilterChain     : Will not secure Mvc [pattern='/images/**']
2023-11-28T18:40:45.063+08:00  WARN 85556 --- [restartedMain] o.s.s.c.a.web.builders.WebSecurity       : You are asking Spring Security to ignore Mvc [pattern='/js/**']. This is not recommended -- please use permitAll via HttpSecurity#authorizeHttpRequests instead.
2023-11-28T18:40:45.063+08:00  INFO 85556 --- [restartedMain] o.s.s.web.DefaultSecurityFilterChain     : Will not secure Mvc [pattern='/js/**']
2023-11-28T18:40:45.064+08:00  WARN 85556 --- [restartedMain] o.s.s.c.a.web.builders.WebSecurity       : You are asking Spring Security to ignore Mvc [pattern='/webjars/**']. This is not recommended -- please use permitAll via HttpSecurity#authorizeHttpRequests instead.
2023-11-28T18:40:45.064+08:00  INFO 85556 --- [restartedMain] o.s.s.web.DefaultSecurityFilterChain     : Will not secure Mvc [pattern='/webjars/**']
2023-11-28T18:40:45.066+08:00  INFO 85556 --- [restartedMain] o.s.b.d.a.OptionalLiveReloadServer       : LiveReload server is running on port 35729
2023-11-28T18:40:45.072+08:00  INFO 85556 --- [restartedMain] o.s.b.w.embedded.tomcat.TomcatWebServer  : Tomcat started on port(s): 8080 (http) with context path '/ShopmeAdmin'
2023-11-28T18:40:45.074+08:00  INFO 85556 --- [restartedMain] c.shopme.admin.ShopmeBackEndApplication  : Started ShopmeBackEndApplication in 0.401 seconds (process running for 1903.155)
2023-11-28T18:40:45.074+08:00  INFO 85556 --- [restartedMain] .ConditionEvaluationDeltaLoggingListener : Condition evaluation unchanged
2023-11-28T18:41:42.787+08:00  INFO 85556 --- [http-nio-8080-exec-1] o.a.c.c.C.[.[localhost].[/ShopmeAdmin]   : Initializing Spring DispatcherServlet 'dispatcherServlet'
2023-11-28T18:41:42.787+08:00  INFO 85556 --- [http-nio-8080-exec-1] o.s.web.servlet.DispatcherServlet        : Initializing Servlet 'dispatcherServlet'
2023-11-28T18:41:42.788+08:00  INFO 85556 --- [http-nio-8080-exec-1] o.s.web.servlet.DispatcherServlet        : Completed initialization in 1 ms
2023-11-28T18:41:58.757+08:00  WARN 85556 --- [http-nio-8080-exec-1] actStandardFragmentInsertionTagProcessor : [THYMELEAF][http-nio-8080-exec-1][index] Deprecated unwrapped fragment expression "fragments :: page_head('Shopme -- Admin Panel')" found in template index, line 5, col 7. Please use the complete syntax of fragment expressions instead ("~{fragments :: page_head('Shopme -- Admin Panel')}"). The old, unwrapped syntax for fragment expressions will be removed in future versions of Thymeleaf.
2023-11-28T18:41:58.759+08:00  WARN 85556 --- [http-nio-8080-exec-1] actStandardFragmentInsertionTagProcessor : [THYMELEAF][http-nio-8080-exec-1][index] Deprecated unwrapped fragment expression "navigation :: menu" found in template index, line 11, col 8. Please use the complete syntax of fragment expressions instead ("~{navigation :: menu}"). The old, unwrapped syntax for fragment expressions will be removed in future versions of Thymeleaf.
2023-11-28T18:41:58.764+08:00  WARN 85556 --- [http-nio-8080-exec-1] actStandardFragmentInsertionTagProcessor : [THYMELEAF][http-nio-8080-exec-1][index] Deprecated unwrapped fragment expression "fragments :: footer" found in template index, line 22, col 7. Please use the complete syntax of fragment expressions instead ("~{fragments :: footer}"). The old, unwrapped syntax for fragment expressions will be removed in future versions of Thymeleaf.
2023-11-28T18:42:02.460+08:00  WARN 85556 --- [http-nio-8080-exec-10] actStandardFragmentInsertionTagProcessor : [THYMELEAF][http-nio-8080-exec-10][categories/categories] Deprecated unwrapped fragment expression "fragments :: page_head('Shopme -- Categories Managment ?? ')" found in template categories/categories, line 4, col 7. Please use the complete syntax of fragment expressions instead ("~{fragments :: page_head('Shopme -- Categories Managment ?? ')}"). The old, unwrapped syntax for fragment expressions will be removed in future versions of Thymeleaf.
2023-11-28T18:42:02.464+08:00  WARN 85556 --- [http-nio-8080-exec-10] actStandardFragmentInsertionTagProcessor : [THYMELEAF][http-nio-8080-exec-10][categories/categories] Deprecated unwrapped fragment expression "navigation :: menu" found in template categories/categories, line 9, col 8. Please use the complete syntax of fragment expressions instead ("~{navigation :: menu}"). The old, unwrapped syntax for fragment expressions will be removed in future versions of Thymeleaf.
2023-11-28T18:42:03.805+08:00  WARN 85556 --- [http-nio-8080-exec-5] actStandardFragmentInsertionTagProcessor : [THYMELEAF][http-nio-8080-exec-5][categories/category_form] Deprecated unwrapped fragment expression "fragments :: page_head(${pageTitle})" found in template categories/category_form, line 4, col 7. Please use the complete syntax of fragment expressions instead ("~{fragments :: page_head(${pageTitle})}"). The old, unwrapped syntax for fragment expressions will be removed in future versions of Thymeleaf.
2023-11-28T18:42:03.808+08:00  WARN 85556 --- [http-nio-8080-exec-5] actStandardFragmentInsertionTagProcessor : [THYMELEAF][http-nio-8080-exec-5][categories/category_form] Deprecated unwrapped fragment expression "navigation :: menu" found in template categories/category_form, line 10, col 8. Please use the complete syntax of fragment expressions instead ("~{navigation :: menu}"). The old, unwrapped syntax for fragment expressions will be removed in future versions of Thymeleaf.
2023-11-28T18:42:03.823+08:00  WARN 85556 --- [http-nio-8080-exec-5] actStandardFragmentInsertionTagProcessor : [THYMELEAF][http-nio-8080-exec-5][categories/category_form] Deprecated unwrapped fragment expression "fragments :: footer" found in template categories/category_form, line 74, col 7. Please use the complete syntax of fragment expressions instead ("~{fragments :: footer}"). The old, unwrapped syntax for fragment expressions will be removed in future versions of Thymeleaf.
2023-11-28T18:43:25.475+08:00  WARN 85556 --- [http-nio-8080-exec-9] actStandardFragmentInsertionTagProcessor : [THYMELEAF][http-nio-8080-exec-9][categories/categories] Deprecated unwrapped fragment expression "fragments :: page_head('Shopme -- Categories Managment ?? ')" found in template categories/categories, line 4, col 7. Please use the complete syntax of fragment expressions instead ("~{fragments :: page_head('Shopme -- Categories Managment ?? ')}"). The old, unwrapped syntax for fragment expressions will be removed in future versions of Thymeleaf.
2023-11-28T18:43:25.478+08:00  WARN 85556 --- [http-nio-8080-exec-9] actStandardFragmentInsertionTagProcessor : [THYMELEAF][http-nio-8080-exec-9][categories/categories] Deprecated unwrapped fragment expression "navigation :: menu" found in template categories/categories, line 9, col 8. Please use the complete syntax of fragment expressions instead ("~{navigation :: menu}"). The old, unwrapped syntax for fragment expressions will be removed in future versions of Thymeleaf.
2023-11-28T18:43:30.862+08:00  WARN 85556 --- [http-nio-8080-exec-1] actStandardFragmentInsertionTagProcessor : [THYMELEAF][http-nio-8080-exec-1][categories/category_form] Deprecated unwrapped fragment expression "fragments :: page_head(${pageTitle})" found in template categories/category_form, line 4, col 7. Please use the complete syntax of fragment expressions instead ("~{fragments :: page_head(${pageTitle})}"). The old, unwrapped syntax for fragment expressions will be removed in future versions of Thymeleaf.
2023-11-28T18:43:30.867+08:00  WARN 85556 --- [http-nio-8080-exec-1] actStandardFragmentInsertionTagProcessor : [THYMELEAF][http-nio-8080-exec-1][categories/category_form] Deprecated unwrapped fragment expression "navigation :: menu" found in template categories/category_form, line 10, col 8. Please use the complete syntax of fragment expressions instead ("~{navigation :: menu}"). The old, unwrapped syntax for fragment expressions will be removed in future versions of Thymeleaf.
2023-11-28T18:43:30.881+08:00  WARN 85556 --- [http-nio-8080-exec-1] actStandardFragmentInsertionTagProcessor : [THYMELEAF][http-nio-8080-exec-1][categories/category_form] Deprecated unwrapped fragment expression "fragments :: footer" found in template categories/category_form, line 74, col 7. Please use the complete syntax of fragment expressions instead ("~{fragments :: footer}"). The old, unwrapped syntax for fragment expressions will be removed in future versions of Thymeleaf.
2023-11-28T18:44:02.337+08:00  WARN 85556 --- [http-nio-8080-exec-7] actStandardFragmentInsertionTagProcessor : [THYMELEAF][http-nio-8080-exec-7][categories/category_form] Deprecated unwrapped fragment expression "fragments :: page_head(${pageTitle})" found in template categories/category_form, line 4, col 7. Please use the complete syntax of fragment expressions instead ("~{fragments :: page_head(${pageTitle})}"). The old, unwrapped syntax for fragment expressions will be removed in future versions of Thymeleaf.
2023-11-28T18:44:02.341+08:00  WARN 85556 --- [http-nio-8080-exec-7] actStandardFragmentInsertionTagProcessor : [THYMELEAF][http-nio-8080-exec-7][categories/category_form] Deprecated unwrapped fragment expression "navigation :: menu" found in template categories/category_form, line 10, col 8. Please use the complete syntax of fragment expressions instead ("~{navigation :: menu}"). The old, unwrapped syntax for fragment expressions will be removed in future versions of Thymeleaf.
2023-11-28T18:44:02.357+08:00  WARN 85556 --- [http-nio-8080-exec-7] actStandardFragmentInsertionTagProcessor : [THYMELEAF][http-nio-8080-exec-7][categories/category_form] Deprecated unwrapped fragment expression "fragments :: footer" found in template categories/category_form, line 74, col 7. Please use the complete syntax of fragment expressions instead ("~{fragments :: footer}"). The old, unwrapped syntax for fragment expressions will be removed in future versions of Thymeleaf.
2023-11-28T18:45:36.774+08:00  WARN 85556 --- [http-nio-8080-exec-2] actStandardFragmentInsertionTagProcessor : [THYMELEAF][http-nio-8080-exec-2][categories/categories] Deprecated unwrapped fragment expression "fragments :: page_head('Shopme -- Categories Managment ?? ')" found in template categories/categories, line 4, col 7. Please use the complete syntax of fragment expressions instead ("~{fragments :: page_head('Shopme -- Categories Managment ?? ')}"). The old, unwrapped syntax for fragment expressions will be removed in future versions of Thymeleaf.
2023-11-28T18:45:36.778+08:00  WARN 85556 --- [http-nio-8080-exec-2] actStandardFragmentInsertionTagProcessor : [THYMELEAF][http-nio-8080-exec-2][categories/categories] Deprecated unwrapped fragment expression "navigation :: menu" found in template categories/categories, line 9, col 8. Please use the complete syntax of fragment expressions instead ("~{navigation :: menu}"). The old, unwrapped syntax for fragment expressions will be removed in future versions of Thymeleaf.
2023-11-28T18:45:40.547+08:00  WARN 85556 --- [http-nio-8080-exec-9] actStandardFragmentInsertionTagProcessor : [THYMELEAF][http-nio-8080-exec-9][categories/category_form] Deprecated unwrapped fragment expression "fragments :: page_head(${pageTitle})" found in template categories/category_form, line 4, col 7. Please use the complete syntax of fragment expressions instead ("~{fragments :: page_head(${pageTitle})}"). The old, unwrapped syntax for fragment expressions will be removed in future versions of Thymeleaf.
2023-11-28T18:45:40.549+08:00  WARN 85556 --- [http-nio-8080-exec-9] actStandardFragmentInsertionTagProcessor : [THYMELEAF][http-nio-8080-exec-9][categories/category_form] Deprecated unwrapped fragment expression "navigation :: menu" found in template categories/category_form, line 10, col 8. Please use the complete syntax of fragment expressions instead ("~{navigation :: menu}"). The old, unwrapped syntax for fragment expressions will be removed in future versions of Thymeleaf.
2023-11-28T18:45:40.561+08:00  WARN 85556 --- [http-nio-8080-exec-9] actStandardFragmentInsertionTagProcessor : [THYMELEAF][http-nio-8080-exec-9][categories/category_form] Deprecated unwrapped fragment expression "fragments :: footer" found in template categories/category_form, line 74, col 7. Please use the complete syntax of fragment expressions instead ("~{fragments :: footer}"). The old, unwrapped syntax for fragment expressions will be removed in future versions of Thymeleaf.
2023-11-28T18:46:29.286+08:00  WARN 85556 --- [http-nio-8080-exec-4] actStandardFragmentInsertionTagProcessor : [THYMELEAF][http-nio-8080-exec-4][categories/categories] Deprecated unwrapped fragment expression "fragments :: page_head('Shopme -- Categories Managment ?? ')" found in template categories/categories, line 4, col 7. Please use the complete syntax of fragment expressions instead ("~{fragments :: page_head('Shopme -- Categories Managment ?? ')}"). The old, unwrapped syntax for fragment expressions will be removed in future versions of Thymeleaf.
2023-11-28T18:46:29.288+08:00  WARN 85556 --- [http-nio-8080-exec-4] actStandardFragmentInsertionTagProcessor : [THYMELEAF][http-nio-8080-exec-4][categories/categories] Deprecated unwrapped fragment expression "navigation :: menu" found in template categories/categories, line 9, col 8. Please use the complete syntax of fragment expressions instead ("~{navigation :: menu}"). The old, unwrapped syntax for fragment expressions will be removed in future versions of Thymeleaf.
2023-11-28T18:46:32.583+08:00  WARN 85556 --- [http-nio-8080-exec-2] actStandardFragmentInsertionTagProcessor : [THYMELEAF][http-nio-8080-exec-2][categories/category_form] Deprecated unwrapped fragment expression "fragments :: page_head(${pageTitle})" found in template categories/category_form, line 4, col 7. Please use the complete syntax of fragment expressions instead ("~{fragments :: page_head(${pageTitle})}"). The old, unwrapped syntax for fragment expressions will be removed in future versions of Thymeleaf.
2023-11-28T18:46:32.587+08:00  WARN 85556 --- [http-nio-8080-exec-2] actStandardFragmentInsertionTagProcessor : [THYMELEAF][http-nio-8080-exec-2][categories/category_form] Deprecated unwrapped fragment expression "navigation :: menu" found in template categories/category_form, line 10, col 8. Please use the complete syntax of fragment expressions instead ("~{navigation :: menu}"). The old, unwrapped syntax for fragment expressions will be removed in future versions of Thymeleaf.
2023-11-28T18:46:32.596+08:00  WARN 85556 --- [http-nio-8080-exec-2] actStandardFragmentInsertionTagProcessor : [THYMELEAF][http-nio-8080-exec-2][categories/category_form] Deprecated unwrapped fragment expression "fragments :: footer" found in template categories/category_form, line 74, col 7. Please use the complete syntax of fragment expressions instead ("~{fragments :: footer}"). The old, unwrapped syntax for fragment expressions will be removed in future versions of Thymeleaf.
2023-11-28T19:38:16.039+08:00  WARN 85556 --- [HikariPool-6 housekeeper] com.zaxxer.hikari.pool.HikariPool        : HikariPool-6 - Thread starvation or clock leap detected (housekeeper delta=2m28s35ms).
2023-11-28T19:39:14.699+08:00  WARN 85556 --- [HikariPool-6 housekeeper] com.zaxxer.hikari.pool.HikariPool        : HikariPool-6 - Thread starvation or clock leap detected (housekeeper delta=58s659ms).
2023-11-28T19:55:51.484+08:00  WARN 85556 --- [HikariPool-6 housekeeper] com.zaxxer.hikari.pool.HikariPool        : HikariPool-6 - Thread starvation or clock leap detected (housekeeper delta=16m6s775ms).
2023-11-28T20:14:29.235+08:00  WARN 85556 --- [HikariPool-6 housekeeper] com.zaxxer.hikari.pool.HikariPool        : HikariPool-6 - Thread starvation or clock leap detected (housekeeper delta=16m7s728ms).
2023-11-28T20:32:17.970+08:00  WARN 85556 --- [HikariPool-6 housekeeper] com.zaxxer.hikari.pool.HikariPool        : HikariPool-6 - Thread starvation or clock leap detected (housekeeper delta=15m48s718ms).
2023-11-28T20:36:32.947+08:00  INFO 85556 --- [RMI TCP Connection(141)-127.0.0.1] inMXBeanRegistrar$SpringApplicationAdmin : Application shutdown requested.
2023-11-28T20:36:32.949+08:00  INFO 85556 --- [RMI TCP Connection(141)-127.0.0.1] o.apache.catalina.core.StandardService   : Stopping service [Tomcat]
2023-11-28T20:36:32.949+08:00  INFO 85556 --- [RMI TCP Connection(141)-127.0.0.1] o.a.c.c.C.[.[localhost].[/ShopmeAdmin]   : Destroying Spring FrameworkServlet 'dispatcherServlet'
2023-11-28T20:36:32.950+08:00  INFO 85556 --- [RMI TCP Connection(141)-127.0.0.1] j.LocalContainerEntityManagerFactoryBean : Closing JPA EntityManagerFactory for persistence unit 'default'
2023-11-28T20:36:32.950+08:00  INFO 85556 --- [RMI TCP Connection(141)-127.0.0.1] com.zaxxer.hikari.HikariDataSource       : HikariPool-6 - Shutdown initiated...
2023-11-28T20:36:33.057+08:00  INFO 85556 --- [RMI TCP Connection(141)-127.0.0.1] com.zaxxer.hikari.HikariDataSource       : HikariPool-6 - Shutdown completed.
