2023-11-27T20:03:59.959+08:00  INFO 41372 --- [restartedMain] c.shopme.admin.ShopmeBackEndApplication  : Starting ShopmeBackEndApplication using Java 17.0.9 with PID 41372 (/Users/johnli/Documents/workspace_spring/ShopmeProject/ShopmeWebParent/ShopmeBackEnd/target/classes started by johnli in /Users/johnli/Documents/workspace_spring/ShopmeProject/ShopmeWebParent/ShopmeBackEnd)
2023-11-27T20:03:59.959+08:00  INFO 41372 --- [restartedMain] c.shopme.admin.ShopmeBackEndApplication  : No active profile set, falling back to 1 default profile: "default"
2023-11-27T20:04:00.016+08:00  INFO 41372 --- [restartedMain] .s.d.r.c.RepositoryConfigurationDelegate : Bootstrapping Spring Data JPA repositories in DEFAULT mode.
2023-11-27T20:04:00.019+08:00  INFO 41372 --- [restartedMain] .s.d.r.c.RepositoryConfigurationDelegate : Finished Spring Data repository scanning in 3 ms. Found 2 JPA repository interfaces.
2023-11-27T20:04:00.063+08:00  INFO 41372 --- [restartedMain] o.s.b.w.embedded.tomcat.TomcatWebServer  : Tomcat initialized with port(s): 8080 (http)
2023-11-27T20:04:00.063+08:00  INFO 41372 --- [restartedMain] o.apache.catalina.core.StandardService   : Starting service [Tomcat]
2023-11-27T20:04:00.063+08:00  INFO 41372 --- [restartedMain] o.apache.catalina.core.StandardEngine    : Starting Servlet engine: [Apache Tomcat/10.1.15]
2023-11-27T20:04:00.068+08:00  INFO 41372 --- [restartedMain] o.a.c.c.C.[.[localhost].[/ShopmeAdmin]   : Initializing Spring embedded WebApplicationContext
2023-11-27T20:04:00.068+08:00  INFO 41372 --- [restartedMain] w.s.c.ServletWebServerApplicationContext : Root WebApplicationContext: initialization completed in 108 ms
2023-11-27T20:04:00.084+08:00  INFO 41372 --- [restartedMain] o.hibernate.jpa.internal.util.LogHelper  : HHH000204: Processing PersistenceUnitInfo [name: default]
2023-11-27T20:04:00.088+08:00  INFO 41372 --- [restartedMain] o.s.o.j.p.SpringPersistenceUnitInfo      : No LoadTimeWeaver setup: ignoring JPA class transformer
2023-11-27T20:04:00.088+08:00  INFO 41372 --- [restartedMain] com.zaxxer.hikari.HikariDataSource       : HikariPool-3 - Starting...
2023-11-27T20:04:00.134+08:00  INFO 41372 --- [restartedMain] com.zaxxer.hikari.pool.HikariPool        : HikariPool-3 - Added connection com.mysql.cj.jdbc.ConnectionImpl@702d6ce5
2023-11-27T20:04:00.134+08:00  INFO 41372 --- [restartedMain] com.zaxxer.hikari.HikariDataSource       : HikariPool-3 - Start completed.
2023-11-27T20:04:00.135+08:00  WARN 41372 --- [restartedMain] org.hibernate.orm.deprecation            : HHH90000025: MySQL8Dialect does not need to be specified explicitly using 'hibernate.dialect' (remove the property setting and it will be selected by default)
2023-11-27T20:04:00.135+08:00  WARN 41372 --- [restartedMain] org.hibernate.orm.deprecation            : HHH90000026: MySQL8Dialect has been deprecated; use org.hibernate.dialect.MySQLDialect instead
2023-11-27T20:04:00.153+08:00  INFO 41372 --- [restartedMain] o.h.e.t.j.p.i.JtaPlatformInitiator       : HHH000489: No JTA platform available (set 'hibernate.transaction.jta.platform' to enable JTA platform integration)
2023-11-27T20:04:00.197+08:00  INFO 41372 --- [restartedMain] j.LocalContainerEntityManagerFactoryBean : Initialized JPA EntityManagerFactory for persistence unit 'default'
2023-11-27T20:04:00.231+08:00  WARN 41372 --- [restartedMain] JpaBaseConfiguration$JpaWebConfiguration : spring.jpa.open-in-view is enabled by default. Therefore, database queries may be performed during view rendering. Explicitly configure spring.jpa.open-in-view to disable this warning
2023-11-27T20:04:00.239+08:00  INFO 41372 --- [restartedMain] o.s.b.a.w.s.WelcomePageHandlerMapping    : Adding welcome page template: index
2023-11-27T20:04:00.347+08:00  INFO 41372 --- [restartedMain] o.s.s.web.DefaultSecurityFilterChain     : Will secure any request with [org.springframework.security.web.session.DisableEncodeUrlFilter@341192, org.springframework.security.web.context.request.async.WebAsyncManagerIntegrationFilter@5f76df27, org.springframework.security.web.context.SecurityContextHolderFilter@7b34fabc, org.springframework.security.web.header.HeaderWriterFilter@1baeaef8, org.springframework.security.web.csrf.CsrfFilter@5b5a62fb, org.springframework.security.web.authentication.logout.LogoutFilter@22aec532, org.springframework.security.web.authentication.UsernamePasswordAuthenticationFilter@af8c687, org.springframework.security.web.savedrequest.RequestCacheAwareFilter@73f1029b, org.springframework.security.web.servletapi.SecurityContextHolderAwareRequestFilter@10a494c4, org.springframework.security.web.authentication.rememberme.RememberMeAuthenticationFilter@5e2b15bf, org.springframework.security.web.authentication.AnonymousAuthenticationFilter@1376f6b0, org.springframework.security.web.access.ExceptionTranslationFilter@5586c61f, org.springframework.security.web.access.intercept.AuthorizationFilter@6d064370]
2023-11-27T20:04:00.367+08:00  WARN 41372 --- [restartedMain] o.s.s.c.a.web.builders.WebSecurity       : You are asking Spring Security to ignore Mvc [pattern='/images/**']. This is not recommended -- please use permitAll via HttpSecurity#authorizeHttpRequests instead.
2023-11-27T20:04:00.367+08:00  INFO 41372 --- [restartedMain] o.s.s.web.DefaultSecurityFilterChain     : Will not secure Mvc [pattern='/images/**']
2023-11-27T20:04:00.367+08:00  WARN 41372 --- [restartedMain] o.s.s.c.a.web.builders.WebSecurity       : You are asking Spring Security to ignore Mvc [pattern='/js/**']. This is not recommended -- please use permitAll via HttpSecurity#authorizeHttpRequests instead.
2023-11-27T20:04:00.367+08:00  INFO 41372 --- [restartedMain] o.s.s.web.DefaultSecurityFilterChain     : Will not secure Mvc [pattern='/js/**']
2023-11-27T20:04:00.367+08:00  WARN 41372 --- [restartedMain] o.s.s.c.a.web.builders.WebSecurity       : You are asking Spring Security to ignore Mvc [pattern='/webjars/**']. This is not recommended -- please use permitAll via HttpSecurity#authorizeHttpRequests instead.
2023-11-27T20:04:00.367+08:00  INFO 41372 --- [restartedMain] o.s.s.web.DefaultSecurityFilterChain     : Will not secure Mvc [pattern='/webjars/**']
2023-11-27T20:04:00.370+08:00  INFO 41372 --- [restartedMain] o.s.b.d.a.OptionalLiveReloadServer       : LiveReload server is running on port 35729
2023-11-27T20:04:00.376+08:00  INFO 41372 --- [restartedMain] o.s.b.w.embedded.tomcat.TomcatWebServer  : Tomcat started on port(s): 8080 (http) with context path '/ShopmeAdmin'
2023-11-27T20:04:00.378+08:00  INFO 41372 --- [restartedMain] c.shopme.admin.ShopmeBackEndApplication  : Started ShopmeBackEndApplication in 0.433 seconds (process running for 193.461)
2023-11-27T20:04:00.378+08:00  INFO 41372 --- [restartedMain] .ConditionEvaluationDeltaLoggingListener : Condition evaluation unchanged
2023-11-27T20:07:44.191+08:00  INFO 41372 --- [File Watcher] rtingClassPathChangeChangedEventListener : Restarting due to 1 class path change (0 additions, 0 deletions, 1 modification)
2023-11-27T20:07:44.194+08:00  INFO 41372 --- [Thread-11] o.apache.catalina.core.StandardService   : Stopping service [Tomcat]
2023-11-27T20:07:44.197+08:00  INFO 41372 --- [Thread-11] j.LocalContainerEntityManagerFactoryBean : Closing JPA EntityManagerFactory for persistence unit 'default'
2023-11-27T20:07:44.197+08:00  INFO 41372 --- [Thread-11] com.zaxxer.hikari.HikariDataSource       : HikariPool-3 - Shutdown initiated...
2023-11-27T20:07:44.254+08:00  INFO 41372 --- [Thread-11] com.zaxxer.hikari.HikariDataSource       : HikariPool-3 - Shutdown completed.
2023-11-27T20:07:44.300+08:00  INFO 41372 --- [restartedMain] c.shopme.admin.ShopmeBackEndApplication  : Starting ShopmeBackEndApplication using Java 17.0.9 with PID 41372 (/Users/johnli/Documents/workspace_spring/ShopmeProject/ShopmeWebParent/ShopmeBackEnd/target/classes started by johnli in /Users/johnli/Documents/workspace_spring/ShopmeProject/ShopmeWebParent/ShopmeBackEnd)
2023-11-27T20:07:44.300+08:00  INFO 41372 --- [restartedMain] c.shopme.admin.ShopmeBackEndApplication  : No active profile set, falling back to 1 default profile: "default"
2023-11-27T20:07:44.347+08:00  INFO 41372 --- [restartedMain] .s.d.r.c.RepositoryConfigurationDelegate : Bootstrapping Spring Data JPA repositories in DEFAULT mode.
2023-11-27T20:07:44.350+08:00  INFO 41372 --- [restartedMain] .s.d.r.c.RepositoryConfigurationDelegate : Finished Spring Data repository scanning in 2 ms. Found 2 JPA repository interfaces.
2023-11-27T20:07:44.389+08:00  INFO 41372 --- [restartedMain] o.s.b.w.embedded.tomcat.TomcatWebServer  : Tomcat initialized with port(s): 8080 (http)
2023-11-27T20:07:44.389+08:00  INFO 41372 --- [restartedMain] o.apache.catalina.core.StandardService   : Starting service [Tomcat]
2023-11-27T20:07:44.389+08:00  INFO 41372 --- [restartedMain] o.apache.catalina.core.StandardEngine    : Starting Servlet engine: [Apache Tomcat/10.1.15]
2023-11-27T20:07:44.393+08:00  INFO 41372 --- [restartedMain] o.a.c.c.C.[.[localhost].[/ShopmeAdmin]   : Initializing Spring embedded WebApplicationContext
2023-11-27T20:07:44.393+08:00  INFO 41372 --- [restartedMain] w.s.c.ServletWebServerApplicationContext : Root WebApplicationContext: initialization completed in 92 ms
2023-11-27T20:07:44.408+08:00  INFO 41372 --- [restartedMain] o.hibernate.jpa.internal.util.LogHelper  : HHH000204: Processing PersistenceUnitInfo [name: default]
2023-11-27T20:07:44.411+08:00  INFO 41372 --- [restartedMain] o.s.o.j.p.SpringPersistenceUnitInfo      : No LoadTimeWeaver setup: ignoring JPA class transformer
2023-11-27T20:07:44.411+08:00  INFO 41372 --- [restartedMain] com.zaxxer.hikari.HikariDataSource       : HikariPool-4 - Starting...
2023-11-27T20:07:44.459+08:00  INFO 41372 --- [restartedMain] com.zaxxer.hikari.pool.HikariPool        : HikariPool-4 - Added connection com.mysql.cj.jdbc.ConnectionImpl@3cae21da
2023-11-27T20:07:44.459+08:00  INFO 41372 --- [restartedMain] com.zaxxer.hikari.HikariDataSource       : HikariPool-4 - Start completed.
2023-11-27T20:07:44.459+08:00  WARN 41372 --- [restartedMain] org.hibernate.orm.deprecation            : HHH90000025: MySQL8Dialect does not need to be specified explicitly using 'hibernate.dialect' (remove the property setting and it will be selected by default)
2023-11-27T20:07:44.459+08:00  WARN 41372 --- [restartedMain] org.hibernate.orm.deprecation            : HHH90000026: MySQL8Dialect has been deprecated; use org.hibernate.dialect.MySQLDialect instead
2023-11-27T20:07:44.478+08:00  INFO 41372 --- [restartedMain] o.h.e.t.j.p.i.JtaPlatformInitiator       : HHH000489: No JTA platform available (set 'hibernate.transaction.jta.platform' to enable JTA platform integration)
2023-11-27T20:07:44.523+08:00  INFO 41372 --- [restartedMain] j.LocalContainerEntityManagerFactoryBean : Initialized JPA EntityManagerFactory for persistence unit 'default'
2023-11-27T20:07:44.556+08:00  WARN 41372 --- [restartedMain] JpaBaseConfiguration$JpaWebConfiguration : spring.jpa.open-in-view is enabled by default. Therefore, database queries may be performed during view rendering. Explicitly configure spring.jpa.open-in-view to disable this warning
2023-11-27T20:07:44.565+08:00  INFO 41372 --- [restartedMain] o.s.b.a.w.s.WelcomePageHandlerMapping    : Adding welcome page template: index
2023-11-27T20:07:44.658+08:00  INFO 41372 --- [restartedMain] o.s.s.web.DefaultSecurityFilterChain     : Will secure any request with [org.springframework.security.web.session.DisableEncodeUrlFilter@367cfbee, org.springframework.security.web.context.request.async.WebAsyncManagerIntegrationFilter@62cfb827, org.springframework.security.web.context.SecurityContextHolderFilter@169fbfb8, org.springframework.security.web.header.HeaderWriterFilter@32fa35e7, org.springframework.security.web.csrf.CsrfFilter@2de72218, org.springframework.security.web.authentication.logout.LogoutFilter@1b0a3c03, org.springframework.security.web.authentication.UsernamePasswordAuthenticationFilter@2de6e871, org.springframework.security.web.savedrequest.RequestCacheAwareFilter@2fca891, org.springframework.security.web.servletapi.SecurityContextHolderAwareRequestFilter@13356558, org.springframework.security.web.authentication.rememberme.RememberMeAuthenticationFilter@674623ea, org.springframework.security.web.authentication.AnonymousAuthenticationFilter@7870616f, org.springframework.security.web.access.ExceptionTranslationFilter@11b01d13, org.springframework.security.web.access.intercept.AuthorizationFilter@447212b4]
2023-11-27T20:07:44.695+08:00  WARN 41372 --- [restartedMain] o.s.s.c.a.web.builders.WebSecurity       : You are asking Spring Security to ignore Mvc [pattern='/images/**']. This is not recommended -- please use permitAll via HttpSecurity#authorizeHttpRequests instead.
2023-11-27T20:07:44.695+08:00  INFO 41372 --- [restartedMain] o.s.s.web.DefaultSecurityFilterChain     : Will not secure Mvc [pattern='/images/**']
2023-11-27T20:07:44.696+08:00  WARN 41372 --- [restartedMain] o.s.s.c.a.web.builders.WebSecurity       : You are asking Spring Security to ignore Mvc [pattern='/js/**']. This is not recommended -- please use permitAll via HttpSecurity#authorizeHttpRequests instead.
2023-11-27T20:07:44.696+08:00  INFO 41372 --- [restartedMain] o.s.s.web.DefaultSecurityFilterChain     : Will not secure Mvc [pattern='/js/**']
2023-11-27T20:07:44.696+08:00  WARN 41372 --- [restartedMain] o.s.s.c.a.web.builders.WebSecurity       : You are asking Spring Security to ignore Mvc [pattern='/webjars/**']. This is not recommended -- please use permitAll via HttpSecurity#authorizeHttpRequests instead.
2023-11-27T20:07:44.696+08:00  INFO 41372 --- [restartedMain] o.s.s.web.DefaultSecurityFilterChain     : Will not secure Mvc [pattern='/webjars/**']
2023-11-27T20:07:44.701+08:00  INFO 41372 --- [restartedMain] o.s.b.d.a.OptionalLiveReloadServer       : LiveReload server is running on port 35729
2023-11-27T20:07:44.710+08:00  INFO 41372 --- [restartedMain] o.s.b.w.embedded.tomcat.TomcatWebServer  : Tomcat started on port(s): 8080 (http) with context path '/ShopmeAdmin'
2023-11-27T20:07:44.718+08:00  INFO 41372 --- [restartedMain] c.shopme.admin.ShopmeBackEndApplication  : Started ShopmeBackEndApplication in 0.428 seconds (process running for 417.797)
2023-11-27T20:07:44.718+08:00  INFO 41372 --- [restartedMain] .ConditionEvaluationDeltaLoggingListener : Condition evaluation unchanged
2023-11-27T20:12:21.990+08:00  INFO 41372 --- [File Watcher] rtingClassPathChangeChangedEventListener : Restarting due to 1 class path change (0 additions, 0 deletions, 1 modification)
2023-11-27T20:12:21.994+08:00  INFO 41372 --- [Thread-15] o.apache.catalina.core.StandardService   : Stopping service [Tomcat]
2023-11-27T20:12:21.997+08:00  INFO 41372 --- [Thread-15] j.LocalContainerEntityManagerFactoryBean : Closing JPA EntityManagerFactory for persistence unit 'default'
2023-11-27T20:12:21.997+08:00  INFO 41372 --- [Thread-15] com.zaxxer.hikari.HikariDataSource       : HikariPool-4 - Shutdown initiated...
2023-11-27T20:12:22.050+08:00  INFO 41372 --- [Thread-15] com.zaxxer.hikari.HikariDataSource       : HikariPool-4 - Shutdown completed.
2023-11-27T20:12:22.097+08:00  INFO 41372 --- [restartedMain] c.shopme.admin.ShopmeBackEndApplication  : Starting ShopmeBackEndApplication using Java 17.0.9 with PID 41372 (/Users/johnli/Documents/workspace_spring/ShopmeProject/ShopmeWebParent/ShopmeBackEnd/target/classes started by johnli in /Users/johnli/Documents/workspace_spring/ShopmeProject/ShopmeWebParent/ShopmeBackEnd)
2023-11-27T20:12:22.097+08:00  INFO 41372 --- [restartedMain] c.shopme.admin.ShopmeBackEndApplication  : No active profile set, falling back to 1 default profile: "default"
2023-11-27T20:12:22.149+08:00  INFO 41372 --- [restartedMain] .s.d.r.c.RepositoryConfigurationDelegate : Bootstrapping Spring Data JPA repositories in DEFAULT mode.
2023-11-27T20:12:22.152+08:00  INFO 41372 --- [restartedMain] .s.d.r.c.RepositoryConfigurationDelegate : Finished Spring Data repository scanning in 3 ms. Found 2 JPA repository interfaces.
2023-11-27T20:12:22.195+08:00  INFO 41372 --- [restartedMain] o.s.b.w.embedded.tomcat.TomcatWebServer  : Tomcat initialized with port(s): 8080 (http)
2023-11-27T20:12:22.196+08:00  INFO 41372 --- [restartedMain] o.apache.catalina.core.StandardService   : Starting service [Tomcat]
2023-11-27T20:12:22.196+08:00  INFO 41372 --- [restartedMain] o.apache.catalina.core.StandardEngine    : Starting Servlet engine: [Apache Tomcat/10.1.15]
2023-11-27T20:12:22.200+08:00  INFO 41372 --- [restartedMain] o.a.c.c.C.[.[localhost].[/ShopmeAdmin]   : Initializing Spring embedded WebApplicationContext
2023-11-27T20:12:22.200+08:00  INFO 41372 --- [restartedMain] w.s.c.ServletWebServerApplicationContext : Root WebApplicationContext: initialization completed in 102 ms
2023-11-27T20:12:22.217+08:00  INFO 41372 --- [restartedMain] o.hibernate.jpa.internal.util.LogHelper  : HHH000204: Processing PersistenceUnitInfo [name: default]
2023-11-27T20:12:22.220+08:00  INFO 41372 --- [restartedMain] o.s.o.j.p.SpringPersistenceUnitInfo      : No LoadTimeWeaver setup: ignoring JPA class transformer
2023-11-27T20:12:22.220+08:00  INFO 41372 --- [restartedMain] com.zaxxer.hikari.HikariDataSource       : HikariPool-5 - Starting...
2023-11-27T20:12:22.283+08:00  INFO 41372 --- [restartedMain] com.zaxxer.hikari.pool.HikariPool        : HikariPool-5 - Added connection com.mysql.cj.jdbc.ConnectionImpl@47998ad7
2023-11-27T20:12:22.283+08:00  INFO 41372 --- [restartedMain] com.zaxxer.hikari.HikariDataSource       : HikariPool-5 - Start completed.
2023-11-27T20:12:22.283+08:00  WARN 41372 --- [restartedMain] org.hibernate.orm.deprecation            : HHH90000025: MySQL8Dialect does not need to be specified explicitly using 'hibernate.dialect' (remove the property setting and it will be selected by default)
2023-11-27T20:12:22.283+08:00  WARN 41372 --- [restartedMain] org.hibernate.orm.deprecation            : HHH90000026: MySQL8Dialect has been deprecated; use org.hibernate.dialect.MySQLDialect instead
2023-11-27T20:12:22.301+08:00  INFO 41372 --- [restartedMain] o.h.e.t.j.p.i.JtaPlatformInitiator       : HHH000489: No JTA platform available (set 'hibernate.transaction.jta.platform' to enable JTA platform integration)
2023-11-27T20:12:22.358+08:00  INFO 41372 --- [restartedMain] j.LocalContainerEntityManagerFactoryBean : Initialized JPA EntityManagerFactory for persistence unit 'default'
2023-11-27T20:12:22.398+08:00  WARN 41372 --- [restartedMain] JpaBaseConfiguration$JpaWebConfiguration : spring.jpa.open-in-view is enabled by default. Therefore, database queries may be performed during view rendering. Explicitly configure spring.jpa.open-in-view to disable this warning
2023-11-27T20:12:22.407+08:00  INFO 41372 --- [restartedMain] o.s.b.a.w.s.WelcomePageHandlerMapping    : Adding welcome page template: index
2023-11-27T20:12:22.482+08:00  INFO 41372 --- [restartedMain] o.s.s.web.DefaultSecurityFilterChain     : Will secure any request with [org.springframework.security.web.session.DisableEncodeUrlFilter@1e06bcad, org.springframework.security.web.context.request.async.WebAsyncManagerIntegrationFilter@3eefa4bf, org.springframework.security.web.context.SecurityContextHolderFilter@2132bb0, org.springframework.security.web.header.HeaderWriterFilter@3b987344, org.springframework.security.web.csrf.CsrfFilter@1085f13c, org.springframework.security.web.authentication.logout.LogoutFilter@732f8693, org.springframework.security.web.authentication.UsernamePasswordAuthenticationFilter@f3ea5d4, org.springframework.security.web.savedrequest.RequestCacheAwareFilter@3da036df, org.springframework.security.web.servletapi.SecurityContextHolderAwareRequestFilter@10002d80, org.springframework.security.web.authentication.rememberme.RememberMeAuthenticationFilter@111d5151, org.springframework.security.web.authentication.AnonymousAuthenticationFilter@4485a6b3, org.springframework.security.web.access.ExceptionTranslationFilter@1b06d16a, org.springframework.security.web.access.intercept.AuthorizationFilter@6ad94210]
2023-11-27T20:12:22.506+08:00  WARN 41372 --- [restartedMain] o.s.s.c.a.web.builders.WebSecurity       : You are asking Spring Security to ignore Mvc [pattern='/images/**']. This is not recommended -- please use permitAll via HttpSecurity#authorizeHttpRequests instead.
2023-11-27T20:12:22.506+08:00  INFO 41372 --- [restartedMain] o.s.s.web.DefaultSecurityFilterChain     : Will not secure Mvc [pattern='/images/**']
2023-11-27T20:12:22.506+08:00  WARN 41372 --- [restartedMain] o.s.s.c.a.web.builders.WebSecurity       : You are asking Spring Security to ignore Mvc [pattern='/js/**']. This is not recommended -- please use permitAll via HttpSecurity#authorizeHttpRequests instead.
2023-11-27T20:12:22.506+08:00  INFO 41372 --- [restartedMain] o.s.s.web.DefaultSecurityFilterChain     : Will not secure Mvc [pattern='/js/**']
2023-11-27T20:12:22.506+08:00  WARN 41372 --- [restartedMain] o.s.s.c.a.web.builders.WebSecurity       : You are asking Spring Security to ignore Mvc [pattern='/webjars/**']. This is not recommended -- please use permitAll via HttpSecurity#authorizeHttpRequests instead.
2023-11-27T20:12:22.506+08:00  INFO 41372 --- [restartedMain] o.s.s.web.DefaultSecurityFilterChain     : Will not secure Mvc [pattern='/webjars/**']
2023-11-27T20:12:22.510+08:00  INFO 41372 --- [restartedMain] o.s.b.d.a.OptionalLiveReloadServer       : LiveReload server is running on port 35729
2023-11-27T20:12:22.516+08:00  INFO 41372 --- [restartedMain] o.s.b.w.embedded.tomcat.TomcatWebServer  : Tomcat started on port(s): 8080 (http) with context path '/ShopmeAdmin'
2023-11-27T20:12:22.518+08:00  INFO 41372 --- [restartedMain] c.shopme.admin.ShopmeBackEndApplication  : Started ShopmeBackEndApplication in 0.436 seconds (process running for 695.594)
2023-11-27T20:12:22.518+08:00  INFO 41372 --- [restartedMain] .ConditionEvaluationDeltaLoggingListener : Condition evaluation unchanged
2023-11-27T20:13:40.752+08:00  INFO 41372 --- [File Watcher] rtingClassPathChangeChangedEventListener : Restarting due to 1 class path change (0 additions, 0 deletions, 1 modification)
2023-11-27T20:13:40.754+08:00  INFO 41372 --- [Thread-19] o.apache.catalina.core.StandardService   : Stopping service [Tomcat]
2023-11-27T20:13:40.756+08:00  INFO 41372 --- [Thread-19] j.LocalContainerEntityManagerFactoryBean : Closing JPA EntityManagerFactory for persistence unit 'default'
2023-11-27T20:13:40.756+08:00  INFO 41372 --- [Thread-19] com.zaxxer.hikari.HikariDataSource       : HikariPool-5 - Shutdown initiated...
2023-11-27T20:13:40.806+08:00  INFO 41372 --- [Thread-19] com.zaxxer.hikari.HikariDataSource       : HikariPool-5 - Shutdown completed.
2023-11-27T20:13:40.844+08:00  INFO 41372 --- [restartedMain] c.shopme.admin.ShopmeBackEndApplication  : Starting ShopmeBackEndApplication using Java 17.0.9 with PID 41372 (/Users/johnli/Documents/workspace_spring/ShopmeProject/ShopmeWebParent/ShopmeBackEnd/target/classes started by johnli in /Users/johnli/Documents/workspace_spring/ShopmeProject/ShopmeWebParent/ShopmeBackEnd)
2023-11-27T20:13:40.844+08:00  INFO 41372 --- [restartedMain] c.shopme.admin.ShopmeBackEndApplication  : No active profile set, falling back to 1 default profile: "default"
2023-11-27T20:13:40.893+08:00  INFO 41372 --- [restartedMain] .s.d.r.c.RepositoryConfigurationDelegate : Bootstrapping Spring Data JPA repositories in DEFAULT mode.
2023-11-27T20:13:40.896+08:00  INFO 41372 --- [restartedMain] .s.d.r.c.RepositoryConfigurationDelegate : Finished Spring Data repository scanning in 2 ms. Found 2 JPA repository interfaces.
2023-11-27T20:13:40.934+08:00  INFO 41372 --- [restartedMain] o.s.b.w.embedded.tomcat.TomcatWebServer  : Tomcat initialized with port(s): 8080 (http)
2023-11-27T20:13:40.935+08:00  INFO 41372 --- [restartedMain] o.apache.catalina.core.StandardService   : Starting service [Tomcat]
2023-11-27T20:13:40.935+08:00  INFO 41372 --- [restartedMain] o.apache.catalina.core.StandardEngine    : Starting Servlet engine: [Apache Tomcat/10.1.15]
2023-11-27T20:13:40.939+08:00  INFO 41372 --- [restartedMain] o.a.c.c.C.[.[localhost].[/ShopmeAdmin]   : Initializing Spring embedded WebApplicationContext
2023-11-27T20:13:40.939+08:00  INFO 41372 --- [restartedMain] w.s.c.ServletWebServerApplicationContext : Root WebApplicationContext: initialization completed in 95 ms
2023-11-27T20:13:40.956+08:00  INFO 41372 --- [restartedMain] o.hibernate.jpa.internal.util.LogHelper  : HHH000204: Processing PersistenceUnitInfo [name: default]
2023-11-27T20:13:40.959+08:00  INFO 41372 --- [restartedMain] o.s.o.j.p.SpringPersistenceUnitInfo      : No LoadTimeWeaver setup: ignoring JPA class transformer
2023-11-27T20:13:40.959+08:00  INFO 41372 --- [restartedMain] com.zaxxer.hikari.HikariDataSource       : HikariPool-6 - Starting...
2023-11-27T20:13:41.009+08:00  INFO 41372 --- [restartedMain] com.zaxxer.hikari.pool.HikariPool        : HikariPool-6 - Added connection com.mysql.cj.jdbc.ConnectionImpl@296870a2
2023-11-27T20:13:41.009+08:00  INFO 41372 --- [restartedMain] com.zaxxer.hikari.HikariDataSource       : HikariPool-6 - Start completed.
2023-11-27T20:13:41.009+08:00  WARN 41372 --- [restartedMain] org.hibernate.orm.deprecation            : HHH90000025: MySQL8Dialect does not need to be specified explicitly using 'hibernate.dialect' (remove the property setting and it will be selected by default)
2023-11-27T20:13:41.009+08:00  WARN 41372 --- [restartedMain] org.hibernate.orm.deprecation            : HHH90000026: MySQL8Dialect has been deprecated; use org.hibernate.dialect.MySQLDialect instead
2023-11-27T20:13:41.026+08:00  INFO 41372 --- [restartedMain] o.h.e.t.j.p.i.JtaPlatformInitiator       : HHH000489: No JTA platform available (set 'hibernate.transaction.jta.platform' to enable JTA platform integration)
2023-11-27T20:13:41.078+08:00  INFO 41372 --- [restartedMain] j.LocalContainerEntityManagerFactoryBean : Initialized JPA EntityManagerFactory for persistence unit 'default'
2023-11-27T20:13:41.110+08:00  WARN 41372 --- [restartedMain] JpaBaseConfiguration$JpaWebConfiguration : spring.jpa.open-in-view is enabled by default. Therefore, database queries may be performed during view rendering. Explicitly configure spring.jpa.open-in-view to disable this warning
2023-11-27T20:13:41.118+08:00  INFO 41372 --- [restartedMain] o.s.b.a.w.s.WelcomePageHandlerMapping    : Adding welcome page template: index
2023-11-27T20:13:41.189+08:00  INFO 41372 --- [restartedMain] o.s.s.web.DefaultSecurityFilterChain     : Will secure any request with [org.springframework.security.web.session.DisableEncodeUrlFilter@63a27235, org.springframework.security.web.context.request.async.WebAsyncManagerIntegrationFilter@71dfc8b9, org.springframework.security.web.context.SecurityContextHolderFilter@359bf842, org.springframework.security.web.header.HeaderWriterFilter@26424373, org.springframework.security.web.csrf.CsrfFilter@3ac34d88, org.springframework.security.web.authentication.logout.LogoutFilter@3fb31b11, org.springframework.security.web.authentication.UsernamePasswordAuthenticationFilter@50b2a94e, org.springframework.security.web.savedrequest.RequestCacheAwareFilter@15144c74, org.springframework.security.web.servletapi.SecurityContextHolderAwareRequestFilter@616d3e8e, org.springframework.security.web.authentication.rememberme.RememberMeAuthenticationFilter@77fe5bda, org.springframework.security.web.authentication.AnonymousAuthenticationFilter@34e2f715, org.springframework.security.web.access.ExceptionTranslationFilter@76a045b5, org.springframework.security.web.access.intercept.AuthorizationFilter@6251a1]
2023-11-27T20:13:41.211+08:00  WARN 41372 --- [restartedMain] o.s.s.c.a.web.builders.WebSecurity       : You are asking Spring Security to ignore Mvc [pattern='/images/**']. This is not recommended -- please use permitAll via HttpSecurity#authorizeHttpRequests instead.
2023-11-27T20:13:41.211+08:00  INFO 41372 --- [restartedMain] o.s.s.web.DefaultSecurityFilterChain     : Will not secure Mvc [pattern='/images/**']
2023-11-27T20:13:41.211+08:00  WARN 41372 --- [restartedMain] o.s.s.c.a.web.builders.WebSecurity       : You are asking Spring Security to ignore Mvc [pattern='/js/**']. This is not recommended -- please use permitAll via HttpSecurity#authorizeHttpRequests instead.
2023-11-27T20:13:41.211+08:00  INFO 41372 --- [restartedMain] o.s.s.web.DefaultSecurityFilterChain     : Will not secure Mvc [pattern='/js/**']
2023-11-27T20:13:41.211+08:00  WARN 41372 --- [restartedMain] o.s.s.c.a.web.builders.WebSecurity       : You are asking Spring Security to ignore Mvc [pattern='/webjars/**']. This is not recommended -- please use permitAll via HttpSecurity#authorizeHttpRequests instead.
2023-11-27T20:13:41.211+08:00  INFO 41372 --- [restartedMain] o.s.s.web.DefaultSecurityFilterChain     : Will not secure Mvc [pattern='/webjars/**']
2023-11-27T20:13:41.214+08:00  INFO 41372 --- [restartedMain] o.s.b.d.a.OptionalLiveReloadServer       : LiveReload server is running on port 35729
2023-11-27T20:13:41.220+08:00  INFO 41372 --- [restartedMain] o.s.b.w.embedded.tomcat.TomcatWebServer  : Tomcat started on port(s): 8080 (http) with context path '/ShopmeAdmin'
2023-11-27T20:13:41.222+08:00  INFO 41372 --- [restartedMain] c.shopme.admin.ShopmeBackEndApplication  : Started ShopmeBackEndApplication in 0.389 seconds (process running for 774.297)
2023-11-27T20:13:41.223+08:00  INFO 41372 --- [restartedMain] .ConditionEvaluationDeltaLoggingListener : Condition evaluation unchanged
2023-11-27T20:36:48.393+08:00  INFO 41372 --- [File Watcher] rtingClassPathChangeChangedEventListener : Restarting due to 1 class path change (0 additions, 0 deletions, 1 modification)
2023-11-27T20:36:48.395+08:00  INFO 41372 --- [Thread-23] o.apache.catalina.core.StandardService   : Stopping service [Tomcat]
2023-11-27T20:36:48.397+08:00  INFO 41372 --- [Thread-23] j.LocalContainerEntityManagerFactoryBean : Closing JPA EntityManagerFactory for persistence unit 'default'
2023-11-27T20:36:48.397+08:00  INFO 41372 --- [Thread-23] com.zaxxer.hikari.HikariDataSource       : HikariPool-6 - Shutdown initiated...
2023-11-27T20:36:48.493+08:00  INFO 41372 --- [Thread-23] com.zaxxer.hikari.HikariDataSource       : HikariPool-6 - Shutdown completed.
2023-11-27T20:36:48.537+08:00  INFO 41372 --- [restartedMain] c.shopme.admin.ShopmeBackEndApplication  : Starting ShopmeBackEndApplication using Java 17.0.9 with PID 41372 (/Users/johnli/Documents/workspace_spring/ShopmeProject/ShopmeWebParent/ShopmeBackEnd/target/classes started by johnli in /Users/johnli/Documents/workspace_spring/ShopmeProject/ShopmeWebParent/ShopmeBackEnd)
2023-11-27T20:36:48.537+08:00  INFO 41372 --- [restartedMain] c.shopme.admin.ShopmeBackEndApplication  : No active profile set, falling back to 1 default profile: "default"
2023-11-27T20:36:48.586+08:00  INFO 41372 --- [restartedMain] .s.d.r.c.RepositoryConfigurationDelegate : Bootstrapping Spring Data JPA repositories in DEFAULT mode.
2023-11-27T20:36:48.589+08:00  INFO 41372 --- [restartedMain] .s.d.r.c.RepositoryConfigurationDelegate : Finished Spring Data repository scanning in 2 ms. Found 2 JPA repository interfaces.
2023-11-27T20:36:48.629+08:00  INFO 41372 --- [restartedMain] o.s.b.w.embedded.tomcat.TomcatWebServer  : Tomcat initialized with port(s): 8080 (http)
2023-11-27T20:36:48.629+08:00  INFO 41372 --- [restartedMain] o.apache.catalina.core.StandardService   : Starting service [Tomcat]
2023-11-27T20:36:48.629+08:00  INFO 41372 --- [restartedMain] o.apache.catalina.core.StandardEngine    : Starting Servlet engine: [Apache Tomcat/10.1.15]
2023-11-27T20:36:48.633+08:00  INFO 41372 --- [restartedMain] o.a.c.c.C.[.[localhost].[/ShopmeAdmin]   : Initializing Spring embedded WebApplicationContext
2023-11-27T20:36:48.633+08:00  INFO 41372 --- [restartedMain] w.s.c.ServletWebServerApplicationContext : Root WebApplicationContext: initialization completed in 96 ms
2023-11-27T20:36:48.649+08:00  INFO 41372 --- [restartedMain] o.hibernate.jpa.internal.util.LogHelper  : HHH000204: Processing PersistenceUnitInfo [name: default]
2023-11-27T20:36:48.652+08:00  INFO 41372 --- [restartedMain] o.s.o.j.p.SpringPersistenceUnitInfo      : No LoadTimeWeaver setup: ignoring JPA class transformer
2023-11-27T20:36:48.652+08:00  INFO 41372 --- [restartedMain] com.zaxxer.hikari.HikariDataSource       : HikariPool-7 - Starting...
2023-11-27T20:36:48.703+08:00  INFO 41372 --- [restartedMain] com.zaxxer.hikari.pool.HikariPool        : HikariPool-7 - Added connection com.mysql.cj.jdbc.ConnectionImpl@1b504d05
2023-11-27T20:36:48.703+08:00  INFO 41372 --- [restartedMain] com.zaxxer.hikari.HikariDataSource       : HikariPool-7 - Start completed.
2023-11-27T20:36:48.703+08:00  WARN 41372 --- [restartedMain] org.hibernate.orm.deprecation            : HHH90000025: MySQL8Dialect does not need to be specified explicitly using 'hibernate.dialect' (remove the property setting and it will be selected by default)
2023-11-27T20:36:48.703+08:00  WARN 41372 --- [restartedMain] org.hibernate.orm.deprecation            : HHH90000026: MySQL8Dialect has been deprecated; use org.hibernate.dialect.MySQLDialect instead
2023-11-27T20:36:48.718+08:00  INFO 41372 --- [restartedMain] o.h.e.t.j.p.i.JtaPlatformInitiator       : HHH000489: No JTA platform available (set 'hibernate.transaction.jta.platform' to enable JTA platform integration)
2023-11-27T20:36:48.786+08:00  INFO 41372 --- [restartedMain] j.LocalContainerEntityManagerFactoryBean : Initialized JPA EntityManagerFactory for persistence unit 'default'
2023-11-27T20:36:48.822+08:00  WARN 41372 --- [restartedMain] JpaBaseConfiguration$JpaWebConfiguration : spring.jpa.open-in-view is enabled by default. Therefore, database queries may be performed during view rendering. Explicitly configure spring.jpa.open-in-view to disable this warning
2023-11-27T20:36:48.831+08:00  INFO 41372 --- [restartedMain] o.s.b.a.w.s.WelcomePageHandlerMapping    : Adding welcome page template: index
2023-11-27T20:36:48.932+08:00  INFO 41372 --- [restartedMain] o.s.s.web.DefaultSecurityFilterChain     : Will secure any request with [org.springframework.security.web.session.DisableEncodeUrlFilter@3d96523, org.springframework.security.web.context.request.async.WebAsyncManagerIntegrationFilter@471a13a7, org.springframework.security.web.context.SecurityContextHolderFilter@3d46e3de, org.springframework.security.web.header.HeaderWriterFilter@2847ba59, org.springframework.security.web.csrf.CsrfFilter@2f8b7430, org.springframework.security.web.authentication.logout.LogoutFilter@6f05f1a, org.springframework.security.web.authentication.UsernamePasswordAuthenticationFilter@3f5fa91b, org.springframework.security.web.savedrequest.RequestCacheAwareFilter@49982ab2, org.springframework.security.web.servletapi.SecurityContextHolderAwareRequestFilter@1922e15c, org.springframework.security.web.authentication.rememberme.RememberMeAuthenticationFilter@27d6179f, org.springframework.security.web.authentication.AnonymousAuthenticationFilter@5cf7d2e, org.springframework.security.web.access.ExceptionTranslationFilter@18690075, org.springframework.security.web.access.intercept.AuthorizationFilter@188b919e]
2023-11-27T20:36:48.976+08:00  WARN 41372 --- [restartedMain] o.s.s.c.a.web.builders.WebSecurity       : You are asking Spring Security to ignore Mvc [pattern='/images/**']. This is not recommended -- please use permitAll via HttpSecurity#authorizeHttpRequests instead.
2023-11-27T20:36:48.976+08:00  INFO 41372 --- [restartedMain] o.s.s.web.DefaultSecurityFilterChain     : Will not secure Mvc [pattern='/images/**']
2023-11-27T20:36:48.976+08:00  WARN 41372 --- [restartedMain] o.s.s.c.a.web.builders.WebSecurity       : You are asking Spring Security to ignore Mvc [pattern='/js/**']. This is not recommended -- please use permitAll via HttpSecurity#authorizeHttpRequests instead.
2023-11-27T20:36:48.976+08:00  INFO 41372 --- [restartedMain] o.s.s.web.DefaultSecurityFilterChain     : Will not secure Mvc [pattern='/js/**']
2023-11-27T20:36:48.977+08:00  WARN 41372 --- [restartedMain] o.s.s.c.a.web.builders.WebSecurity       : You are asking Spring Security to ignore Mvc [pattern='/webjars/**']. This is not recommended -- please use permitAll via HttpSecurity#authorizeHttpRequests instead.
2023-11-27T20:36:48.977+08:00  INFO 41372 --- [restartedMain] o.s.s.web.DefaultSecurityFilterChain     : Will not secure Mvc [pattern='/webjars/**']
2023-11-27T20:36:48.982+08:00  INFO 41372 --- [restartedMain] o.s.b.d.a.OptionalLiveReloadServer       : LiveReload server is running on port 35729
2023-11-27T20:36:48.988+08:00  INFO 41372 --- [restartedMain] o.s.b.w.embedded.tomcat.TomcatWebServer  : Tomcat started on port(s): 8080 (http) with context path '/ShopmeAdmin'
2023-11-27T20:36:48.990+08:00  INFO 41372 --- [restartedMain] c.shopme.admin.ShopmeBackEndApplication  : Started ShopmeBackEndApplication in 0.464 seconds (process running for 2162.04)
2023-11-27T20:36:48.990+08:00  INFO 41372 --- [restartedMain] .ConditionEvaluationDeltaLoggingListener : Condition evaluation unchanged
2023-11-27T20:48:18.666+08:00  WARN 41372 --- [HikariPool-7 housekeeper] com.zaxxer.hikari.pool.HikariPool        : HikariPool-7 - Retrograde clock change detected (housekeeper delta=29s785ms), soft-evicting connections from pool.
2023-11-27T21:50:42.601+08:00  WARN 41372 --- [HikariPool-7 housekeeper] com.zaxxer.hikari.pool.HikariPool        : HikariPool-7 - Thread starvation or clock leap detected (housekeeper delta=15m50s660ms).
2023-11-27T22:08:19.818+08:00  WARN 41372 --- [HikariPool-7 housekeeper] com.zaxxer.hikari.pool.HikariPool        : HikariPool-7 - Thread starvation or clock leap detected (housekeeper delta=16m7s203ms).
2023-11-27T22:26:26.761+08:00  WARN 41372 --- [HikariPool-7 housekeeper] com.zaxxer.hikari.pool.HikariPool        : HikariPool-7 - Thread starvation or clock leap detected (housekeeper delta=16m6s928ms).
2023-11-27T22:46:33.581+08:00  WARN 41372 --- [HikariPool-7 housekeeper] com.zaxxer.hikari.pool.HikariPool        : HikariPool-7 - Thread starvation or clock leap detected (housekeeper delta=16m6s768ms).
2023-11-27T23:03:52.701+08:00  WARN 41372 --- [HikariPool-7 housekeeper] com.zaxxer.hikari.pool.HikariPool        : HikariPool-7 - Thread starvation or clock leap detected (housekeeper delta=15m49s102ms).
2023-11-27T23:21:59.525+08:00  WARN 41372 --- [HikariPool-7 housekeeper] com.zaxxer.hikari.pool.HikariPool        : HikariPool-7 - Thread starvation or clock leap detected (housekeeper delta=16m6s819ms).
2023-11-27T23:30:11.462+08:00  WARN 41372 --- [HikariPool-7 housekeeper] com.zaxxer.hikari.pool.HikariPool        : HikariPool-7 - Thread starvation or clock leap detected (housekeeper delta=4m11s879ms).
2023-11-27T23:50:18.778+08:00  WARN 41372 --- [HikariPool-7 housekeeper] com.zaxxer.hikari.pool.HikariPool        : HikariPool-7 - Thread starvation or clock leap detected (housekeeper delta=16m7s249ms).
