2024-01-27T15:26:19.158+08:00  INFO 25493 --- [restartedMain] c.shopme.admin.ShopmeBackEndApplication  : Starting ShopmeBackEndApplication using Java 17.0.8.1 with PID 25493 (/Users/johnli/Documents/new_ecommerce/ecommercesitewithspring/ShopmeProject/ShopmeWebParent/ShopmeBackEnd/target/classes started by johnli in /Users/johnli/Documents/new_ecommerce/ecommercesitewithspring/ShopmeProject/ShopmeWebParent/ShopmeBackEnd)
2024-01-27T15:26:19.160+08:00  INFO 25493 --- [restartedMain] c.shopme.admin.ShopmeBackEndApplication  : No active profile set, falling back to 1 default profile: "default"
2024-01-27T15:26:19.178+08:00  INFO 25493 --- [restartedMain] .e.DevToolsPropertyDefaultsPostProcessor : Devtools property defaults active! Set 'spring.devtools.add-properties' to 'false' to disable
2024-01-27T15:26:19.178+08:00  INFO 25493 --- [restartedMain] .e.DevToolsPropertyDefaultsPostProcessor : For additional web related logging consider setting the 'logging.level.web' property to 'DEBUG'
2024-01-27T15:26:19.422+08:00  INFO 25493 --- [restartedMain] .s.d.r.c.RepositoryConfigurationDelegate : Bootstrapping Spring Data JPA repositories in DEFAULT mode.
2024-01-27T15:26:19.456+08:00  INFO 25493 --- [restartedMain] .s.d.r.c.RepositoryConfigurationDelegate : Finished Spring Data repository scanning in 31 ms. Found 11 JPA repository interfaces.
2024-01-27T15:26:19.779+08:00  INFO 25493 --- [restartedMain] o.s.b.w.embedded.tomcat.TomcatWebServer  : Tomcat initialized with port(s): 8080 (http)
2024-01-27T15:26:19.782+08:00  INFO 25493 --- [restartedMain] o.apache.catalina.core.StandardService   : Starting service [Tomcat]
2024-01-27T15:26:19.782+08:00  INFO 25493 --- [restartedMain] o.apache.catalina.core.StandardEngine    : Starting Servlet engine: [Apache Tomcat/10.1.15]
2024-01-27T15:26:19.804+08:00  INFO 25493 --- [restartedMain] o.a.c.c.C.[.[localhost].[/ShopmeAdmin]   : Initializing Spring embedded WebApplicationContext
2024-01-27T15:26:19.805+08:00  INFO 25493 --- [restartedMain] w.s.c.ServletWebServerApplicationContext : Root WebApplicationContext: initialization completed in 625 ms
2024-01-27T15:26:19.866+08:00  INFO 25493 --- [restartedMain] o.hibernate.jpa.internal.util.LogHelper  : HHH000204: Processing PersistenceUnitInfo [name: default]
2024-01-27T15:26:19.883+08:00  INFO 25493 --- [restartedMain] org.hibernate.Version                    : HHH000412: Hibernate ORM core version 6.2.13.Final
2024-01-27T15:26:19.884+08:00  INFO 25493 --- [restartedMain] org.hibernate.cfg.Environment            : HHH000406: Using bytecode reflection optimizer
2024-01-27T15:26:19.982+08:00  INFO 25493 --- [restartedMain] o.s.o.j.p.SpringPersistenceUnitInfo      : No LoadTimeWeaver setup: ignoring JPA class transformer
2024-01-27T15:26:19.991+08:00  INFO 25493 --- [restartedMain] com.zaxxer.hikari.HikariDataSource       : HikariPool-1 - Starting...
2024-01-27T15:26:20.170+08:00  INFO 25493 --- [restartedMain] com.zaxxer.hikari.pool.HikariPool        : HikariPool-1 - Added connection com.mysql.cj.jdbc.ConnectionImpl@696f5e38
2024-01-27T15:26:20.171+08:00  INFO 25493 --- [restartedMain] com.zaxxer.hikari.HikariDataSource       : HikariPool-1 - Start completed.
2024-01-27T15:26:20.198+08:00  WARN 25493 --- [restartedMain] org.hibernate.orm.deprecation            : HHH90000025: MySQL8Dialect does not need to be specified explicitly using 'hibernate.dialect' (remove the property setting and it will be selected by default)
2024-01-27T15:26:20.198+08:00  WARN 25493 --- [restartedMain] org.hibernate.orm.deprecation            : HHH90000026: MySQL8Dialect has been deprecated; use org.hibernate.dialect.MySQLDialect instead
2024-01-27T15:26:20.708+08:00  INFO 25493 --- [restartedMain] o.h.e.t.j.p.i.JtaPlatformInitiator       : HHH000489: No JTA platform available (set 'hibernate.transaction.jta.platform' to enable JTA platform integration)
2024-01-27T15:26:21.152+08:00  INFO 25493 --- [restartedMain] j.LocalContainerEntityManagerFactoryBean : Initialized JPA EntityManagerFactory for persistence unit 'default'
2024-01-27T15:26:21.282+08:00  INFO 25493 --- [restartedMain] o.s.d.j.r.query.QueryEnhancerFactory     : Hibernate is in classpath; If applicable, HQL parser will be used.
2024-01-27T15:26:21.604+08:00  WARN 25493 --- [restartedMain] JpaBaseConfiguration$JpaWebConfiguration : spring.jpa.open-in-view is enabled by default. Therefore, database queries may be performed during view rendering. Explicitly configure spring.jpa.open-in-view to disable this warning
2024-01-27T15:26:21.640+08:00  INFO 25493 --- [restartedMain] o.s.b.a.w.s.WelcomePageHandlerMapping    : Adding welcome page template: index
2024-01-27T15:26:21.932+08:00  INFO 25493 --- [restartedMain] o.s.s.web.DefaultSecurityFilterChain     : Will secure any request with [org.springframework.security.web.session.DisableEncodeUrlFilter@1d04b35e, org.springframework.security.web.context.request.async.WebAsyncManagerIntegrationFilter@2d47dcd0, org.springframework.security.web.context.SecurityContextHolderFilter@757b5177, org.springframework.security.web.header.HeaderWriterFilter@7bf51992, org.springframework.security.web.csrf.CsrfFilter@45a3eb16, org.springframework.security.web.authentication.logout.LogoutFilter@4430668e, org.springframework.security.web.authentication.UsernamePasswordAuthenticationFilter@312cfba2, org.springframework.security.web.savedrequest.RequestCacheAwareFilter@4e71dd73, org.springframework.security.web.servletapi.SecurityContextHolderAwareRequestFilter@4e88da3e, org.springframework.security.web.authentication.rememberme.RememberMeAuthenticationFilter@366d1161, org.springframework.security.web.authentication.AnonymousAuthenticationFilter@737f3600, org.springframework.security.web.access.ExceptionTranslationFilter@2aa64f0a, org.springframework.security.web.access.intercept.AuthorizationFilter@257f9363]
2024-01-27T15:26:22.055+08:00  WARN 25493 --- [restartedMain] o.s.s.c.a.web.builders.WebSecurity       : You are asking Spring Security to ignore Mvc [pattern='/images/**']. This is not recommended -- please use permitAll via HttpSecurity#authorizeHttpRequests instead.
2024-01-27T15:26:22.055+08:00  INFO 25493 --- [restartedMain] o.s.s.web.DefaultSecurityFilterChain     : Will not secure Mvc [pattern='/images/**']
2024-01-27T15:26:22.055+08:00  WARN 25493 --- [restartedMain] o.s.s.c.a.web.builders.WebSecurity       : You are asking Spring Security to ignore Mvc [pattern='/js/**']. This is not recommended -- please use permitAll via HttpSecurity#authorizeHttpRequests instead.
2024-01-27T15:26:22.055+08:00  INFO 25493 --- [restartedMain] o.s.s.web.DefaultSecurityFilterChain     : Will not secure Mvc [pattern='/js/**']
2024-01-27T15:26:22.055+08:00  WARN 25493 --- [restartedMain] o.s.s.c.a.web.builders.WebSecurity       : You are asking Spring Security to ignore Mvc [pattern='/webjars/**']. This is not recommended -- please use permitAll via HttpSecurity#authorizeHttpRequests instead.
2024-01-27T15:26:22.055+08:00  INFO 25493 --- [restartedMain] o.s.s.web.DefaultSecurityFilterChain     : Will not secure Mvc [pattern='/webjars/**']
2024-01-27T15:26:22.072+08:00  INFO 25493 --- [restartedMain] o.s.b.d.a.OptionalLiveReloadServer       : LiveReload server is running on port 35729
2024-01-27T15:26:22.091+08:00  INFO 25493 --- [restartedMain] o.s.b.w.embedded.tomcat.TomcatWebServer  : Tomcat started on port(s): 8080 (http) with context path '/ShopmeAdmin'
2024-01-27T15:26:22.095+08:00  INFO 25493 --- [restartedMain] c.shopme.admin.ShopmeBackEndApplication  : Started ShopmeBackEndApplication in 3.091 seconds (process running for 3.448)
2024-01-27T15:26:43.276+08:00  INFO 25493 --- [http-nio-8080-exec-1] o.a.c.c.C.[.[localhost].[/ShopmeAdmin]   : Initializing Spring DispatcherServlet 'dispatcherServlet'
2024-01-27T15:26:43.276+08:00  INFO 25493 --- [http-nio-8080-exec-1] o.s.web.servlet.DispatcherServlet        : Initializing Servlet 'dispatcherServlet'
2024-01-27T15:26:43.277+08:00  INFO 25493 --- [http-nio-8080-exec-1] o.s.web.servlet.DispatcherServlet        : Completed initialization in 1 ms
2024-01-27T15:27:53.661+08:00  WARN 25493 --- [http-nio-8080-exec-3] actStandardFragmentInsertionTagProcessor : [THYMELEAF][http-nio-8080-exec-3][index] Deprecated unwrapped fragment expression "fragments :: page_head('Shopme -- Admin Panel', 'none')" found in template index, line 5, col 7. Please use the complete syntax of fragment expressions instead ("~{fragments :: page_head('Shopme -- Admin Panel', 'none')}"). The old, unwrapped syntax for fragment expressions will be removed in future versions of Thymeleaf.
2024-01-27T15:27:53.670+08:00  WARN 25493 --- [http-nio-8080-exec-3] actStandardFragmentInsertionTagProcessor : [THYMELEAF][http-nio-8080-exec-3][index] Deprecated unwrapped fragment expression "navigation :: menu" found in template index, line 11, col 8. Please use the complete syntax of fragment expressions instead ("~{navigation :: menu}"). The old, unwrapped syntax for fragment expressions will be removed in future versions of Thymeleaf.
2024-01-27T15:27:53.683+08:00  WARN 25493 --- [http-nio-8080-exec-3] actStandardFragmentInsertionTagProcessor : [THYMELEAF][http-nio-8080-exec-3][index] Deprecated unwrapped fragment expression "fragments :: footer" found in template index, line 22, col 7. Please use the complete syntax of fragment expressions instead ("~{fragments :: footer}"). The old, unwrapped syntax for fragment expressions will be removed in future versions of Thymeleaf.
2024-01-27T15:27:56.566+08:00  WARN 25493 --- [http-nio-8080-exec-4] actStandardFragmentInsertionTagProcessor : [THYMELEAF][http-nio-8080-exec-4][categories/categories] Deprecated unwrapped fragment expression "fragments :: page_head('Shopme -- Categories Managment ?? ', 'none')" found in template categories/categories, line 4, col 7. Please use the complete syntax of fragment expressions instead ("~{fragments :: page_head('Shopme -- Categories Managment ?? ', 'none')}"). The old, unwrapped syntax for fragment expressions will be removed in future versions of Thymeleaf.
2024-01-27T15:27:56.569+08:00  WARN 25493 --- [http-nio-8080-exec-4] actStandardFragmentInsertionTagProcessor : [THYMELEAF][http-nio-8080-exec-4][categories/categories] Deprecated unwrapped fragment expression "navigation :: menu" found in template categories/categories, line 9, col 8. Please use the complete syntax of fragment expressions instead ("~{navigation :: menu}"). The old, unwrapped syntax for fragment expressions will be removed in future versions of Thymeleaf.
2024-01-27T15:27:56.579+08:00  WARN 25493 --- [http-nio-8080-exec-4] actStandardFragmentInsertionTagProcessor : [THYMELEAF][http-nio-8080-exec-4][categories/categories] Deprecated unwrapped fragment expression "fragments :: search_form('/categories/page/1')" found in template categories/categories, line 21, col 8. Please use the complete syntax of fragment expressions instead ("~{fragments :: search_form('/categories/page/1')}"). The old, unwrapped syntax for fragment expressions will be removed in future versions of Thymeleaf.
2024-01-27T15:27:56.722+08:00  WARN 25493 --- [http-nio-8080-exec-4] actStandardFragmentInsertionTagProcessor : [THYMELEAF][http-nio-8080-exec-4][categories/categories] Deprecated unwrapped fragment expression "fragments :: pagenation('/categories', 'top-level categories')" found in template categories/categories, line 108, col 9. Please use the complete syntax of fragment expressions instead ("~{fragments :: pagenation('/categories', 'top-level categories')}"). The old, unwrapped syntax for fragment expressions will be removed in future versions of Thymeleaf.
2024-01-27T15:27:56.732+08:00  WARN 25493 --- [http-nio-8080-exec-4] actStandardFragmentInsertionTagProcessor : [THYMELEAF][http-nio-8080-exec-4][categories/categories] Deprecated unwrapped fragment expression "modal_fragments :: modal_dialog" found in template categories/categories, line 129, col 9. Please use the complete syntax of fragment expressions instead ("~{modal_fragments :: modal_dialog}"). The old, unwrapped syntax for fragment expressions will be removed in future versions of Thymeleaf.
2024-01-27T15:27:56.734+08:00  WARN 25493 --- [http-nio-8080-exec-4] actStandardFragmentInsertionTagProcessor : [THYMELEAF][http-nio-8080-exec-4][categories/categories] Deprecated unwrapped fragment expression "fragments :: footer" found in template categories/categories, line 130, col 9. Please use the complete syntax of fragment expressions instead ("~{fragments :: footer}"). The old, unwrapped syntax for fragment expressions will be removed in future versions of Thymeleaf.
2024-01-27T15:28:03.766+08:00  WARN 25493 --- [http-nio-8080-exec-2] actStandardFragmentInsertionTagProcessor : [THYMELEAF][http-nio-8080-exec-2][categories/category_form] Deprecated unwrapped fragment expression "fragments :: page_head(${pageTitle}, 'none')" found in template categories/category_form, line 4, col 7. Please use the complete syntax of fragment expressions instead ("~{fragments :: page_head(${pageTitle}, 'none')}"). The old, unwrapped syntax for fragment expressions will be removed in future versions of Thymeleaf.
2024-01-27T15:28:03.767+08:00  WARN 25493 --- [http-nio-8080-exec-2] actStandardFragmentInsertionTagProcessor : [THYMELEAF][http-nio-8080-exec-2][categories/category_form] Deprecated unwrapped fragment expression "navigation :: menu" found in template categories/category_form, line 10, col 8. Please use the complete syntax of fragment expressions instead ("~{navigation :: menu}"). The old, unwrapped syntax for fragment expressions will be removed in future versions of Thymeleaf.
2024-01-27T15:28:03.781+08:00  WARN 25493 --- [http-nio-8080-exec-2] actStandardFragmentInsertionTagProcessor : [THYMELEAF][http-nio-8080-exec-2][categories/category_form] Deprecated unwrapped fragment expression "modal_fragments :: modal_dialog" found in template categories/category_form, line 76, col 7. Please use the complete syntax of fragment expressions instead ("~{modal_fragments :: modal_dialog}"). The old, unwrapped syntax for fragment expressions will be removed in future versions of Thymeleaf.
2024-01-27T15:28:03.782+08:00  WARN 25493 --- [http-nio-8080-exec-2] actStandardFragmentInsertionTagProcessor : [THYMELEAF][http-nio-8080-exec-2][categories/category_form] Deprecated unwrapped fragment expression "fragments :: footer" found in template categories/category_form, line 78, col 7. Please use the complete syntax of fragment expressions instead ("~{fragments :: footer}"). The old, unwrapped syntax for fragment expressions will be removed in future versions of Thymeleaf.
2024-01-27T15:30:39.423+08:00  INFO 25493 --- [RMI TCP Connection(14)-127.0.0.1] inMXBeanRegistrar$SpringApplicationAdmin : Application shutdown requested.
2024-01-27T15:30:39.425+08:00  INFO 25493 --- [RMI TCP Connection(14)-127.0.0.1] o.apache.catalina.core.StandardService   : Stopping service [Tomcat]
2024-01-27T15:30:39.426+08:00  INFO 25493 --- [RMI TCP Connection(14)-127.0.0.1] o.a.c.c.C.[.[localhost].[/ShopmeAdmin]   : Destroying Spring FrameworkServlet 'dispatcherServlet'
2024-01-27T15:30:39.430+08:00  WARN 25493 --- [RMI TCP Connection(14)-127.0.0.1] o.a.c.c.C.[.[localhost].[/ShopmeAdmin]   : Cannot serialize session attribute [SPRING_SECURITY_CONTEXT] for session [7E8BAF5E18C3F569D70213FCF417E2A2]

java.io.NotSerializableException: com.shopme.common.entity.User
	at java.base/java.io.ObjectOutputStream.writeObject0(ObjectOutputStream.java:1187) ~[na:na]
	at java.base/java.io.ObjectOutputStream.defaultWriteFields(ObjectOutputStream.java:1572) ~[na:na]
	at java.base/java.io.ObjectOutputStream.writeSerialData(ObjectOutputStream.java:1529) ~[na:na]
	at java.base/java.io.ObjectOutputStream.writeOrdinaryObject(ObjectOutputStream.java:1438) ~[na:na]
	at java.base/java.io.ObjectOutputStream.writeObject0(ObjectOutputStream.java:1181) ~[na:na]
	at java.base/java.io.ObjectOutputStream.defaultWriteFields(ObjectOutputStream.java:1572) ~[na:na]
	at java.base/java.io.ObjectOutputStream.writeSerialData(ObjectOutputStream.java:1529) ~[na:na]
	at java.base/java.io.ObjectOutputStream.writeOrdinaryObject(ObjectOutputStream.java:1438) ~[na:na]
	at java.base/java.io.ObjectOutputStream.writeObject0(ObjectOutputStream.java:1181) ~[na:na]
	at java.base/java.io.ObjectOutputStream.defaultWriteFields(ObjectOutputStream.java:1572) ~[na:na]
	at java.base/java.io.ObjectOutputStream.writeSerialData(ObjectOutputStream.java:1529) ~[na:na]
	at java.base/java.io.ObjectOutputStream.writeOrdinaryObject(ObjectOutputStream.java:1438) ~[na:na]
	at java.base/java.io.ObjectOutputStream.writeObject0(ObjectOutputStream.java:1181) ~[na:na]
	at java.base/java.io.ObjectOutputStream.writeObject(ObjectOutputStream.java:350) ~[na:na]
	at org.apache.catalina.session.StandardSession.doWriteObject(StandardSession.java:1526) ~[tomcat-embed-core-10.1.15.jar:10.1.15]
	at org.apache.catalina.session.StandardSession.writeObjectData(StandardSession.java:1000) ~[tomcat-embed-core-10.1.15.jar:10.1.15]
	at org.apache.catalina.session.StandardManager.doUnload(StandardManager.java:307) ~[tomcat-embed-core-10.1.15.jar:10.1.15]
	at org.apache.catalina.session.StandardManager.unload(StandardManager.java:259) ~[tomcat-embed-core-10.1.15.jar:10.1.15]
	at org.apache.catalina.session.StandardManager.stopInternal(StandardManager.java:374) ~[tomcat-embed-core-10.1.15.jar:10.1.15]
	at org.apache.catalina.util.LifecycleBase.stop(LifecycleBase.java:242) ~[tomcat-embed-core-10.1.15.jar:10.1.15]
	at org.apache.catalina.core.StandardContext.stopInternal(StandardContext.java:5089) ~[tomcat-embed-core-10.1.15.jar:10.1.15]
	at org.apache.catalina.util.LifecycleBase.stop(LifecycleBase.java:242) ~[tomcat-embed-core-10.1.15.jar:10.1.15]
	at org.apache.catalina.core.ContainerBase$StopChild.call(ContainerBase.java:1348) ~[tomcat-embed-core-10.1.15.jar:10.1.15]
	at org.apache.catalina.core.ContainerBase$StopChild.call(ContainerBase.java:1337) ~[tomcat-embed-core-10.1.15.jar:10.1.15]
	at java.base/java.util.concurrent.FutureTask.run(FutureTask.java:264) ~[na:na]
	at org.apache.tomcat.util.threads.InlineExecutorService.execute(InlineExecutorService.java:75) ~[tomcat-embed-core-10.1.15.jar:10.1.15]
	at java.base/java.util.concurrent.AbstractExecutorService.submit(AbstractExecutorService.java:145) ~[na:na]
	at org.apache.catalina.core.ContainerBase.stopInternal(ContainerBase.java:931) ~[tomcat-embed-core-10.1.15.jar:10.1.15]
	at org.apache.catalina.util.LifecycleBase.stop(LifecycleBase.java:242) ~[tomcat-embed-core-10.1.15.jar:10.1.15]
	at org.apache.catalina.core.ContainerBase$StopChild.call(ContainerBase.java:1348) ~[tomcat-embed-core-10.1.15.jar:10.1.15]
	at org.apache.catalina.core.ContainerBase$StopChild.call(ContainerBase.java:1337) ~[tomcat-embed-core-10.1.15.jar:10.1.15]
	at java.base/java.util.concurrent.FutureTask.run(FutureTask.java:264) ~[na:na]
	at org.apache.tomcat.util.threads.InlineExecutorService.execute(InlineExecutorService.java:75) ~[tomcat-embed-core-10.1.15.jar:10.1.15]
	at java.base/java.util.concurrent.AbstractExecutorService.submit(AbstractExecutorService.java:145) ~[na:na]
	at org.apache.catalina.core.ContainerBase.stopInternal(ContainerBase.java:931) ~[tomcat-embed-core-10.1.15.jar:10.1.15]
	at org.apache.catalina.util.LifecycleBase.stop(LifecycleBase.java:242) ~[tomcat-embed-core-10.1.15.jar:10.1.15]
	at org.apache.catalina.core.StandardService.stopInternal(StandardService.java:496) ~[tomcat-embed-core-10.1.15.jar:10.1.15]
	at org.apache.catalina.util.LifecycleBase.stop(LifecycleBase.java:242) ~[tomcat-embed-core-10.1.15.jar:10.1.15]
	at org.apache.catalina.core.StandardServer.stopInternal(StandardServer.java:969) ~[tomcat-embed-core-10.1.15.jar:10.1.15]
	at org.apache.catalina.util.LifecycleBase.stop(LifecycleBase.java:242) ~[tomcat-embed-core-10.1.15.jar:10.1.15]
	at org.apache.catalina.startup.Tomcat.stop(Tomcat.java:498) ~[tomcat-embed-core-10.1.15.jar:10.1.15]
	at org.springframework.boot.web.embedded.tomcat.TomcatWebServer.stopTomcat(TomcatWebServer.java:273) ~[spring-boot-3.1.5.jar:3.1.5]
	at org.springframework.boot.web.embedded.tomcat.TomcatWebServer.stop(TomcatWebServer.java:331) ~[spring-boot-3.1.5.jar:3.1.5]
	at org.springframework.boot.web.servlet.context.WebServerStartStopLifecycle.stop(WebServerStartStopLifecycle.java:53) ~[spring-boot-3.1.5.jar:3.1.5]
	at org.springframework.context.SmartLifecycle.stop(SmartLifecycle.java:117) ~[spring-context-6.0.13.jar:6.0.13]
	at org.springframework.context.support.DefaultLifecycleProcessor.doStop(DefaultLifecycleProcessor.java:235) ~[spring-context-6.0.13.jar:6.0.13]
	at org.springframework.context.support.DefaultLifecycleProcessor$LifecycleGroup.stop(DefaultLifecycleProcessor.java:374) ~[spring-context-6.0.13.jar:6.0.13]
	at org.springframework.context.support.DefaultLifecycleProcessor.stopBeans(DefaultLifecycleProcessor.java:207) ~[spring-context-6.0.13.jar:6.0.13]
	at org.springframework.context.support.DefaultLifecycleProcessor.onClose(DefaultLifecycleProcessor.java:130) ~[spring-context-6.0.13.jar:6.0.13]
	at org.springframework.context.support.AbstractApplicationContext.doClose(AbstractApplicationContext.java:1076) ~[spring-context-6.0.13.jar:6.0.13]
	at org.springframework.boot.web.servlet.context.ServletWebServerApplicationContext.doClose(ServletWebServerApplicationContext.java:173) ~[spring-boot-3.1.5.jar:3.1.5]
	at org.springframework.context.support.AbstractApplicationContext.close(AbstractApplicationContext.java:1035) ~[spring-context-6.0.13.jar:6.0.13]
	at org.springframework.boot.admin.SpringApplicationAdminMXBeanRegistrar$SpringApplicationAdmin.shutdown(SpringApplicationAdminMXBeanRegistrar.java:160) ~[spring-boot-3.1.5.jar:3.1.5]
	at java.base/jdk.internal.reflect.NativeMethodAccessorImpl.invoke0(Native Method) ~[na:na]
	at java.base/jdk.internal.reflect.NativeMethodAccessorImpl.invoke(NativeMethodAccessorImpl.java:77) ~[na:na]
	at java.base/jdk.internal.reflect.DelegatingMethodAccessorImpl.invoke(DelegatingMethodAccessorImpl.java:43) ~[na:na]
	at java.base/java.lang.reflect.Method.invoke(Method.java:568) ~[na:na]
	at sun.reflect.misc.Trampoline.invoke(MethodUtil.java:72) ~[na:na]
	at jdk.internal.reflect.GeneratedMethodAccessor46.invoke(Unknown Source) ~[na:na]
	at java.base/jdk.internal.reflect.DelegatingMethodAccessorImpl.invoke(DelegatingMethodAccessorImpl.java:43) ~[na:na]
	at java.base/java.lang.reflect.Method.invoke(Method.java:568) ~[na:na]
	at java.base/sun.reflect.misc.MethodUtil.invoke(MethodUtil.java:262) ~[na:na]
	at java.management/com.sun.jmx.mbeanserver.ConvertingMethod.invokeWithOpenReturn(ConvertingMethod.java:193) ~[na:na]
	at java.management/com.sun.jmx.mbeanserver.ConvertingMethod.invokeWithOpenReturn(ConvertingMethod.java:175) ~[na:na]
	at java.management/com.sun.jmx.mbeanserver.MXBeanIntrospector.invokeM2(MXBeanIntrospector.java:117) ~[na:na]
	at java.management/com.sun.jmx.mbeanserver.MXBeanIntrospector.invokeM2(MXBeanIntrospector.java:54) ~[na:na]
	at java.management/com.sun.jmx.mbeanserver.MBeanIntrospector.invokeM(MBeanIntrospector.java:237) ~[na:na]
	at java.management/com.sun.jmx.mbeanserver.PerInterface.invoke(PerInterface.java:138) ~[na:na]
	at java.management/com.sun.jmx.mbeanserver.MBeanSupport.invoke(MBeanSupport.java:252) ~[na:na]
	at java.management/com.sun.jmx.interceptor.DefaultMBeanServerInterceptor.invoke(DefaultMBeanServerInterceptor.java:814) ~[na:na]
	at java.management/com.sun.jmx.mbeanserver.JmxMBeanServer.invoke(JmxMBeanServer.java:802) ~[na:na]
	at java.management.rmi/javax.management.remote.rmi.RMIConnectionImpl.doOperation(RMIConnectionImpl.java:1472) ~[na:na]
	at java.management.rmi/javax.management.remote.rmi.RMIConnectionImpl$PrivilegedOperation.run(RMIConnectionImpl.java:1310) ~[na:na]
	at java.management.rmi/javax.management.remote.rmi.RMIConnectionImpl.doPrivilegedOperation(RMIConnectionImpl.java:1405) ~[na:na]
	at java.management.rmi/javax.management.remote.rmi.RMIConnectionImpl.invoke(RMIConnectionImpl.java:829) ~[na:na]
	at java.base/jdk.internal.reflect.GeneratedMethodAccessor48.invoke(Unknown Source) ~[na:na]
	at java.base/jdk.internal.reflect.DelegatingMethodAccessorImpl.invoke(DelegatingMethodAccessorImpl.java:43) ~[na:na]
	at java.base/java.lang.reflect.Method.invoke(Method.java:568) ~[na:na]
	at java.rmi/sun.rmi.server.UnicastServerRef.dispatch(UnicastServerRef.java:360) ~[na:na]
	at java.rmi/sun.rmi.transport.Transport$1.run(Transport.java:200) ~[na:na]
	at java.rmi/sun.rmi.transport.Transport$1.run(Transport.java:197) ~[na:na]
	at java.base/java.security.AccessController.doPrivileged(AccessController.java:712) ~[na:na]
	at java.rmi/sun.rmi.transport.Transport.serviceCall(Transport.java:196) ~[na:na]
	at java.rmi/sun.rmi.transport.tcp.TCPTransport.handleMessages(TCPTransport.java:587) ~[na:na]
	at java.rmi/sun.rmi.transport.tcp.TCPTransport$ConnectionHandler.run0(TCPTransport.java:828) ~[na:na]
	at java.rmi/sun.rmi.transport.tcp.TCPTransport$ConnectionHandler.lambda$run$0(TCPTransport.java:705) ~[na:na]
	at java.base/java.security.AccessController.doPrivileged(AccessController.java:399) ~[na:na]
	at java.rmi/sun.rmi.transport.tcp.TCPTransport$ConnectionHandler.run(TCPTransport.java:704) ~[na:na]
	at java.base/java.util.concurrent.ThreadPoolExecutor.runWorker(ThreadPoolExecutor.java:1136) ~[na:na]
	at java.base/java.util.concurrent.ThreadPoolExecutor$Worker.run(ThreadPoolExecutor.java:635) ~[na:na]
	at java.base/java.lang.Thread.run(Thread.java:833) ~[na:na]

2024-01-27T15:30:39.437+08:00  INFO 25493 --- [RMI TCP Connection(14)-127.0.0.1] j.LocalContainerEntityManagerFactoryBean : Closing JPA EntityManagerFactory for persistence unit 'default'
2024-01-27T15:30:39.439+08:00  INFO 25493 --- [RMI TCP Connection(14)-127.0.0.1] com.zaxxer.hikari.HikariDataSource       : HikariPool-1 - Shutdown initiated...
2024-01-27T15:30:39.498+08:00  INFO 25493 --- [RMI TCP Connection(14)-127.0.0.1] com.zaxxer.hikari.HikariDataSource       : HikariPool-1 - Shutdown completed.
2024-01-27T15:30:45.317+08:00  INFO 25562 --- [restartedMain] c.shopme.admin.ShopmeBackEndApplication  : Starting ShopmeBackEndApplication using Java 17.0.8.1 with PID 25562 (/Users/johnli/Documents/new_ecommerce/ecommercesitewithspring/ShopmeProject/ShopmeWebParent/ShopmeBackEnd/target/classes started by johnli in /Users/johnli/Documents/new_ecommerce/ecommercesitewithspring/ShopmeProject/ShopmeWebParent/ShopmeBackEnd)
2024-01-27T15:30:45.320+08:00  INFO 25562 --- [restartedMain] c.shopme.admin.ShopmeBackEndApplication  : No active profile set, falling back to 1 default profile: "default"
2024-01-27T15:30:45.360+08:00  INFO 25562 --- [restartedMain] .e.DevToolsPropertyDefaultsPostProcessor : Devtools property defaults active! Set 'spring.devtools.add-properties' to 'false' to disable
2024-01-27T15:30:45.360+08:00  INFO 25562 --- [restartedMain] .e.DevToolsPropertyDefaultsPostProcessor : For additional web related logging consider setting the 'logging.level.web' property to 'DEBUG'
2024-01-27T15:30:45.804+08:00  INFO 25562 --- [restartedMain] .s.d.r.c.RepositoryConfigurationDelegate : Bootstrapping Spring Data JPA repositories in DEFAULT mode.
2024-01-27T15:30:45.877+08:00  INFO 25562 --- [restartedMain] .s.d.r.c.RepositoryConfigurationDelegate : Finished Spring Data repository scanning in 67 ms. Found 11 JPA repository interfaces.
2024-01-27T15:30:46.148+08:00  INFO 25562 --- [restartedMain] o.s.b.w.embedded.tomcat.TomcatWebServer  : Tomcat initialized with port(s): 8080 (http)
2024-01-27T15:30:46.152+08:00  INFO 25562 --- [restartedMain] o.apache.catalina.core.StandardService   : Starting service [Tomcat]
2024-01-27T15:30:46.153+08:00  INFO 25562 --- [restartedMain] o.apache.catalina.core.StandardEngine    : Starting Servlet engine: [Apache Tomcat/10.1.15]
2024-01-27T15:30:46.177+08:00  INFO 25562 --- [restartedMain] o.a.c.c.C.[.[localhost].[/ShopmeAdmin]   : Initializing Spring embedded WebApplicationContext
2024-01-27T15:30:46.178+08:00  INFO 25562 --- [restartedMain] w.s.c.ServletWebServerApplicationContext : Root WebApplicationContext: initialization completed in 816 ms
2024-01-27T15:30:46.205+08:00  WARN 25562 --- [restartedMain] o.a.c.c.C.[.[localhost].[/ShopmeAdmin]   : Cannot deserialize session attribute [SPRING_SECURITY_CONTEXT] for session [7E8BAF5E18C3F569D70213FCF417E2A2]
2024-01-27T15:30:46.258+08:00  INFO 25562 --- [restartedMain] o.hibernate.jpa.internal.util.LogHelper  : HHH000204: Processing PersistenceUnitInfo [name: default]
2024-01-27T15:30:46.297+08:00  INFO 25562 --- [restartedMain] org.hibernate.Version                    : HHH000412: Hibernate ORM core version 6.2.13.Final
2024-01-27T15:30:46.300+08:00  INFO 25562 --- [restartedMain] org.hibernate.cfg.Environment            : HHH000406: Using bytecode reflection optimizer
2024-01-27T15:30:46.443+08:00  INFO 25562 --- [restartedMain] o.s.o.j.p.SpringPersistenceUnitInfo      : No LoadTimeWeaver setup: ignoring JPA class transformer
2024-01-27T15:30:46.457+08:00  INFO 25562 --- [restartedMain] com.zaxxer.hikari.HikariDataSource       : HikariPool-1 - Starting...
2024-01-27T15:30:46.651+08:00  INFO 25562 --- [restartedMain] com.zaxxer.hikari.pool.HikariPool        : HikariPool-1 - Added connection com.mysql.cj.jdbc.ConnectionImpl@5ff615ab
2024-01-27T15:30:46.652+08:00  INFO 25562 --- [restartedMain] com.zaxxer.hikari.HikariDataSource       : HikariPool-1 - Start completed.
2024-01-27T15:30:46.683+08:00  WARN 25562 --- [restartedMain] org.hibernate.orm.deprecation            : HHH90000025: MySQL8Dialect does not need to be specified explicitly using 'hibernate.dialect' (remove the property setting and it will be selected by default)
2024-01-27T15:30:46.683+08:00  WARN 25562 --- [restartedMain] org.hibernate.orm.deprecation            : HHH90000026: MySQL8Dialect has been deprecated; use org.hibernate.dialect.MySQLDialect instead
2024-01-27T15:30:47.381+08:00  INFO 25562 --- [restartedMain] o.h.e.t.j.p.i.JtaPlatformInitiator       : HHH000489: No JTA platform available (set 'hibernate.transaction.jta.platform' to enable JTA platform integration)
2024-01-27T15:30:47.743+08:00  INFO 25562 --- [restartedMain] j.LocalContainerEntityManagerFactoryBean : Initialized JPA EntityManagerFactory for persistence unit 'default'
2024-01-27T15:30:47.914+08:00  INFO 25562 --- [restartedMain] o.s.d.j.r.query.QueryEnhancerFactory     : Hibernate is in classpath; If applicable, HQL parser will be used.
2024-01-27T15:30:48.283+08:00  WARN 25562 --- [restartedMain] JpaBaseConfiguration$JpaWebConfiguration : spring.jpa.open-in-view is enabled by default. Therefore, database queries may be performed during view rendering. Explicitly configure spring.jpa.open-in-view to disable this warning
2024-01-27T15:30:48.321+08:00  INFO 25562 --- [restartedMain] o.s.b.a.w.s.WelcomePageHandlerMapping    : Adding welcome page template: index
2024-01-27T15:30:48.606+08:00  INFO 25562 --- [restartedMain] o.s.s.web.DefaultSecurityFilterChain     : Will secure any request with [org.springframework.security.web.session.DisableEncodeUrlFilter@130a1aff, org.springframework.security.web.context.request.async.WebAsyncManagerIntegrationFilter@4c0e3f24, org.springframework.security.web.context.SecurityContextHolderFilter@4243673c, org.springframework.security.web.header.HeaderWriterFilter@2e57a30a, org.springframework.security.web.csrf.CsrfFilter@46c172a1, org.springframework.security.web.authentication.logout.LogoutFilter@55885b34, org.springframework.security.web.authentication.UsernamePasswordAuthenticationFilter@2d7f37b1, org.springframework.security.web.savedrequest.RequestCacheAwareFilter@76a3de77, org.springframework.security.web.servletapi.SecurityContextHolderAwareRequestFilter@5f680527, org.springframework.security.web.authentication.rememberme.RememberMeAuthenticationFilter@5ad5558f, org.springframework.security.web.authentication.AnonymousAuthenticationFilter@3c077207, org.springframework.security.web.access.ExceptionTranslationFilter@ab4bd81, org.springframework.security.web.access.intercept.AuthorizationFilter@72fde522]
2024-01-27T15:30:48.720+08:00  WARN 25562 --- [restartedMain] o.s.s.c.a.web.builders.WebSecurity       : You are asking Spring Security to ignore Mvc [pattern='/images/**']. This is not recommended -- please use permitAll via HttpSecurity#authorizeHttpRequests instead.
2024-01-27T15:30:48.721+08:00  INFO 25562 --- [restartedMain] o.s.s.web.DefaultSecurityFilterChain     : Will not secure Mvc [pattern='/images/**']
2024-01-27T15:30:48.721+08:00  WARN 25562 --- [restartedMain] o.s.s.c.a.web.builders.WebSecurity       : You are asking Spring Security to ignore Mvc [pattern='/js/**']. This is not recommended -- please use permitAll via HttpSecurity#authorizeHttpRequests instead.
2024-01-27T15:30:48.721+08:00  INFO 25562 --- [restartedMain] o.s.s.web.DefaultSecurityFilterChain     : Will not secure Mvc [pattern='/js/**']
2024-01-27T15:30:48.721+08:00  WARN 25562 --- [restartedMain] o.s.s.c.a.web.builders.WebSecurity       : You are asking Spring Security to ignore Mvc [pattern='/webjars/**']. This is not recommended -- please use permitAll via HttpSecurity#authorizeHttpRequests instead.
2024-01-27T15:30:48.721+08:00  INFO 25562 --- [restartedMain] o.s.s.web.DefaultSecurityFilterChain     : Will not secure Mvc [pattern='/webjars/**']
2024-01-27T15:30:48.736+08:00  INFO 25562 --- [restartedMain] o.s.b.d.a.OptionalLiveReloadServer       : LiveReload server is running on port 35729
2024-01-27T15:30:48.769+08:00  INFO 25562 --- [restartedMain] o.s.b.w.embedded.tomcat.TomcatWebServer  : Tomcat started on port(s): 8080 (http) with context path '/ShopmeAdmin'
2024-01-27T15:30:48.778+08:00  INFO 25562 --- [restartedMain] c.shopme.admin.ShopmeBackEndApplication  : Started ShopmeBackEndApplication in 3.665 seconds (process running for 4.079)
2024-01-27T15:30:54.227+08:00  INFO 25562 --- [http-nio-8080-exec-1] o.a.c.c.C.[.[localhost].[/ShopmeAdmin]   : Initializing Spring DispatcherServlet 'dispatcherServlet'
2024-01-27T15:30:54.227+08:00  INFO 25562 --- [http-nio-8080-exec-1] o.s.web.servlet.DispatcherServlet        : Initializing Servlet 'dispatcherServlet'
2024-01-27T15:30:54.228+08:00  INFO 25562 --- [http-nio-8080-exec-1] o.s.web.servlet.DispatcherServlet        : Completed initialization in 1 ms
2024-01-27T15:31:05.902+08:00  WARN 25562 --- [http-nio-8080-exec-6] actStandardFragmentInsertionTagProcessor : [THYMELEAF][http-nio-8080-exec-6][categories/category_form] Deprecated unwrapped fragment expression "fragments :: page_head(${pageTitle}, 'none')" found in template categories/category_form, line 4, col 7. Please use the complete syntax of fragment expressions instead ("~{fragments :: page_head(${pageTitle}, 'none')}"). The old, unwrapped syntax for fragment expressions will be removed in future versions of Thymeleaf.
2024-01-27T15:31:05.910+08:00  WARN 25562 --- [http-nio-8080-exec-6] actStandardFragmentInsertionTagProcessor : [THYMELEAF][http-nio-8080-exec-6][categories/category_form] Deprecated unwrapped fragment expression "navigation :: menu" found in template categories/category_form, line 10, col 8. Please use the complete syntax of fragment expressions instead ("~{navigation :: menu}"). The old, unwrapped syntax for fragment expressions will be removed in future versions of Thymeleaf.
2024-01-27T15:31:05.945+08:00  WARN 25562 --- [http-nio-8080-exec-6] actStandardFragmentInsertionTagProcessor : [THYMELEAF][http-nio-8080-exec-6][categories/category_form] Deprecated unwrapped fragment expression "modal_fragments :: modal_dialog" found in template categories/category_form, line 76, col 7. Please use the complete syntax of fragment expressions instead ("~{modal_fragments :: modal_dialog}"). The old, unwrapped syntax for fragment expressions will be removed in future versions of Thymeleaf.
2024-01-27T15:31:05.946+08:00  WARN 25562 --- [http-nio-8080-exec-6] actStandardFragmentInsertionTagProcessor : [THYMELEAF][http-nio-8080-exec-6][categories/category_form] Deprecated unwrapped fragment expression "fragments :: footer" found in template categories/category_form, line 78, col 7. Please use the complete syntax of fragment expressions instead ("~{fragments :: footer}"). The old, unwrapped syntax for fragment expressions will be removed in future versions of Thymeleaf.
2024-01-27T15:31:08.153+08:00  WARN 25562 --- [http-nio-8080-exec-7] actStandardFragmentInsertionTagProcessor : [THYMELEAF][http-nio-8080-exec-7][categories/categories] Deprecated unwrapped fragment expression "fragments :: page_head('Shopme -- Categories Managment ?? ', 'none')" found in template categories/categories, line 4, col 7. Please use the complete syntax of fragment expressions instead ("~{fragments :: page_head('Shopme -- Categories Managment ?? ', 'none')}"). The old, unwrapped syntax for fragment expressions will be removed in future versions of Thymeleaf.
2024-01-27T15:31:08.160+08:00  WARN 25562 --- [http-nio-8080-exec-7] actStandardFragmentInsertionTagProcessor : [THYMELEAF][http-nio-8080-exec-7][categories/categories] Deprecated unwrapped fragment expression "navigation :: menu" found in template categories/categories, line 9, col 8. Please use the complete syntax of fragment expressions instead ("~{navigation :: menu}"). The old, unwrapped syntax for fragment expressions will be removed in future versions of Thymeleaf.
2024-01-27T15:31:08.171+08:00  WARN 25562 --- [http-nio-8080-exec-7] actStandardFragmentInsertionTagProcessor : [THYMELEAF][http-nio-8080-exec-7][categories/categories] Deprecated unwrapped fragment expression "fragments :: search_form('/categories/page/1')" found in template categories/categories, line 21, col 8. Please use the complete syntax of fragment expressions instead ("~{fragments :: search_form('/categories/page/1')}"). The old, unwrapped syntax for fragment expressions will be removed in future versions of Thymeleaf.
2024-01-27T15:31:08.307+08:00  WARN 25562 --- [http-nio-8080-exec-7] actStandardFragmentInsertionTagProcessor : [THYMELEAF][http-nio-8080-exec-7][categories/categories] Deprecated unwrapped fragment expression "fragments :: pagenation('/categories', 'top-level categories')" found in template categories/categories, line 108, col 9. Please use the complete syntax of fragment expressions instead ("~{fragments :: pagenation('/categories', 'top-level categories')}"). The old, unwrapped syntax for fragment expressions will be removed in future versions of Thymeleaf.
2024-01-27T15:31:08.318+08:00  WARN 25562 --- [http-nio-8080-exec-7] actStandardFragmentInsertionTagProcessor : [THYMELEAF][http-nio-8080-exec-7][categories/categories] Deprecated unwrapped fragment expression "modal_fragments :: modal_dialog" found in template categories/categories, line 129, col 9. Please use the complete syntax of fragment expressions instead ("~{modal_fragments :: modal_dialog}"). The old, unwrapped syntax for fragment expressions will be removed in future versions of Thymeleaf.
2024-01-27T15:31:08.318+08:00  WARN 25562 --- [http-nio-8080-exec-7] actStandardFragmentInsertionTagProcessor : [THYMELEAF][http-nio-8080-exec-7][categories/categories] Deprecated unwrapped fragment expression "fragments :: footer" found in template categories/categories, line 130, col 9. Please use the complete syntax of fragment expressions instead ("~{fragments :: footer}"). The old, unwrapped syntax for fragment expressions will be removed in future versions of Thymeleaf.
2024-01-27T15:31:12.561+08:00  WARN 25562 --- [http-nio-8080-exec-2] actStandardFragmentInsertionTagProcessor : [THYMELEAF][http-nio-8080-exec-2][categories/category_form] Deprecated unwrapped fragment expression "fragments :: page_head(${pageTitle}, 'none')" found in template categories/category_form, line 4, col 7. Please use the complete syntax of fragment expressions instead ("~{fragments :: page_head(${pageTitle}, 'none')}"). The old, unwrapped syntax for fragment expressions will be removed in future versions of Thymeleaf.
2024-01-27T15:31:12.565+08:00  WARN 25562 --- [http-nio-8080-exec-2] actStandardFragmentInsertionTagProcessor : [THYMELEAF][http-nio-8080-exec-2][categories/category_form] Deprecated unwrapped fragment expression "navigation :: menu" found in template categories/category_form, line 10, col 8. Please use the complete syntax of fragment expressions instead ("~{navigation :: menu}"). The old, unwrapped syntax for fragment expressions will be removed in future versions of Thymeleaf.
2024-01-27T15:31:12.574+08:00  WARN 25562 --- [http-nio-8080-exec-2] actStandardFragmentInsertionTagProcessor : [THYMELEAF][http-nio-8080-exec-2][categories/category_form] Deprecated unwrapped fragment expression "modal_fragments :: modal_dialog" found in template categories/category_form, line 76, col 7. Please use the complete syntax of fragment expressions instead ("~{modal_fragments :: modal_dialog}"). The old, unwrapped syntax for fragment expressions will be removed in future versions of Thymeleaf.
2024-01-27T15:31:12.575+08:00  WARN 25562 --- [http-nio-8080-exec-2] actStandardFragmentInsertionTagProcessor : [THYMELEAF][http-nio-8080-exec-2][categories/category_form] Deprecated unwrapped fragment expression "fragments :: footer" found in template categories/category_form, line 78, col 7. Please use the complete syntax of fragment expressions instead ("~{fragments :: footer}"). The old, unwrapped syntax for fragment expressions will be removed in future versions of Thymeleaf.
