2024-02-02T16:38:57.326+08:00  INFO 47014 --- [restartedMain] c.shopme.admin.ShopmeBackEndApplication  : Starting ShopmeBackEndApplication using Java 17.0.8.1 with PID 47014 (/Users/johnli/Documents/new_ecommerce/ecommercesitewithspring/ShopmeProject/ShopmeWebParent/ShopmeBackEnd/target/classes started by johnli in /Users/johnli/Documents/new_ecommerce/ecommercesitewithspring/ShopmeProject/ShopmeWebParent/ShopmeBackEnd)
2024-02-02T16:38:57.328+08:00  INFO 47014 --- [restartedMain] c.shopme.admin.ShopmeBackEndApplication  : No active profile set, falling back to 1 default profile: "default"
2024-02-02T16:38:57.343+08:00  INFO 47014 --- [restartedMain] .e.DevToolsPropertyDefaultsPostProcessor : Devtools property defaults active! Set 'spring.devtools.add-properties' to 'false' to disable
2024-02-02T16:38:57.343+08:00  INFO 47014 --- [restartedMain] .e.DevToolsPropertyDefaultsPostProcessor : For additional web related logging consider setting the 'logging.level.web' property to 'DEBUG'
2024-02-02T16:38:57.542+08:00  INFO 47014 --- [restartedMain] .s.d.r.c.RepositoryConfigurationDelegate : Bootstrapping Spring Data JPA repositories in DEFAULT mode.
2024-02-02T16:38:57.571+08:00  INFO 47014 --- [restartedMain] .s.d.r.c.RepositoryConfigurationDelegate : Finished Spring Data repository scanning in 26 ms. Found 11 JPA repository interfaces.
2024-02-02T16:38:57.761+08:00  INFO 47014 --- [restartedMain] o.s.b.w.embedded.tomcat.TomcatWebServer  : Tomcat initialized with port(s): 8080 (http)
2024-02-02T16:38:57.764+08:00  INFO 47014 --- [restartedMain] o.apache.catalina.core.StandardService   : Starting service [Tomcat]
2024-02-02T16:38:57.764+08:00  INFO 47014 --- [restartedMain] o.apache.catalina.core.StandardEngine    : Starting Servlet engine: [Apache Tomcat/10.1.15]
2024-02-02T16:38:57.783+08:00  INFO 47014 --- [restartedMain] o.a.c.c.C.[.[localhost].[/ShopmeAdmin]   : Initializing Spring embedded WebApplicationContext
2024-02-02T16:38:57.783+08:00  INFO 47014 --- [restartedMain] w.s.c.ServletWebServerApplicationContext : Root WebApplicationContext: initialization completed in 440 ms
2024-02-02T16:38:57.836+08:00  INFO 47014 --- [restartedMain] o.hibernate.jpa.internal.util.LogHelper  : HHH000204: Processing PersistenceUnitInfo [name: default]
2024-02-02T16:38:57.852+08:00  INFO 47014 --- [restartedMain] org.hibernate.Version                    : HHH000412: Hibernate ORM core version 6.2.13.Final
2024-02-02T16:38:57.853+08:00  INFO 47014 --- [restartedMain] org.hibernate.cfg.Environment            : HHH000406: Using bytecode reflection optimizer
2024-02-02T16:38:57.934+08:00  INFO 47014 --- [restartedMain] o.s.o.j.p.SpringPersistenceUnitInfo      : No LoadTimeWeaver setup: ignoring JPA class transformer
2024-02-02T16:38:57.942+08:00  INFO 47014 --- [restartedMain] com.zaxxer.hikari.HikariDataSource       : HikariPool-1 - Starting...
2024-02-02T16:38:58.107+08:00  INFO 47014 --- [restartedMain] com.zaxxer.hikari.pool.HikariPool        : HikariPool-1 - Added connection com.mysql.cj.jdbc.ConnectionImpl@696f5e38
2024-02-02T16:38:58.108+08:00  INFO 47014 --- [restartedMain] com.zaxxer.hikari.HikariDataSource       : HikariPool-1 - Start completed.
2024-02-02T16:38:58.132+08:00  WARN 47014 --- [restartedMain] org.hibernate.orm.deprecation            : HHH90000025: MySQL8Dialect does not need to be specified explicitly using 'hibernate.dialect' (remove the property setting and it will be selected by default)
2024-02-02T16:38:58.133+08:00  WARN 47014 --- [restartedMain] org.hibernate.orm.deprecation            : HHH90000026: MySQL8Dialect has been deprecated; use org.hibernate.dialect.MySQLDialect instead
2024-02-02T16:38:58.547+08:00  INFO 47014 --- [restartedMain] o.h.e.t.j.p.i.JtaPlatformInitiator       : HHH000489: No JTA platform available (set 'hibernate.transaction.jta.platform' to enable JTA platform integration)
2024-02-02T16:38:58.869+08:00  INFO 47014 --- [restartedMain] j.LocalContainerEntityManagerFactoryBean : Initialized JPA EntityManagerFactory for persistence unit 'default'
2024-02-02T16:38:58.993+08:00  INFO 47014 --- [restartedMain] o.s.d.j.r.query.QueryEnhancerFactory     : Hibernate is in classpath; If applicable, HQL parser will be used.
2024-02-02T16:38:59.284+08:00  WARN 47014 --- [restartedMain] JpaBaseConfiguration$JpaWebConfiguration : spring.jpa.open-in-view is enabled by default. Therefore, database queries may be performed during view rendering. Explicitly configure spring.jpa.open-in-view to disable this warning
2024-02-02T16:38:59.315+08:00  INFO 47014 --- [restartedMain] o.s.b.a.w.s.WelcomePageHandlerMapping    : Adding welcome page template: index
2024-02-02T16:38:59.482+08:00  INFO 47014 --- [restartedMain] o.s.s.web.DefaultSecurityFilterChain     : Will secure any request with [org.springframework.security.web.session.DisableEncodeUrlFilter@2d47dcd0, org.springframework.security.web.context.request.async.WebAsyncManagerIntegrationFilter@737f3600, org.springframework.security.web.context.SecurityContextHolderFilter@2691efc3, org.springframework.security.web.header.HeaderWriterFilter@3a7a4e4c, org.springframework.security.web.csrf.CsrfFilter@49627192, org.springframework.security.web.authentication.logout.LogoutFilter@52d4354b, org.springframework.security.web.authentication.UsernamePasswordAuthenticationFilter@7c9aaa11, org.springframework.security.web.savedrequest.RequestCacheAwareFilter@84b1093, org.springframework.security.web.servletapi.SecurityContextHolderAwareRequestFilter@1e9784f4, org.springframework.security.web.authentication.rememberme.RememberMeAuthenticationFilter@1f0eef9f, org.springframework.security.web.authentication.AnonymousAuthenticationFilter@1b655de7, org.springframework.security.web.access.ExceptionTranslationFilter@b3b957b, org.springframework.security.web.access.intercept.AuthorizationFilter@312cfba2]
2024-02-02T16:38:59.545+08:00  WARN 47014 --- [restartedMain] o.s.s.c.a.web.builders.WebSecurity       : You are asking Spring Security to ignore Mvc [pattern='/images/**']. This is not recommended -- please use permitAll via HttpSecurity#authorizeHttpRequests instead.
2024-02-02T16:38:59.545+08:00  INFO 47014 --- [restartedMain] o.s.s.web.DefaultSecurityFilterChain     : Will not secure Mvc [pattern='/images/**']
2024-02-02T16:38:59.545+08:00  WARN 47014 --- [restartedMain] o.s.s.c.a.web.builders.WebSecurity       : You are asking Spring Security to ignore Mvc [pattern='/js/**']. This is not recommended -- please use permitAll via HttpSecurity#authorizeHttpRequests instead.
2024-02-02T16:38:59.545+08:00  INFO 47014 --- [restartedMain] o.s.s.web.DefaultSecurityFilterChain     : Will not secure Mvc [pattern='/js/**']
2024-02-02T16:38:59.545+08:00  WARN 47014 --- [restartedMain] o.s.s.c.a.web.builders.WebSecurity       : You are asking Spring Security to ignore Mvc [pattern='/webjars/**']. This is not recommended -- please use permitAll via HttpSecurity#authorizeHttpRequests instead.
2024-02-02T16:38:59.545+08:00  INFO 47014 --- [restartedMain] o.s.s.web.DefaultSecurityFilterChain     : Will not secure Mvc [pattern='/webjars/**']
2024-02-02T16:38:59.559+08:00  INFO 47014 --- [restartedMain] o.s.b.d.a.OptionalLiveReloadServer       : LiveReload server is running on port 35729
2024-02-02T16:38:59.575+08:00  INFO 47014 --- [restartedMain] o.s.b.w.embedded.tomcat.TomcatWebServer  : Tomcat started on port(s): 8080 (http) with context path '/ShopmeAdmin'
2024-02-02T16:38:59.579+08:00  INFO 47014 --- [restartedMain] c.shopme.admin.ShopmeBackEndApplication  : Started ShopmeBackEndApplication in 2.37 seconds (process running for 2.644)
2024-02-02T16:39:31.004+08:00  INFO 47014 --- [http-nio-8080-exec-1] o.a.c.c.C.[.[localhost].[/ShopmeAdmin]   : Initializing Spring DispatcherServlet 'dispatcherServlet'
2024-02-02T16:39:31.004+08:00  INFO 47014 --- [http-nio-8080-exec-1] o.s.web.servlet.DispatcherServlet        : Initializing Servlet 'dispatcherServlet'
2024-02-02T16:39:31.005+08:00  INFO 47014 --- [http-nio-8080-exec-1] o.s.web.servlet.DispatcherServlet        : Completed initialization in 1 ms
2024-02-02T16:39:45.721+08:00  WARN 47014 --- [http-nio-8080-exec-6] actStandardFragmentInsertionTagProcessor : [THYMELEAF][http-nio-8080-exec-6][index] Deprecated unwrapped fragment expression "fragments :: page_head('Shopme -- Admin Panel', 'none')" found in template index, line 5, col 7. Please use the complete syntax of fragment expressions instead ("~{fragments :: page_head('Shopme -- Admin Panel', 'none')}"). The old, unwrapped syntax for fragment expressions will be removed in future versions of Thymeleaf.
2024-02-02T16:39:45.729+08:00  WARN 47014 --- [http-nio-8080-exec-6] actStandardFragmentInsertionTagProcessor : [THYMELEAF][http-nio-8080-exec-6][index] Deprecated unwrapped fragment expression "navigation :: menu" found in template index, line 11, col 8. Please use the complete syntax of fragment expressions instead ("~{navigation :: menu}"). The old, unwrapped syntax for fragment expressions will be removed in future versions of Thymeleaf.
2024-02-02T16:39:45.744+08:00  WARN 47014 --- [http-nio-8080-exec-6] actStandardFragmentInsertionTagProcessor : [THYMELEAF][http-nio-8080-exec-6][index] Deprecated unwrapped fragment expression "fragments :: footer" found in template index, line 22, col 7. Please use the complete syntax of fragment expressions instead ("~{fragments :: footer}"). The old, unwrapped syntax for fragment expressions will be removed in future versions of Thymeleaf.
2024-02-02T16:39:48.894+08:00  WARN 47014 --- [http-nio-8080-exec-5] actStandardFragmentInsertionTagProcessor : [THYMELEAF][http-nio-8080-exec-5][categories/categories] Deprecated unwrapped fragment expression "fragments :: page_head('Shopme -- Categories Managment ?? ', 'none')" found in template categories/categories, line 4, col 7. Please use the complete syntax of fragment expressions instead ("~{fragments :: page_head('Shopme -- Categories Managment ?? ', 'none')}"). The old, unwrapped syntax for fragment expressions will be removed in future versions of Thymeleaf.
2024-02-02T16:39:48.900+08:00  WARN 47014 --- [http-nio-8080-exec-5] actStandardFragmentInsertionTagProcessor : [THYMELEAF][http-nio-8080-exec-5][categories/categories] Deprecated unwrapped fragment expression "navigation :: menu" found in template categories/categories, line 9, col 8. Please use the complete syntax of fragment expressions instead ("~{navigation :: menu}"). The old, unwrapped syntax for fragment expressions will be removed in future versions of Thymeleaf.
2024-02-02T16:39:48.917+08:00  WARN 47014 --- [http-nio-8080-exec-5] actStandardFragmentInsertionTagProcessor : [THYMELEAF][http-nio-8080-exec-5][categories/categories] Deprecated unwrapped fragment expression "fragments :: search_form('/categories/page/1')" found in template categories/categories, line 21, col 8. Please use the complete syntax of fragment expressions instead ("~{fragments :: search_form('/categories/page/1')}"). The old, unwrapped syntax for fragment expressions will be removed in future versions of Thymeleaf.
2024-02-02T16:39:49.030+08:00  WARN 47014 --- [http-nio-8080-exec-5] actStandardFragmentInsertionTagProcessor : [THYMELEAF][http-nio-8080-exec-5][categories/categories] Deprecated unwrapped fragment expression "fragments :: pagenation('/categories', 'top-level categories')" found in template categories/categories, line 108, col 9. Please use the complete syntax of fragment expressions instead ("~{fragments :: pagenation('/categories', 'top-level categories')}"). The old, unwrapped syntax for fragment expressions will be removed in future versions of Thymeleaf.
2024-02-02T16:39:49.036+08:00  WARN 47014 --- [http-nio-8080-exec-5] actStandardFragmentInsertionTagProcessor : [THYMELEAF][http-nio-8080-exec-5][categories/categories] Deprecated unwrapped fragment expression "modal_fragments :: modal_dialog" found in template categories/categories, line 129, col 9. Please use the complete syntax of fragment expressions instead ("~{modal_fragments :: modal_dialog}"). The old, unwrapped syntax for fragment expressions will be removed in future versions of Thymeleaf.
2024-02-02T16:39:49.038+08:00  WARN 47014 --- [http-nio-8080-exec-5] actStandardFragmentInsertionTagProcessor : [THYMELEAF][http-nio-8080-exec-5][categories/categories] Deprecated unwrapped fragment expression "fragments :: footer" found in template categories/categories, line 130, col 9. Please use the complete syntax of fragment expressions instead ("~{fragments :: footer}"). The old, unwrapped syntax for fragment expressions will be removed in future versions of Thymeleaf.
2024-02-02T16:39:53.423+08:00  WARN 47014 --- [http-nio-8080-exec-6] actStandardFragmentInsertionTagProcessor : [THYMELEAF][http-nio-8080-exec-6][categories/category_form] Deprecated unwrapped fragment expression "fragments :: page_head(${pageTitle}, 'none')" found in template categories/category_form, line 4, col 7. Please use the complete syntax of fragment expressions instead ("~{fragments :: page_head(${pageTitle}, 'none')}"). The old, unwrapped syntax for fragment expressions will be removed in future versions of Thymeleaf.
2024-02-02T16:39:53.427+08:00  WARN 47014 --- [http-nio-8080-exec-6] actStandardFragmentInsertionTagProcessor : [THYMELEAF][http-nio-8080-exec-6][categories/category_form] Deprecated unwrapped fragment expression "navigation :: menu" found in template categories/category_form, line 10, col 8. Please use the complete syntax of fragment expressions instead ("~{navigation :: menu}"). The old, unwrapped syntax for fragment expressions will be removed in future versions of Thymeleaf.
2024-02-02T16:39:53.447+08:00  WARN 47014 --- [http-nio-8080-exec-6] actStandardFragmentInsertionTagProcessor : [THYMELEAF][http-nio-8080-exec-6][categories/category_form] Deprecated unwrapped fragment expression "modal_fragments :: modal_dialog" found in template categories/category_form, line 76, col 7. Please use the complete syntax of fragment expressions instead ("~{modal_fragments :: modal_dialog}"). The old, unwrapped syntax for fragment expressions will be removed in future versions of Thymeleaf.
2024-02-02T16:39:53.448+08:00  WARN 47014 --- [http-nio-8080-exec-6] actStandardFragmentInsertionTagProcessor : [THYMELEAF][http-nio-8080-exec-6][categories/category_form] Deprecated unwrapped fragment expression "fragments :: footer" found in template categories/category_form, line 78, col 7. Please use the complete syntax of fragment expressions instead ("~{fragments :: footer}"). The old, unwrapped syntax for fragment expressions will be removed in future versions of Thymeleaf.
2024-02-02T16:40:29.806+08:00 ERROR 47014 --- [http-nio-8080-exec-1] com.shopme.admin.utils.FileUploadUtil    : Could not list directory: ../category-images/35
2024-02-02T16:40:29.922+08:00  WARN 47014 --- [http-nio-8080-exec-7] actStandardFragmentInsertionTagProcessor : [THYMELEAF][http-nio-8080-exec-7][categories/categories] Deprecated unwrapped fragment expression "fragments :: page_head('Shopme -- Categories Managment ?? ', 'none')" found in template categories/categories, line 4, col 7. Please use the complete syntax of fragment expressions instead ("~{fragments :: page_head('Shopme -- Categories Managment ?? ', 'none')}"). The old, unwrapped syntax for fragment expressions will be removed in future versions of Thymeleaf.
2024-02-02T16:40:29.924+08:00  WARN 47014 --- [http-nio-8080-exec-7] actStandardFragmentInsertionTagProcessor : [THYMELEAF][http-nio-8080-exec-7][categories/categories] Deprecated unwrapped fragment expression "navigation :: menu" found in template categories/categories, line 9, col 8. Please use the complete syntax of fragment expressions instead ("~{navigation :: menu}"). The old, unwrapped syntax for fragment expressions will be removed in future versions of Thymeleaf.
2024-02-02T16:40:29.929+08:00  WARN 47014 --- [http-nio-8080-exec-7] actStandardFragmentInsertionTagProcessor : [THYMELEAF][http-nio-8080-exec-7][categories/categories] Deprecated unwrapped fragment expression "fragments :: search_form('/categories/page/1')" found in template categories/categories, line 21, col 8. Please use the complete syntax of fragment expressions instead ("~{fragments :: search_form('/categories/page/1')}"). The old, unwrapped syntax for fragment expressions will be removed in future versions of Thymeleaf.
2024-02-02T16:40:29.954+08:00  WARN 47014 --- [http-nio-8080-exec-7] actStandardFragmentInsertionTagProcessor : [THYMELEAF][http-nio-8080-exec-7][categories/categories] Deprecated unwrapped fragment expression "fragments :: pagenation('/categories', 'top-level categories')" found in template categories/categories, line 108, col 9. Please use the complete syntax of fragment expressions instead ("~{fragments :: pagenation('/categories', 'top-level categories')}"). The old, unwrapped syntax for fragment expressions will be removed in future versions of Thymeleaf.
2024-02-02T16:40:29.957+08:00  WARN 47014 --- [http-nio-8080-exec-7] actStandardFragmentInsertionTagProcessor : [THYMELEAF][http-nio-8080-exec-7][categories/categories] Deprecated unwrapped fragment expression "modal_fragments :: modal_dialog" found in template categories/categories, line 129, col 9. Please use the complete syntax of fragment expressions instead ("~{modal_fragments :: modal_dialog}"). The old, unwrapped syntax for fragment expressions will be removed in future versions of Thymeleaf.
2024-02-02T16:40:29.957+08:00  WARN 47014 --- [http-nio-8080-exec-7] actStandardFragmentInsertionTagProcessor : [THYMELEAF][http-nio-8080-exec-7][categories/categories] Deprecated unwrapped fragment expression "fragments :: footer" found in template categories/categories, line 130, col 9. Please use the complete syntax of fragment expressions instead ("~{fragments :: footer}"). The old, unwrapped syntax for fragment expressions will be removed in future versions of Thymeleaf.
2024-02-02T16:40:33.590+08:00  INFO 47014 --- [RMI TCP Connection(11)-127.0.0.1] inMXBeanRegistrar$SpringApplicationAdmin : Application shutdown requested.
2024-02-02T16:40:33.594+08:00  INFO 47014 --- [RMI TCP Connection(11)-127.0.0.1] o.apache.catalina.core.StandardService   : Stopping service [Tomcat]
2024-02-02T16:40:33.595+08:00  INFO 47014 --- [RMI TCP Connection(11)-127.0.0.1] o.a.c.c.C.[.[localhost].[/ShopmeAdmin]   : Destroying Spring FrameworkServlet 'dispatcherServlet'
2024-02-02T16:40:33.601+08:00  WARN 47014 --- [RMI TCP Connection(11)-127.0.0.1] o.a.c.c.C.[.[localhost].[/ShopmeAdmin]   : Cannot serialize session attribute [SPRING_SECURITY_CONTEXT] for session [8279ACE4CC3C345F4A66D9DDCD82B9AD]

java.io.NotSerializableException: com.shopme.common.entity.User
	at java.base/java.io.ObjectOutputStream.writeObject0(ObjectOutputStream.java:1187) ~[na:na]
	at java.base/java.io.ObjectOutputStream.defaultWriteFields(ObjectOutputStream.java:1572) ~[na:na]
	at java.base/java.io.ObjectOutputStream.writeSerialData(ObjectOutputStream.java:1529) ~[na:na]
	at java.base/java.io.ObjectOutputStream.writeOrdinaryObject(ObjectOutputStream.java:1438) ~[na:na]
	at java.base/java.io.ObjectOutputStream.writeObject0(ObjectOutputStream.java:1181) ~[na:na]
	at java.base/java.io.ObjectOutputStream.defaultWriteFields(ObjectOutputStream.java:1572) ~[na:na]
	at java.base/java.io.ObjectOutputStream.writeSerialData(ObjectOutputStream.java:1529) ~[na:na]
	at java.base/java.io.ObjectOutputStream.writeOrdinaryObject(ObjectOutputStream.java:1438) ~[na:na]
	at java.base/java.io.ObjectOutputStream.writeObject0(ObjectOutputStream.java:1181) ~[na:na]
	at java.base/java.io.ObjectOutputStream.defaultWriteFields(ObjectOutputStream.java:1572) ~[na:na]
	at java.base/java.io.ObjectOutputStream.writeSerialData(ObjectOutputStream.java:1529) ~[na:na]
	at java.base/java.io.ObjectOutputStream.writeOrdinaryObject(ObjectOutputStream.java:1438) ~[na:na]
	at java.base/java.io.ObjectOutputStream.writeObject0(ObjectOutputStream.java:1181) ~[na:na]
	at java.base/java.io.ObjectOutputStream.writeObject(ObjectOutputStream.java:350) ~[na:na]
	at org.apache.catalina.session.StandardSession.doWriteObject(StandardSession.java:1526) ~[tomcat-embed-core-10.1.15.jar:10.1.15]
	at org.apache.catalina.session.StandardSession.writeObjectData(StandardSession.java:1000) ~[tomcat-embed-core-10.1.15.jar:10.1.15]
	at org.apache.catalina.session.StandardManager.doUnload(StandardManager.java:307) ~[tomcat-embed-core-10.1.15.jar:10.1.15]
	at org.apache.catalina.session.StandardManager.unload(StandardManager.java:259) ~[tomcat-embed-core-10.1.15.jar:10.1.15]
	at org.apache.catalina.session.StandardManager.stopInternal(StandardManager.java:374) ~[tomcat-embed-core-10.1.15.jar:10.1.15]
	at org.apache.catalina.util.LifecycleBase.stop(LifecycleBase.java:242) ~[tomcat-embed-core-10.1.15.jar:10.1.15]
	at org.apache.catalina.core.StandardContext.stopInternal(StandardContext.java:5089) ~[tomcat-embed-core-10.1.15.jar:10.1.15]
	at org.apache.catalina.util.LifecycleBase.stop(LifecycleBase.java:242) ~[tomcat-embed-core-10.1.15.jar:10.1.15]
	at org.apache.catalina.core.ContainerBase$StopChild.call(ContainerBase.java:1348) ~[tomcat-embed-core-10.1.15.jar:10.1.15]
	at org.apache.catalina.core.ContainerBase$StopChild.call(ContainerBase.java:1337) ~[tomcat-embed-core-10.1.15.jar:10.1.15]
	at java.base/java.util.concurrent.FutureTask.run(FutureTask.java:264) ~[na:na]
	at org.apache.tomcat.util.threads.InlineExecutorService.execute(InlineExecutorService.java:75) ~[tomcat-embed-core-10.1.15.jar:10.1.15]
	at java.base/java.util.concurrent.AbstractExecutorService.submit(AbstractExecutorService.java:145) ~[na:na]
	at org.apache.catalina.core.ContainerBase.stopInternal(ContainerBase.java:931) ~[tomcat-embed-core-10.1.15.jar:10.1.15]
	at org.apache.catalina.util.LifecycleBase.stop(LifecycleBase.java:242) ~[tomcat-embed-core-10.1.15.jar:10.1.15]
	at org.apache.catalina.core.ContainerBase$StopChild.call(ContainerBase.java:1348) ~[tomcat-embed-core-10.1.15.jar:10.1.15]
	at org.apache.catalina.core.ContainerBase$StopChild.call(ContainerBase.java:1337) ~[tomcat-embed-core-10.1.15.jar:10.1.15]
	at java.base/java.util.concurrent.FutureTask.run(FutureTask.java:264) ~[na:na]
	at org.apache.tomcat.util.threads.InlineExecutorService.execute(InlineExecutorService.java:75) ~[tomcat-embed-core-10.1.15.jar:10.1.15]
	at java.base/java.util.concurrent.AbstractExecutorService.submit(AbstractExecutorService.java:145) ~[na:na]
	at org.apache.catalina.core.ContainerBase.stopInternal(ContainerBase.java:931) ~[tomcat-embed-core-10.1.15.jar:10.1.15]
	at org.apache.catalina.util.LifecycleBase.stop(LifecycleBase.java:242) ~[tomcat-embed-core-10.1.15.jar:10.1.15]
	at org.apache.catalina.core.StandardService.stopInternal(StandardService.java:496) ~[tomcat-embed-core-10.1.15.jar:10.1.15]
	at org.apache.catalina.util.LifecycleBase.stop(LifecycleBase.java:242) ~[tomcat-embed-core-10.1.15.jar:10.1.15]
	at org.apache.catalina.core.StandardServer.stopInternal(StandardServer.java:969) ~[tomcat-embed-core-10.1.15.jar:10.1.15]
	at org.apache.catalina.util.LifecycleBase.stop(LifecycleBase.java:242) ~[tomcat-embed-core-10.1.15.jar:10.1.15]
	at org.apache.catalina.startup.Tomcat.stop(Tomcat.java:498) ~[tomcat-embed-core-10.1.15.jar:10.1.15]
	at org.springframework.boot.web.embedded.tomcat.TomcatWebServer.stopTomcat(TomcatWebServer.java:273) ~[spring-boot-3.1.5.jar:3.1.5]
	at org.springframework.boot.web.embedded.tomcat.TomcatWebServer.stop(TomcatWebServer.java:331) ~[spring-boot-3.1.5.jar:3.1.5]
	at org.springframework.boot.web.servlet.context.WebServerStartStopLifecycle.stop(WebServerStartStopLifecycle.java:53) ~[spring-boot-3.1.5.jar:3.1.5]
	at org.springframework.context.SmartLifecycle.stop(SmartLifecycle.java:117) ~[spring-context-6.0.13.jar:6.0.13]
	at org.springframework.context.support.DefaultLifecycleProcessor.doStop(DefaultLifecycleProcessor.java:235) ~[spring-context-6.0.13.jar:6.0.13]
	at org.springframework.context.support.DefaultLifecycleProcessor$LifecycleGroup.stop(DefaultLifecycleProcessor.java:374) ~[spring-context-6.0.13.jar:6.0.13]
	at org.springframework.context.support.DefaultLifecycleProcessor.stopBeans(DefaultLifecycleProcessor.java:207) ~[spring-context-6.0.13.jar:6.0.13]
	at org.springframework.context.support.DefaultLifecycleProcessor.onClose(DefaultLifecycleProcessor.java:130) ~[spring-context-6.0.13.jar:6.0.13]
	at org.springframework.context.support.AbstractApplicationContext.doClose(AbstractApplicationContext.java:1076) ~[spring-context-6.0.13.jar:6.0.13]
	at org.springframework.boot.web.servlet.context.ServletWebServerApplicationContext.doClose(ServletWebServerApplicationContext.java:173) ~[spring-boot-3.1.5.jar:3.1.5]
	at org.springframework.context.support.AbstractApplicationContext.close(AbstractApplicationContext.java:1035) ~[spring-context-6.0.13.jar:6.0.13]
	at org.springframework.boot.admin.SpringApplicationAdminMXBeanRegistrar$SpringApplicationAdmin.shutdown(SpringApplicationAdminMXBeanRegistrar.java:160) ~[spring-boot-3.1.5.jar:3.1.5]
	at java.base/jdk.internal.reflect.NativeMethodAccessorImpl.invoke0(Native Method) ~[na:na]
	at java.base/jdk.internal.reflect.NativeMethodAccessorImpl.invoke(NativeMethodAccessorImpl.java:77) ~[na:na]
	at java.base/jdk.internal.reflect.DelegatingMethodAccessorImpl.invoke(DelegatingMethodAccessorImpl.java:43) ~[na:na]
	at java.base/java.lang.reflect.Method.invoke(Method.java:568) ~[na:na]
	at sun.reflect.misc.Trampoline.invoke(MethodUtil.java:72) ~[na:na]
	at jdk.internal.reflect.GeneratedMethodAccessor47.invoke(Unknown Source) ~[na:na]
	at java.base/jdk.internal.reflect.DelegatingMethodAccessorImpl.invoke(DelegatingMethodAccessorImpl.java:43) ~[na:na]
	at java.base/java.lang.reflect.Method.invoke(Method.java:568) ~[na:na]
	at java.base/sun.reflect.misc.MethodUtil.invoke(MethodUtil.java:262) ~[na:na]
	at java.management/com.sun.jmx.mbeanserver.ConvertingMethod.invokeWithOpenReturn(ConvertingMethod.java:193) ~[na:na]
	at java.management/com.sun.jmx.mbeanserver.ConvertingMethod.invokeWithOpenReturn(ConvertingMethod.java:175) ~[na:na]
	at java.management/com.sun.jmx.mbeanserver.MXBeanIntrospector.invokeM2(MXBeanIntrospector.java:117) ~[na:na]
	at java.management/com.sun.jmx.mbeanserver.MXBeanIntrospector.invokeM2(MXBeanIntrospector.java:54) ~[na:na]
	at java.management/com.sun.jmx.mbeanserver.MBeanIntrospector.invokeM(MBeanIntrospector.java:237) ~[na:na]
	at java.management/com.sun.jmx.mbeanserver.PerInterface.invoke(PerInterface.java:138) ~[na:na]
	at java.management/com.sun.jmx.mbeanserver.MBeanSupport.invoke(MBeanSupport.java:252) ~[na:na]
	at java.management/com.sun.jmx.interceptor.DefaultMBeanServerInterceptor.invoke(DefaultMBeanServerInterceptor.java:814) ~[na:na]
	at java.management/com.sun.jmx.mbeanserver.JmxMBeanServer.invoke(JmxMBeanServer.java:802) ~[na:na]
	at java.management.rmi/javax.management.remote.rmi.RMIConnectionImpl.doOperation(RMIConnectionImpl.java:1472) ~[na:na]
	at java.management.rmi/javax.management.remote.rmi.RMIConnectionImpl$PrivilegedOperation.run(RMIConnectionImpl.java:1310) ~[na:na]
	at java.management.rmi/javax.management.remote.rmi.RMIConnectionImpl.doPrivilegedOperation(RMIConnectionImpl.java:1405) ~[na:na]
	at java.management.rmi/javax.management.remote.rmi.RMIConnectionImpl.invoke(RMIConnectionImpl.java:829) ~[na:na]
	at java.base/jdk.internal.reflect.GeneratedMethodAccessor48.invoke(Unknown Source) ~[na:na]
	at java.base/jdk.internal.reflect.DelegatingMethodAccessorImpl.invoke(DelegatingMethodAccessorImpl.java:43) ~[na:na]
	at java.base/java.lang.reflect.Method.invoke(Method.java:568) ~[na:na]
	at java.rmi/sun.rmi.server.UnicastServerRef.dispatch(UnicastServerRef.java:360) ~[na:na]
	at java.rmi/sun.rmi.transport.Transport$1.run(Transport.java:200) ~[na:na]
	at java.rmi/sun.rmi.transport.Transport$1.run(Transport.java:197) ~[na:na]
	at java.base/java.security.AccessController.doPrivileged(AccessController.java:712) ~[na:na]
	at java.rmi/sun.rmi.transport.Transport.serviceCall(Transport.java:196) ~[na:na]
	at java.rmi/sun.rmi.transport.tcp.TCPTransport.handleMessages(TCPTransport.java:587) ~[na:na]
	at java.rmi/sun.rmi.transport.tcp.TCPTransport$ConnectionHandler.run0(TCPTransport.java:828) ~[na:na]
	at java.rmi/sun.rmi.transport.tcp.TCPTransport$ConnectionHandler.lambda$run$0(TCPTransport.java:705) ~[na:na]
	at java.base/java.security.AccessController.doPrivileged(AccessController.java:399) ~[na:na]
	at java.rmi/sun.rmi.transport.tcp.TCPTransport$ConnectionHandler.run(TCPTransport.java:704) ~[na:na]
	at java.base/java.util.concurrent.ThreadPoolExecutor.runWorker(ThreadPoolExecutor.java:1136) ~[na:na]
	at java.base/java.util.concurrent.ThreadPoolExecutor$Worker.run(ThreadPoolExecutor.java:635) ~[na:na]
	at java.base/java.lang.Thread.run(Thread.java:833) ~[na:na]

2024-02-02T16:40:33.612+08:00  INFO 47014 --- [RMI TCP Connection(11)-127.0.0.1] j.LocalContainerEntityManagerFactoryBean : Closing JPA EntityManagerFactory for persistence unit 'default'
2024-02-02T16:40:33.614+08:00  INFO 47014 --- [RMI TCP Connection(11)-127.0.0.1] com.zaxxer.hikari.HikariDataSource       : HikariPool-1 - Shutdown initiated...
2024-02-02T16:40:33.672+08:00  INFO 47014 --- [RMI TCP Connection(11)-127.0.0.1] com.zaxxer.hikari.HikariDataSource       : HikariPool-1 - Shutdown completed.
2024-02-02T16:40:39.329+08:00  INFO 47036 --- [restartedMain] c.shopme.admin.ShopmeBackEndApplication  : Starting ShopmeBackEndApplication using Java 17.0.8.1 with PID 47036 (/Users/johnli/Documents/new_ecommerce/ecommercesitewithspring/ShopmeProject/ShopmeWebParent/ShopmeBackEnd/target/classes started by johnli in /Users/johnli/Documents/new_ecommerce/ecommercesitewithspring/ShopmeProject/ShopmeWebParent/ShopmeBackEnd)
2024-02-02T16:40:39.330+08:00  INFO 47036 --- [restartedMain] c.shopme.admin.ShopmeBackEndApplication  : No active profile set, falling back to 1 default profile: "default"
2024-02-02T16:40:39.348+08:00  INFO 47036 --- [restartedMain] .e.DevToolsPropertyDefaultsPostProcessor : Devtools property defaults active! Set 'spring.devtools.add-properties' to 'false' to disable
2024-02-02T16:40:39.348+08:00  INFO 47036 --- [restartedMain] .e.DevToolsPropertyDefaultsPostProcessor : For additional web related logging consider setting the 'logging.level.web' property to 'DEBUG'
2024-02-02T16:40:39.569+08:00  INFO 47036 --- [restartedMain] .s.d.r.c.RepositoryConfigurationDelegate : Bootstrapping Spring Data JPA repositories in DEFAULT mode.
2024-02-02T16:40:39.602+08:00  INFO 47036 --- [restartedMain] .s.d.r.c.RepositoryConfigurationDelegate : Finished Spring Data repository scanning in 30 ms. Found 11 JPA repository interfaces.
2024-02-02T16:40:39.825+08:00  INFO 47036 --- [restartedMain] o.s.b.w.embedded.tomcat.TomcatWebServer  : Tomcat initialized with port(s): 8080 (http)
2024-02-02T16:40:39.828+08:00  INFO 47036 --- [restartedMain] o.apache.catalina.core.StandardService   : Starting service [Tomcat]
2024-02-02T16:40:39.828+08:00  INFO 47036 --- [restartedMain] o.apache.catalina.core.StandardEngine    : Starting Servlet engine: [Apache Tomcat/10.1.15]
2024-02-02T16:40:39.851+08:00  INFO 47036 --- [restartedMain] o.a.c.c.C.[.[localhost].[/ShopmeAdmin]   : Initializing Spring embedded WebApplicationContext
2024-02-02T16:40:39.851+08:00  INFO 47036 --- [restartedMain] w.s.c.ServletWebServerApplicationContext : Root WebApplicationContext: initialization completed in 503 ms
2024-02-02T16:40:39.875+08:00  WARN 47036 --- [restartedMain] o.a.c.c.C.[.[localhost].[/ShopmeAdmin]   : Cannot deserialize session attribute [SPRING_SECURITY_CONTEXT] for session [8279ACE4CC3C345F4A66D9DDCD82B9AD]
2024-02-02T16:40:39.919+08:00  INFO 47036 --- [restartedMain] o.hibernate.jpa.internal.util.LogHelper  : HHH000204: Processing PersistenceUnitInfo [name: default]
2024-02-02T16:40:39.939+08:00  INFO 47036 --- [restartedMain] org.hibernate.Version                    : HHH000412: Hibernate ORM core version 6.2.13.Final
2024-02-02T16:40:39.940+08:00  INFO 47036 --- [restartedMain] org.hibernate.cfg.Environment            : HHH000406: Using bytecode reflection optimizer
2024-02-02T16:40:40.049+08:00  INFO 47036 --- [restartedMain] o.s.o.j.p.SpringPersistenceUnitInfo      : No LoadTimeWeaver setup: ignoring JPA class transformer
2024-02-02T16:40:40.060+08:00  INFO 47036 --- [restartedMain] com.zaxxer.hikari.HikariDataSource       : HikariPool-1 - Starting...
2024-02-02T16:40:40.213+08:00  INFO 47036 --- [restartedMain] com.zaxxer.hikari.pool.HikariPool        : HikariPool-1 - Added connection com.mysql.cj.jdbc.ConnectionImpl@7c9069c0
2024-02-02T16:40:40.213+08:00  INFO 47036 --- [restartedMain] com.zaxxer.hikari.HikariDataSource       : HikariPool-1 - Start completed.
2024-02-02T16:40:40.241+08:00  WARN 47036 --- [restartedMain] org.hibernate.orm.deprecation            : HHH90000025: MySQL8Dialect does not need to be specified explicitly using 'hibernate.dialect' (remove the property setting and it will be selected by default)
2024-02-02T16:40:40.242+08:00  WARN 47036 --- [restartedMain] org.hibernate.orm.deprecation            : HHH90000026: MySQL8Dialect has been deprecated; use org.hibernate.dialect.MySQLDialect instead
2024-02-02T16:40:40.712+08:00  INFO 47036 --- [restartedMain] o.h.e.t.j.p.i.JtaPlatformInitiator       : HHH000489: No JTA platform available (set 'hibernate.transaction.jta.platform' to enable JTA platform integration)
2024-02-02T16:40:41.042+08:00  INFO 47036 --- [restartedMain] j.LocalContainerEntityManagerFactoryBean : Initialized JPA EntityManagerFactory for persistence unit 'default'
2024-02-02T16:40:41.172+08:00  INFO 47036 --- [restartedMain] o.s.d.j.r.query.QueryEnhancerFactory     : Hibernate is in classpath; If applicable, HQL parser will be used.
2024-02-02T16:40:41.505+08:00  WARN 47036 --- [restartedMain] JpaBaseConfiguration$JpaWebConfiguration : spring.jpa.open-in-view is enabled by default. Therefore, database queries may be performed during view rendering. Explicitly configure spring.jpa.open-in-view to disable this warning
2024-02-02T16:40:41.543+08:00  INFO 47036 --- [restartedMain] o.s.b.a.w.s.WelcomePageHandlerMapping    : Adding welcome page template: index
2024-02-02T16:40:41.729+08:00  INFO 47036 --- [restartedMain] o.s.s.web.DefaultSecurityFilterChain     : Will secure any request with [org.springframework.security.web.session.DisableEncodeUrlFilter@10fb131e, org.springframework.security.web.context.request.async.WebAsyncManagerIntegrationFilter@4e8c27f3, org.springframework.security.web.context.SecurityContextHolderFilter@2e76e6d7, org.springframework.security.web.header.HeaderWriterFilter@2addb223, org.springframework.security.web.csrf.CsrfFilter@21d6befc, org.springframework.security.web.authentication.logout.LogoutFilter@2523514c, org.springframework.security.web.authentication.UsernamePasswordAuthenticationFilter@66b1dc38, org.springframework.security.web.savedrequest.RequestCacheAwareFilter@3e46c402, org.springframework.security.web.servletapi.SecurityContextHolderAwareRequestFilter@45f2539e, org.springframework.security.web.authentication.rememberme.RememberMeAuthenticationFilter@4ac6073, org.springframework.security.web.authentication.AnonymousAuthenticationFilter@294479a9, org.springframework.security.web.access.ExceptionTranslationFilter@31c7515d, org.springframework.security.web.access.intercept.AuthorizationFilter@3cc80b77]
2024-02-02T16:40:41.802+08:00  WARN 47036 --- [restartedMain] o.s.s.c.a.web.builders.WebSecurity       : You are asking Spring Security to ignore Mvc [pattern='/images/**']. This is not recommended -- please use permitAll via HttpSecurity#authorizeHttpRequests instead.
2024-02-02T16:40:41.802+08:00  INFO 47036 --- [restartedMain] o.s.s.web.DefaultSecurityFilterChain     : Will not secure Mvc [pattern='/images/**']
2024-02-02T16:40:41.802+08:00  WARN 47036 --- [restartedMain] o.s.s.c.a.web.builders.WebSecurity       : You are asking Spring Security to ignore Mvc [pattern='/js/**']. This is not recommended -- please use permitAll via HttpSecurity#authorizeHttpRequests instead.
2024-02-02T16:40:41.802+08:00  INFO 47036 --- [restartedMain] o.s.s.web.DefaultSecurityFilterChain     : Will not secure Mvc [pattern='/js/**']
2024-02-02T16:40:41.802+08:00  WARN 47036 --- [restartedMain] o.s.s.c.a.web.builders.WebSecurity       : You are asking Spring Security to ignore Mvc [pattern='/webjars/**']. This is not recommended -- please use permitAll via HttpSecurity#authorizeHttpRequests instead.
2024-02-02T16:40:41.802+08:00  INFO 47036 --- [restartedMain] o.s.s.web.DefaultSecurityFilterChain     : Will not secure Mvc [pattern='/webjars/**']
2024-02-02T16:40:41.816+08:00  INFO 47036 --- [restartedMain] o.s.b.d.a.OptionalLiveReloadServer       : LiveReload server is running on port 35729
2024-02-02T16:40:41.835+08:00  INFO 47036 --- [restartedMain] o.s.b.w.embedded.tomcat.TomcatWebServer  : Tomcat started on port(s): 8080 (http) with context path '/ShopmeAdmin'
2024-02-02T16:40:41.839+08:00  INFO 47036 --- [restartedMain] c.shopme.admin.ShopmeBackEndApplication  : Started ShopmeBackEndApplication in 2.646 seconds (process running for 3.029)
2024-02-02T16:40:47.347+08:00  INFO 47036 --- [http-nio-8080-exec-1] o.a.c.c.C.[.[localhost].[/ShopmeAdmin]   : Initializing Spring DispatcherServlet 'dispatcherServlet'
2024-02-02T16:40:47.348+08:00  INFO 47036 --- [http-nio-8080-exec-1] o.s.web.servlet.DispatcherServlet        : Initializing Servlet 'dispatcherServlet'
2024-02-02T16:40:47.349+08:00  INFO 47036 --- [http-nio-8080-exec-1] o.s.web.servlet.DispatcherServlet        : Completed initialization in 1 ms
2024-02-02T16:40:57.397+08:00  WARN 47036 --- [http-nio-8080-exec-6] actStandardFragmentInsertionTagProcessor : [THYMELEAF][http-nio-8080-exec-6][categories/category_form] Deprecated unwrapped fragment expression "fragments :: page_head(${pageTitle}, 'none')" found in template categories/category_form, line 4, col 7. Please use the complete syntax of fragment expressions instead ("~{fragments :: page_head(${pageTitle}, 'none')}"). The old, unwrapped syntax for fragment expressions will be removed in future versions of Thymeleaf.
2024-02-02T16:40:57.407+08:00  WARN 47036 --- [http-nio-8080-exec-6] actStandardFragmentInsertionTagProcessor : [THYMELEAF][http-nio-8080-exec-6][categories/category_form] Deprecated unwrapped fragment expression "navigation :: menu" found in template categories/category_form, line 10, col 8. Please use the complete syntax of fragment expressions instead ("~{navigation :: menu}"). The old, unwrapped syntax for fragment expressions will be removed in future versions of Thymeleaf.
2024-02-02T16:40:57.443+08:00  WARN 47036 --- [http-nio-8080-exec-6] actStandardFragmentInsertionTagProcessor : [THYMELEAF][http-nio-8080-exec-6][categories/category_form] Deprecated unwrapped fragment expression "modal_fragments :: modal_dialog" found in template categories/category_form, line 76, col 7. Please use the complete syntax of fragment expressions instead ("~{modal_fragments :: modal_dialog}"). The old, unwrapped syntax for fragment expressions will be removed in future versions of Thymeleaf.
2024-02-02T16:40:57.444+08:00  WARN 47036 --- [http-nio-8080-exec-6] actStandardFragmentInsertionTagProcessor : [THYMELEAF][http-nio-8080-exec-6][categories/category_form] Deprecated unwrapped fragment expression "fragments :: footer" found in template categories/category_form, line 78, col 7. Please use the complete syntax of fragment expressions instead ("~{fragments :: footer}"). The old, unwrapped syntax for fragment expressions will be removed in future versions of Thymeleaf.
2024-02-02T16:42:52.398+08:00  INFO 47053 --- [restartedMain] c.shopme.admin.ShopmeBackEndApplication  : Starting ShopmeBackEndApplication using Java 17.0.8.1 with PID 47053 (/Users/johnli/Documents/new_ecommerce/ecommercesitewithspring/ShopmeProject/ShopmeWebParent/ShopmeBackEnd/target/classes started by johnli in /Users/johnli/Documents/new_ecommerce/ecommercesitewithspring/ShopmeProject/ShopmeWebParent/ShopmeBackEnd)
2024-02-02T16:42:52.399+08:00  INFO 47053 --- [restartedMain] c.shopme.admin.ShopmeBackEndApplication  : No active profile set, falling back to 1 default profile: "default"
2024-02-02T16:42:52.419+08:00  INFO 47053 --- [restartedMain] .e.DevToolsPropertyDefaultsPostProcessor : Devtools property defaults active! Set 'spring.devtools.add-properties' to 'false' to disable
2024-02-02T16:42:52.419+08:00  INFO 47053 --- [restartedMain] .e.DevToolsPropertyDefaultsPostProcessor : For additional web related logging consider setting the 'logging.level.web' property to 'DEBUG'
2024-02-02T16:42:52.643+08:00  INFO 47053 --- [restartedMain] .s.d.r.c.RepositoryConfigurationDelegate : Bootstrapping Spring Data JPA repositories in DEFAULT mode.
2024-02-02T16:42:52.676+08:00  INFO 47053 --- [restartedMain] .s.d.r.c.RepositoryConfigurationDelegate : Finished Spring Data repository scanning in 30 ms. Found 11 JPA repository interfaces.
2024-02-02T16:42:52.900+08:00  INFO 47053 --- [restartedMain] o.s.b.w.embedded.tomcat.TomcatWebServer  : Tomcat initialized with port(s): 8080 (http)
2024-02-02T16:42:52.903+08:00  INFO 47053 --- [restartedMain] o.apache.catalina.core.StandardService   : Starting service [Tomcat]
2024-02-02T16:42:52.903+08:00  INFO 47053 --- [restartedMain] o.apache.catalina.core.StandardEngine    : Starting Servlet engine: [Apache Tomcat/10.1.15]
2024-02-02T16:42:52.925+08:00  INFO 47053 --- [restartedMain] o.a.c.c.C.[.[localhost].[/ShopmeAdmin]   : Initializing Spring embedded WebApplicationContext
2024-02-02T16:42:52.925+08:00  INFO 47053 --- [restartedMain] w.s.c.ServletWebServerApplicationContext : Root WebApplicationContext: initialization completed in 506 ms
2024-02-02T16:42:52.985+08:00  INFO 47053 --- [restartedMain] o.hibernate.jpa.internal.util.LogHelper  : HHH000204: Processing PersistenceUnitInfo [name: default]
2024-02-02T16:42:53.004+08:00  INFO 47053 --- [restartedMain] org.hibernate.Version                    : HHH000412: Hibernate ORM core version 6.2.13.Final
2024-02-02T16:42:53.005+08:00  INFO 47053 --- [restartedMain] org.hibernate.cfg.Environment            : HHH000406: Using bytecode reflection optimizer
2024-02-02T16:42:53.113+08:00  INFO 47053 --- [restartedMain] o.s.o.j.p.SpringPersistenceUnitInfo      : No LoadTimeWeaver setup: ignoring JPA class transformer
2024-02-02T16:42:53.124+08:00  INFO 47053 --- [restartedMain] com.zaxxer.hikari.HikariDataSource       : HikariPool-1 - Starting...
2024-02-02T16:42:53.276+08:00  INFO 47053 --- [restartedMain] com.zaxxer.hikari.pool.HikariPool        : HikariPool-1 - Added connection com.mysql.cj.jdbc.ConnectionImpl@3ac8ac2c
2024-02-02T16:42:53.277+08:00  INFO 47053 --- [restartedMain] com.zaxxer.hikari.HikariDataSource       : HikariPool-1 - Start completed.
2024-02-02T16:42:53.317+08:00  WARN 47053 --- [restartedMain] org.hibernate.orm.deprecation            : HHH90000025: MySQL8Dialect does not need to be specified explicitly using 'hibernate.dialect' (remove the property setting and it will be selected by default)
2024-02-02T16:42:53.317+08:00  WARN 47053 --- [restartedMain] org.hibernate.orm.deprecation            : HHH90000026: MySQL8Dialect has been deprecated; use org.hibernate.dialect.MySQLDialect instead
2024-02-02T16:42:53.797+08:00  INFO 47053 --- [restartedMain] o.h.e.t.j.p.i.JtaPlatformInitiator       : HHH000489: No JTA platform available (set 'hibernate.transaction.jta.platform' to enable JTA platform integration)
2024-02-02T16:42:54.107+08:00  INFO 47053 --- [restartedMain] j.LocalContainerEntityManagerFactoryBean : Initialized JPA EntityManagerFactory for persistence unit 'default'
2024-02-02T16:42:54.241+08:00  INFO 47053 --- [restartedMain] o.s.d.j.r.query.QueryEnhancerFactory     : Hibernate is in classpath; If applicable, HQL parser will be used.
2024-02-02T16:42:54.570+08:00  WARN 47053 --- [restartedMain] JpaBaseConfiguration$JpaWebConfiguration : spring.jpa.open-in-view is enabled by default. Therefore, database queries may be performed during view rendering. Explicitly configure spring.jpa.open-in-view to disable this warning
2024-02-02T16:42:54.607+08:00  INFO 47053 --- [restartedMain] o.s.b.a.w.s.WelcomePageHandlerMapping    : Adding welcome page template: index
2024-02-02T16:42:54.809+08:00  INFO 47053 --- [restartedMain] o.s.s.web.DefaultSecurityFilterChain     : Will secure any request with [org.springframework.security.web.session.DisableEncodeUrlFilter@4dec1603, org.springframework.security.web.context.request.async.WebAsyncManagerIntegrationFilter@61db3a3f, org.springframework.security.web.context.SecurityContextHolderFilter@4ab444be, org.springframework.security.web.header.HeaderWriterFilter@1fb13350, org.springframework.security.web.csrf.CsrfFilter@31865c4, org.springframework.security.web.authentication.logout.LogoutFilter@43ce5819, org.springframework.security.web.authentication.UsernamePasswordAuthenticationFilter@6b2c6bf5, org.springframework.security.web.savedrequest.RequestCacheAwareFilter@24aeecaf, org.springframework.security.web.servletapi.SecurityContextHolderAwareRequestFilter@76f9f3e5, org.springframework.security.web.authentication.rememberme.RememberMeAuthenticationFilter@72d1795c, org.springframework.security.web.authentication.AnonymousAuthenticationFilter@1839b4c1, org.springframework.security.web.access.ExceptionTranslationFilter@3f2f1601, org.springframework.security.web.access.intercept.AuthorizationFilter@60688a21]
2024-02-02T16:42:54.881+08:00  WARN 47053 --- [restartedMain] o.s.s.c.a.web.builders.WebSecurity       : You are asking Spring Security to ignore Mvc [pattern='/images/**']. This is not recommended -- please use permitAll via HttpSecurity#authorizeHttpRequests instead.
2024-02-02T16:42:54.881+08:00  INFO 47053 --- [restartedMain] o.s.s.web.DefaultSecurityFilterChain     : Will not secure Mvc [pattern='/images/**']
2024-02-02T16:42:54.881+08:00  WARN 47053 --- [restartedMain] o.s.s.c.a.web.builders.WebSecurity       : You are asking Spring Security to ignore Mvc [pattern='/js/**']. This is not recommended -- please use permitAll via HttpSecurity#authorizeHttpRequests instead.
2024-02-02T16:42:54.881+08:00  INFO 47053 --- [restartedMain] o.s.s.web.DefaultSecurityFilterChain     : Will not secure Mvc [pattern='/js/**']
2024-02-02T16:42:54.881+08:00  WARN 47053 --- [restartedMain] o.s.s.c.a.web.builders.WebSecurity       : You are asking Spring Security to ignore Mvc [pattern='/webjars/**']. This is not recommended -- please use permitAll via HttpSecurity#authorizeHttpRequests instead.
2024-02-02T16:42:54.881+08:00  INFO 47053 --- [restartedMain] o.s.s.web.DefaultSecurityFilterChain     : Will not secure Mvc [pattern='/webjars/**']
2024-02-02T16:42:54.894+08:00  INFO 47053 --- [restartedMain] o.s.b.d.a.OptionalLiveReloadServer       : LiveReload server is running on port 35729
2024-02-02T16:42:54.923+08:00  INFO 47053 --- [restartedMain] o.s.b.w.embedded.tomcat.TomcatWebServer  : Tomcat started on port(s): 8080 (http) with context path '/ShopmeAdmin'
2024-02-02T16:42:54.932+08:00  INFO 47053 --- [restartedMain] c.shopme.admin.ShopmeBackEndApplication  : Started ShopmeBackEndApplication in 2.667 seconds (process running for 3.037)
2024-02-02T16:42:56.354+08:00  INFO 47053 --- [http-nio-8080-exec-1] o.a.c.c.C.[.[localhost].[/ShopmeAdmin]   : Initializing Spring DispatcherServlet 'dispatcherServlet'
2024-02-02T16:42:56.354+08:00  INFO 47053 --- [http-nio-8080-exec-1] o.s.web.servlet.DispatcherServlet        : Initializing Servlet 'dispatcherServlet'
2024-02-02T16:42:56.355+08:00  INFO 47053 --- [http-nio-8080-exec-1] o.s.web.servlet.DispatcherServlet        : Completed initialization in 1 ms
2024-02-02T16:43:06.217+08:00  WARN 47053 --- [http-nio-8080-exec-6] actStandardFragmentInsertionTagProcessor : [THYMELEAF][http-nio-8080-exec-6][categories/category_form] Deprecated unwrapped fragment expression "fragments :: page_head(${pageTitle}, 'none')" found in template categories/category_form, line 4, col 7. Please use the complete syntax of fragment expressions instead ("~{fragments :: page_head(${pageTitle}, 'none')}"). The old, unwrapped syntax for fragment expressions will be removed in future versions of Thymeleaf.
2024-02-02T16:43:06.227+08:00  WARN 47053 --- [http-nio-8080-exec-6] actStandardFragmentInsertionTagProcessor : [THYMELEAF][http-nio-8080-exec-6][categories/category_form] Deprecated unwrapped fragment expression "navigation :: menu" found in template categories/category_form, line 10, col 8. Please use the complete syntax of fragment expressions instead ("~{navigation :: menu}"). The old, unwrapped syntax for fragment expressions will be removed in future versions of Thymeleaf.
2024-02-02T16:43:06.257+08:00  WARN 47053 --- [http-nio-8080-exec-6] actStandardFragmentInsertionTagProcessor : [THYMELEAF][http-nio-8080-exec-6][categories/category_form] Deprecated unwrapped fragment expression "modal_fragments :: modal_dialog" found in template categories/category_form, line 76, col 7. Please use the complete syntax of fragment expressions instead ("~{modal_fragments :: modal_dialog}"). The old, unwrapped syntax for fragment expressions will be removed in future versions of Thymeleaf.
2024-02-02T16:43:06.257+08:00  WARN 47053 --- [http-nio-8080-exec-6] actStandardFragmentInsertionTagProcessor : [THYMELEAF][http-nio-8080-exec-6][categories/category_form] Deprecated unwrapped fragment expression "fragments :: footer" found in template categories/category_form, line 78, col 7. Please use the complete syntax of fragment expressions instead ("~{fragments :: footer}"). The old, unwrapped syntax for fragment expressions will be removed in future versions of Thymeleaf.
2024-02-02T16:45:06.113+08:00  INFO 47074 --- [restartedMain] c.shopme.admin.ShopmeBackEndApplication  : Starting ShopmeBackEndApplication using Java 17.0.8.1 with PID 47074 (/Users/johnli/Documents/new_ecommerce/ecommercesitewithspring/ShopmeProject/ShopmeWebParent/ShopmeBackEnd/target/classes started by johnli in /Users/johnli/Documents/new_ecommerce/ecommercesitewithspring/ShopmeProject/ShopmeWebParent/ShopmeBackEnd)
2024-02-02T16:45:06.114+08:00  INFO 47074 --- [restartedMain] c.shopme.admin.ShopmeBackEndApplication  : No active profile set, falling back to 1 default profile: "default"
2024-02-02T16:45:06.132+08:00  INFO 47074 --- [restartedMain] .e.DevToolsPropertyDefaultsPostProcessor : Devtools property defaults active! Set 'spring.devtools.add-properties' to 'false' to disable
2024-02-02T16:45:06.133+08:00  INFO 47074 --- [restartedMain] .e.DevToolsPropertyDefaultsPostProcessor : For additional web related logging consider setting the 'logging.level.web' property to 'DEBUG'
2024-02-02T16:45:06.360+08:00  INFO 47074 --- [restartedMain] .s.d.r.c.RepositoryConfigurationDelegate : Bootstrapping Spring Data JPA repositories in DEFAULT mode.
2024-02-02T16:45:06.394+08:00  INFO 47074 --- [restartedMain] .s.d.r.c.RepositoryConfigurationDelegate : Finished Spring Data repository scanning in 30 ms. Found 11 JPA repository interfaces.
2024-02-02T16:45:06.619+08:00  INFO 47074 --- [restartedMain] o.s.b.w.embedded.tomcat.TomcatWebServer  : Tomcat initialized with port(s): 8080 (http)
2024-02-02T16:45:06.622+08:00  INFO 47074 --- [restartedMain] o.apache.catalina.core.StandardService   : Starting service [Tomcat]
2024-02-02T16:45:06.623+08:00  INFO 47074 --- [restartedMain] o.apache.catalina.core.StandardEngine    : Starting Servlet engine: [Apache Tomcat/10.1.15]
2024-02-02T16:45:06.646+08:00  INFO 47074 --- [restartedMain] o.a.c.c.C.[.[localhost].[/ShopmeAdmin]   : Initializing Spring embedded WebApplicationContext
2024-02-02T16:45:06.646+08:00  INFO 47074 --- [restartedMain] w.s.c.ServletWebServerApplicationContext : Root WebApplicationContext: initialization completed in 513 ms
2024-02-02T16:45:06.705+08:00  INFO 47074 --- [restartedMain] o.hibernate.jpa.internal.util.LogHelper  : HHH000204: Processing PersistenceUnitInfo [name: default]
2024-02-02T16:45:06.725+08:00  INFO 47074 --- [restartedMain] org.hibernate.Version                    : HHH000412: Hibernate ORM core version 6.2.13.Final
2024-02-02T16:45:06.726+08:00  INFO 47074 --- [restartedMain] org.hibernate.cfg.Environment            : HHH000406: Using bytecode reflection optimizer
2024-02-02T16:45:06.835+08:00  INFO 47074 --- [restartedMain] o.s.o.j.p.SpringPersistenceUnitInfo      : No LoadTimeWeaver setup: ignoring JPA class transformer
2024-02-02T16:45:06.846+08:00  INFO 47074 --- [restartedMain] com.zaxxer.hikari.HikariDataSource       : HikariPool-1 - Starting...
2024-02-02T16:45:07.004+08:00  INFO 47074 --- [restartedMain] com.zaxxer.hikari.pool.HikariPool        : HikariPool-1 - Added connection com.mysql.cj.jdbc.ConnectionImpl@7e081218
2024-02-02T16:45:07.005+08:00  INFO 47074 --- [restartedMain] com.zaxxer.hikari.HikariDataSource       : HikariPool-1 - Start completed.
2024-02-02T16:45:07.030+08:00  WARN 47074 --- [restartedMain] org.hibernate.orm.deprecation            : HHH90000025: MySQL8Dialect does not need to be specified explicitly using 'hibernate.dialect' (remove the property setting and it will be selected by default)
2024-02-02T16:45:07.030+08:00  WARN 47074 --- [restartedMain] org.hibernate.orm.deprecation            : HHH90000026: MySQL8Dialect has been deprecated; use org.hibernate.dialect.MySQLDialect instead
2024-02-02T16:45:07.505+08:00  INFO 47074 --- [restartedMain] o.h.e.t.j.p.i.JtaPlatformInitiator       : HHH000489: No JTA platform available (set 'hibernate.transaction.jta.platform' to enable JTA platform integration)
2024-02-02T16:45:07.805+08:00  INFO 47074 --- [restartedMain] j.LocalContainerEntityManagerFactoryBean : Initialized JPA EntityManagerFactory for persistence unit 'default'
2024-02-02T16:45:07.934+08:00  INFO 47074 --- [restartedMain] o.s.d.j.r.query.QueryEnhancerFactory     : Hibernate is in classpath; If applicable, HQL parser will be used.
2024-02-02T16:45:08.264+08:00  WARN 47074 --- [restartedMain] JpaBaseConfiguration$JpaWebConfiguration : spring.jpa.open-in-view is enabled by default. Therefore, database queries may be performed during view rendering. Explicitly configure spring.jpa.open-in-view to disable this warning
2024-02-02T16:45:08.302+08:00  INFO 47074 --- [restartedMain] o.s.b.a.w.s.WelcomePageHandlerMapping    : Adding welcome page template: index
2024-02-02T16:45:08.519+08:00  INFO 47074 --- [restartedMain] o.s.s.web.DefaultSecurityFilterChain     : Will secure any request with [org.springframework.security.web.session.DisableEncodeUrlFilter@e05e151, org.springframework.security.web.context.request.async.WebAsyncManagerIntegrationFilter@21d6befc, org.springframework.security.web.context.SecurityContextHolderFilter@222c6e04, org.springframework.security.web.header.HeaderWriterFilter@36e0a146, org.springframework.security.web.csrf.CsrfFilter@397ab130, org.springframework.security.web.authentication.logout.LogoutFilter@2a1e585a, org.springframework.security.web.authentication.UsernamePasswordAuthenticationFilter@2175baa8, org.springframework.security.web.savedrequest.RequestCacheAwareFilter@78ec3563, org.springframework.security.web.servletapi.SecurityContextHolderAwareRequestFilter@1fb13350, org.springframework.security.web.authentication.rememberme.RememberMeAuthenticationFilter@71061f38, org.springframework.security.web.authentication.AnonymousAuthenticationFilter@60688a21, org.springframework.security.web.access.ExceptionTranslationFilter@44517156, org.springframework.security.web.access.intercept.AuthorizationFilter@43ce5819]
2024-02-02T16:45:08.597+08:00  WARN 47074 --- [restartedMain] o.s.s.c.a.web.builders.WebSecurity       : You are asking Spring Security to ignore Mvc [pattern='/images/**']. This is not recommended -- please use permitAll via HttpSecurity#authorizeHttpRequests instead.
2024-02-02T16:45:08.597+08:00  INFO 47074 --- [restartedMain] o.s.s.web.DefaultSecurityFilterChain     : Will not secure Mvc [pattern='/images/**']
2024-02-02T16:45:08.597+08:00  WARN 47074 --- [restartedMain] o.s.s.c.a.web.builders.WebSecurity       : You are asking Spring Security to ignore Mvc [pattern='/js/**']. This is not recommended -- please use permitAll via HttpSecurity#authorizeHttpRequests instead.
2024-02-02T16:45:08.597+08:00  INFO 47074 --- [restartedMain] o.s.s.web.DefaultSecurityFilterChain     : Will not secure Mvc [pattern='/js/**']
2024-02-02T16:45:08.597+08:00  WARN 47074 --- [restartedMain] o.s.s.c.a.web.builders.WebSecurity       : You are asking Spring Security to ignore Mvc [pattern='/webjars/**']. This is not recommended -- please use permitAll via HttpSecurity#authorizeHttpRequests instead.
2024-02-02T16:45:08.597+08:00  INFO 47074 --- [restartedMain] o.s.s.web.DefaultSecurityFilterChain     : Will not secure Mvc [pattern='/webjars/**']
2024-02-02T16:45:08.611+08:00  INFO 47074 --- [restartedMain] o.s.b.d.a.OptionalLiveReloadServer       : LiveReload server is running on port 35729
2024-02-02T16:45:08.631+08:00  INFO 47074 --- [restartedMain] o.s.b.w.embedded.tomcat.TomcatWebServer  : Tomcat started on port(s): 8080 (http) with context path '/ShopmeAdmin'
2024-02-02T16:45:08.637+08:00  INFO 47074 --- [restartedMain] c.shopme.admin.ShopmeBackEndApplication  : Started ShopmeBackEndApplication in 2.661 seconds (process running for 3.034)
2024-02-02T16:45:09.092+08:00  INFO 47074 --- [http-nio-8080-exec-1] o.a.c.c.C.[.[localhost].[/ShopmeAdmin]   : Initializing Spring DispatcherServlet 'dispatcherServlet'
2024-02-02T16:45:09.092+08:00  INFO 47074 --- [http-nio-8080-exec-1] o.s.web.servlet.DispatcherServlet        : Initializing Servlet 'dispatcherServlet'
2024-02-02T16:45:09.093+08:00  INFO 47074 --- [http-nio-8080-exec-1] o.s.web.servlet.DispatcherServlet        : Completed initialization in 0 ms
2024-02-02T16:45:15.189+08:00  WARN 47074 --- [http-nio-8080-exec-5] actStandardFragmentInsertionTagProcessor : [THYMELEAF][http-nio-8080-exec-5][index] Deprecated unwrapped fragment expression "fragments :: page_head('Shopme -- Admin Panel', 'none')" found in template index, line 5, col 7. Please use the complete syntax of fragment expressions instead ("~{fragments :: page_head('Shopme -- Admin Panel', 'none')}"). The old, unwrapped syntax for fragment expressions will be removed in future versions of Thymeleaf.
2024-02-02T16:45:15.197+08:00  WARN 47074 --- [http-nio-8080-exec-5] actStandardFragmentInsertionTagProcessor : [THYMELEAF][http-nio-8080-exec-5][index] Deprecated unwrapped fragment expression "navigation :: menu" found in template index, line 11, col 8. Please use the complete syntax of fragment expressions instead ("~{navigation :: menu}"). The old, unwrapped syntax for fragment expressions will be removed in future versions of Thymeleaf.
2024-02-02T16:45:15.212+08:00  WARN 47074 --- [http-nio-8080-exec-5] actStandardFragmentInsertionTagProcessor : [THYMELEAF][http-nio-8080-exec-5][index] Deprecated unwrapped fragment expression "fragments :: footer" found in template index, line 22, col 7. Please use the complete syntax of fragment expressions instead ("~{fragments :: footer}"). The old, unwrapped syntax for fragment expressions will be removed in future versions of Thymeleaf.
2024-02-02T16:45:19.688+08:00  WARN 47074 --- [http-nio-8080-exec-4] actStandardFragmentInsertionTagProcessor : [THYMELEAF][http-nio-8080-exec-4][categories/categories] Deprecated unwrapped fragment expression "fragments :: page_head('Shopme -- Categories Managment ?? ', 'none')" found in template categories/categories, line 4, col 7. Please use the complete syntax of fragment expressions instead ("~{fragments :: page_head('Shopme -- Categories Managment ?? ', 'none')}"). The old, unwrapped syntax for fragment expressions will be removed in future versions of Thymeleaf.
2024-02-02T16:45:19.693+08:00  WARN 47074 --- [http-nio-8080-exec-4] actStandardFragmentInsertionTagProcessor : [THYMELEAF][http-nio-8080-exec-4][categories/categories] Deprecated unwrapped fragment expression "navigation :: menu" found in template categories/categories, line 9, col 8. Please use the complete syntax of fragment expressions instead ("~{navigation :: menu}"). The old, unwrapped syntax for fragment expressions will be removed in future versions of Thymeleaf.
2024-02-02T16:45:19.705+08:00  WARN 47074 --- [http-nio-8080-exec-4] actStandardFragmentInsertionTagProcessor : [THYMELEAF][http-nio-8080-exec-4][categories/categories] Deprecated unwrapped fragment expression "fragments :: search_form('/categories/page/1')" found in template categories/categories, line 21, col 8. Please use the complete syntax of fragment expressions instead ("~{fragments :: search_form('/categories/page/1')}"). The old, unwrapped syntax for fragment expressions will be removed in future versions of Thymeleaf.
2024-02-02T16:45:19.771+08:00  WARN 47074 --- [http-nio-8080-exec-4] actStandardFragmentInsertionTagProcessor : [THYMELEAF][http-nio-8080-exec-4][categories/categories] Deprecated unwrapped fragment expression "fragments :: pagenation('/categories', 'top-level categories')" found in template categories/categories, line 108, col 9. Please use the complete syntax of fragment expressions instead ("~{fragments :: pagenation('/categories', 'top-level categories')}"). The old, unwrapped syntax for fragment expressions will be removed in future versions of Thymeleaf.
2024-02-02T16:45:19.785+08:00  WARN 47074 --- [http-nio-8080-exec-4] actStandardFragmentInsertionTagProcessor : [THYMELEAF][http-nio-8080-exec-4][categories/categories] Deprecated unwrapped fragment expression "modal_fragments :: modal_dialog" found in template categories/categories, line 129, col 9. Please use the complete syntax of fragment expressions instead ("~{modal_fragments :: modal_dialog}"). The old, unwrapped syntax for fragment expressions will be removed in future versions of Thymeleaf.
2024-02-02T16:45:19.785+08:00  WARN 47074 --- [http-nio-8080-exec-4] actStandardFragmentInsertionTagProcessor : [THYMELEAF][http-nio-8080-exec-4][categories/categories] Deprecated unwrapped fragment expression "fragments :: footer" found in template categories/categories, line 130, col 9. Please use the complete syntax of fragment expressions instead ("~{fragments :: footer}"). The old, unwrapped syntax for fragment expressions will be removed in future versions of Thymeleaf.
2024-02-02T16:45:24.612+08:00  WARN 47074 --- [http-nio-8080-exec-5] actStandardFragmentInsertionTagProcessor : [THYMELEAF][http-nio-8080-exec-5][categories/category_form] Deprecated unwrapped fragment expression "fragments :: page_head(${pageTitle}, 'none')" found in template categories/category_form, line 4, col 7. Please use the complete syntax of fragment expressions instead ("~{fragments :: page_head(${pageTitle}, 'none')}"). The old, unwrapped syntax for fragment expressions will be removed in future versions of Thymeleaf.
2024-02-02T16:45:24.615+08:00  WARN 47074 --- [http-nio-8080-exec-5] actStandardFragmentInsertionTagProcessor : [THYMELEAF][http-nio-8080-exec-5][categories/category_form] Deprecated unwrapped fragment expression "navigation :: menu" found in template categories/category_form, line 10, col 8. Please use the complete syntax of fragment expressions instead ("~{navigation :: menu}"). The old, unwrapped syntax for fragment expressions will be removed in future versions of Thymeleaf.
2024-02-02T16:45:24.637+08:00  WARN 47074 --- [http-nio-8080-exec-5] actStandardFragmentInsertionTagProcessor : [THYMELEAF][http-nio-8080-exec-5][categories/category_form] Deprecated unwrapped fragment expression "modal_fragments :: modal_dialog" found in template categories/category_form, line 76, col 7. Please use the complete syntax of fragment expressions instead ("~{modal_fragments :: modal_dialog}"). The old, unwrapped syntax for fragment expressions will be removed in future versions of Thymeleaf.
2024-02-02T16:45:24.638+08:00  WARN 47074 --- [http-nio-8080-exec-5] actStandardFragmentInsertionTagProcessor : [THYMELEAF][http-nio-8080-exec-5][categories/category_form] Deprecated unwrapped fragment expression "fragments :: footer" found in template categories/category_form, line 78, col 7. Please use the complete syntax of fragment expressions instead ("~{fragments :: footer}"). The old, unwrapped syntax for fragment expressions will be removed in future versions of Thymeleaf.
2024-02-02T16:49:15.108+08:00 ERROR 47074 --- [http-nio-8080-exec-7] com.shopme.admin.utils.FileUploadUtil    : Could not list directory: ../category-images/36
2024-02-02T16:49:31.837+08:00  WARN 47074 --- [http-nio-8080-exec-5] actStandardFragmentInsertionTagProcessor : [THYMELEAF][http-nio-8080-exec-5][categories/categories] Deprecated unwrapped fragment expression "fragments :: page_head('Shopme -- Categories Managment ?? ', 'none')" found in template categories/categories, line 4, col 7. Please use the complete syntax of fragment expressions instead ("~{fragments :: page_head('Shopme -- Categories Managment ?? ', 'none')}"). The old, unwrapped syntax for fragment expressions will be removed in future versions of Thymeleaf.
2024-02-02T16:49:31.839+08:00  WARN 47074 --- [http-nio-8080-exec-5] actStandardFragmentInsertionTagProcessor : [THYMELEAF][http-nio-8080-exec-5][categories/categories] Deprecated unwrapped fragment expression "navigation :: menu" found in template categories/categories, line 9, col 8. Please use the complete syntax of fragment expressions instead ("~{navigation :: menu}"). The old, unwrapped syntax for fragment expressions will be removed in future versions of Thymeleaf.
2024-02-02T16:49:31.845+08:00  WARN 47074 --- [http-nio-8080-exec-5] actStandardFragmentInsertionTagProcessor : [THYMELEAF][http-nio-8080-exec-5][categories/categories] Deprecated unwrapped fragment expression "fragments :: search_form('/categories/page/1')" found in template categories/categories, line 21, col 8. Please use the complete syntax of fragment expressions instead ("~{fragments :: search_form('/categories/page/1')}"). The old, unwrapped syntax for fragment expressions will be removed in future versions of Thymeleaf.
2024-02-02T16:49:31.867+08:00  WARN 47074 --- [http-nio-8080-exec-5] actStandardFragmentInsertionTagProcessor : [THYMELEAF][http-nio-8080-exec-5][categories/categories] Deprecated unwrapped fragment expression "fragments :: pagenation('/categories', 'top-level categories')" found in template categories/categories, line 108, col 9. Please use the complete syntax of fragment expressions instead ("~{fragments :: pagenation('/categories', 'top-level categories')}"). The old, unwrapped syntax for fragment expressions will be removed in future versions of Thymeleaf.
2024-02-02T16:49:31.869+08:00  WARN 47074 --- [http-nio-8080-exec-5] actStandardFragmentInsertionTagProcessor : [THYMELEAF][http-nio-8080-exec-5][categories/categories] Deprecated unwrapped fragment expression "modal_fragments :: modal_dialog" found in template categories/categories, line 129, col 9. Please use the complete syntax of fragment expressions instead ("~{modal_fragments :: modal_dialog}"). The old, unwrapped syntax for fragment expressions will be removed in future versions of Thymeleaf.
2024-02-02T16:49:31.869+08:00  WARN 47074 --- [http-nio-8080-exec-5] actStandardFragmentInsertionTagProcessor : [THYMELEAF][http-nio-8080-exec-5][categories/categories] Deprecated unwrapped fragment expression "fragments :: footer" found in template categories/categories, line 130, col 9. Please use the complete syntax of fragment expressions instead ("~{fragments :: footer}"). The old, unwrapped syntax for fragment expressions will be removed in future versions of Thymeleaf.
2024-02-02T16:50:05.744+08:00  WARN 47074 --- [http-nio-8080-exec-9] actStandardFragmentInsertionTagProcessor : [THYMELEAF][http-nio-8080-exec-9][categories/category_form] Deprecated unwrapped fragment expression "fragments :: page_head(${pageTitle}, 'none')" found in template categories/category_form, line 4, col 7. Please use the complete syntax of fragment expressions instead ("~{fragments :: page_head(${pageTitle}, 'none')}"). The old, unwrapped syntax for fragment expressions will be removed in future versions of Thymeleaf.
2024-02-02T16:50:05.746+08:00  WARN 47074 --- [http-nio-8080-exec-9] actStandardFragmentInsertionTagProcessor : [THYMELEAF][http-nio-8080-exec-9][categories/category_form] Deprecated unwrapped fragment expression "navigation :: menu" found in template categories/category_form, line 10, col 8. Please use the complete syntax of fragment expressions instead ("~{navigation :: menu}"). The old, unwrapped syntax for fragment expressions will be removed in future versions of Thymeleaf.
2024-02-02T16:50:05.758+08:00  WARN 47074 --- [http-nio-8080-exec-9] actStandardFragmentInsertionTagProcessor : [THYMELEAF][http-nio-8080-exec-9][categories/category_form] Deprecated unwrapped fragment expression "modal_fragments :: modal_dialog" found in template categories/category_form, line 76, col 7. Please use the complete syntax of fragment expressions instead ("~{modal_fragments :: modal_dialog}"). The old, unwrapped syntax for fragment expressions will be removed in future versions of Thymeleaf.
2024-02-02T16:50:05.758+08:00  WARN 47074 --- [http-nio-8080-exec-9] actStandardFragmentInsertionTagProcessor : [THYMELEAF][http-nio-8080-exec-9][categories/category_form] Deprecated unwrapped fragment expression "fragments :: footer" found in template categories/category_form, line 78, col 7. Please use the complete syntax of fragment expressions instead ("~{fragments :: footer}"). The old, unwrapped syntax for fragment expressions will be removed in future versions of Thymeleaf.
2024-02-02T16:51:48.232+08:00  WARN 47074 --- [http-nio-8080-exec-5] actStandardFragmentInsertionTagProcessor : [THYMELEAF][http-nio-8080-exec-5][categories/categories] Deprecated unwrapped fragment expression "fragments :: page_head('Shopme -- Categories Managment ?? ', 'none')" found in template categories/categories, line 4, col 7. Please use the complete syntax of fragment expressions instead ("~{fragments :: page_head('Shopme -- Categories Managment ?? ', 'none')}"). The old, unwrapped syntax for fragment expressions will be removed in future versions of Thymeleaf.
2024-02-02T16:51:48.234+08:00  WARN 47074 --- [http-nio-8080-exec-5] actStandardFragmentInsertionTagProcessor : [THYMELEAF][http-nio-8080-exec-5][categories/categories] Deprecated unwrapped fragment expression "navigation :: menu" found in template categories/categories, line 9, col 8. Please use the complete syntax of fragment expressions instead ("~{navigation :: menu}"). The old, unwrapped syntax for fragment expressions will be removed in future versions of Thymeleaf.
2024-02-02T16:51:48.239+08:00  WARN 47074 --- [http-nio-8080-exec-5] actStandardFragmentInsertionTagProcessor : [THYMELEAF][http-nio-8080-exec-5][categories/categories] Deprecated unwrapped fragment expression "fragments :: search_form('/categories/page/1')" found in template categories/categories, line 21, col 8. Please use the complete syntax of fragment expressions instead ("~{fragments :: search_form('/categories/page/1')}"). The old, unwrapped syntax for fragment expressions will be removed in future versions of Thymeleaf.
2024-02-02T16:51:48.262+08:00  WARN 47074 --- [http-nio-8080-exec-5] actStandardFragmentInsertionTagProcessor : [THYMELEAF][http-nio-8080-exec-5][categories/categories] Deprecated unwrapped fragment expression "fragments :: pagenation('/categories', 'top-level categories')" found in template categories/categories, line 108, col 9. Please use the complete syntax of fragment expressions instead ("~{fragments :: pagenation('/categories', 'top-level categories')}"). The old, unwrapped syntax for fragment expressions will be removed in future versions of Thymeleaf.
2024-02-02T16:51:48.264+08:00  WARN 47074 --- [http-nio-8080-exec-5] actStandardFragmentInsertionTagProcessor : [THYMELEAF][http-nio-8080-exec-5][categories/categories] Deprecated unwrapped fragment expression "modal_fragments :: modal_dialog" found in template categories/categories, line 129, col 9. Please use the complete syntax of fragment expressions instead ("~{modal_fragments :: modal_dialog}"). The old, unwrapped syntax for fragment expressions will be removed in future versions of Thymeleaf.
2024-02-02T16:51:48.265+08:00  WARN 47074 --- [http-nio-8080-exec-5] actStandardFragmentInsertionTagProcessor : [THYMELEAF][http-nio-8080-exec-5][categories/categories] Deprecated unwrapped fragment expression "fragments :: footer" found in template categories/categories, line 130, col 9. Please use the complete syntax of fragment expressions instead ("~{fragments :: footer}"). The old, unwrapped syntax for fragment expressions will be removed in future versions of Thymeleaf.
2024-02-02T16:52:02.283+08:00  WARN 47074 --- [http-nio-8080-exec-5] actStandardFragmentInsertionTagProcessor : [THYMELEAF][http-nio-8080-exec-5][categories/categories] Deprecated unwrapped fragment expression "fragments :: page_head('Shopme -- Categories Managment ?? ', 'none')" found in template categories/categories, line 4, col 7. Please use the complete syntax of fragment expressions instead ("~{fragments :: page_head('Shopme -- Categories Managment ?? ', 'none')}"). The old, unwrapped syntax for fragment expressions will be removed in future versions of Thymeleaf.
2024-02-02T16:52:02.286+08:00  WARN 47074 --- [http-nio-8080-exec-5] actStandardFragmentInsertionTagProcessor : [THYMELEAF][http-nio-8080-exec-5][categories/categories] Deprecated unwrapped fragment expression "navigation :: menu" found in template categories/categories, line 9, col 8. Please use the complete syntax of fragment expressions instead ("~{navigation :: menu}"). The old, unwrapped syntax for fragment expressions will be removed in future versions of Thymeleaf.
2024-02-02T16:52:02.292+08:00  WARN 47074 --- [http-nio-8080-exec-5] actStandardFragmentInsertionTagProcessor : [THYMELEAF][http-nio-8080-exec-5][categories/categories] Deprecated unwrapped fragment expression "fragments :: search_form('/categories/page/1')" found in template categories/categories, line 21, col 8. Please use the complete syntax of fragment expressions instead ("~{fragments :: search_form('/categories/page/1')}"). The old, unwrapped syntax for fragment expressions will be removed in future versions of Thymeleaf.
2024-02-02T16:52:02.339+08:00  WARN 47074 --- [http-nio-8080-exec-5] actStandardFragmentInsertionTagProcessor : [THYMELEAF][http-nio-8080-exec-5][categories/categories] Deprecated unwrapped fragment expression "fragments :: pagenation('/categories', 'top-level categories')" found in template categories/categories, line 108, col 9. Please use the complete syntax of fragment expressions instead ("~{fragments :: pagenation('/categories', 'top-level categories')}"). The old, unwrapped syntax for fragment expressions will be removed in future versions of Thymeleaf.
2024-02-02T16:52:02.342+08:00  WARN 47074 --- [http-nio-8080-exec-5] actStandardFragmentInsertionTagProcessor : [THYMELEAF][http-nio-8080-exec-5][categories/categories] Deprecated unwrapped fragment expression "modal_fragments :: modal_dialog" found in template categories/categories, line 129, col 9. Please use the complete syntax of fragment expressions instead ("~{modal_fragments :: modal_dialog}"). The old, unwrapped syntax for fragment expressions will be removed in future versions of Thymeleaf.
2024-02-02T16:52:02.343+08:00  WARN 47074 --- [http-nio-8080-exec-5] actStandardFragmentInsertionTagProcessor : [THYMELEAF][http-nio-8080-exec-5][categories/categories] Deprecated unwrapped fragment expression "fragments :: footer" found in template categories/categories, line 130, col 9. Please use the complete syntax of fragment expressions instead ("~{fragments :: footer}"). The old, unwrapped syntax for fragment expressions will be removed in future versions of Thymeleaf.
2024-02-02T16:52:02.355+08:00  WARN 47074 --- [http-nio-8080-exec-3] .w.s.m.s.DefaultHandlerExceptionResolver : Resolved [org.springframework.web.method.annotation.MethodArgumentTypeMismatchException: Failed to convert value of type 'java.lang.String' to required type 'int'; For input string: "WechatIMG83.jpg"]
2024-02-02T16:52:02.363+08:00  WARN 47074 --- [http-nio-8080-exec-1] .w.s.m.s.DefaultHandlerExceptionResolver : Resolved [org.springframework.web.method.annotation.MethodArgumentTypeMismatchException: Failed to convert value of type 'java.lang.String' to required type 'int'; For input string: "electronics.png"]
2024-02-02T16:52:02.364+08:00  WARN 47074 --- [http-nio-8080-exec-9] .w.s.m.s.DefaultHandlerExceptionResolver : Resolved [org.springframework.web.method.annotation.MethodArgumentTypeMismatchException: Failed to convert value of type 'java.lang.String' to required type 'int'; For input string: "camera.jpg"]
2024-02-02T16:52:02.364+08:00  WARN 47074 --- [http-nio-8080-exec-7] .w.s.m.s.DefaultHandlerExceptionResolver : Resolved [org.springframework.web.method.annotation.MethodArgumentTypeMismatchException: Failed to convert value of type 'java.lang.String' to required type 'int'; For input string: "bags_cases.png"]
2024-02-02T16:52:02.365+08:00  WARN 47074 --- [http-nio-8080-exec-8] .w.s.m.s.DefaultHandlerExceptionResolver : Resolved [org.springframework.web.method.annotation.MethodArgumentTypeMismatchException: Failed to convert value of type 'java.lang.String' to required type 'int'; For input string: "cellphones.png"]
2024-02-02T16:52:02.365+08:00  WARN 47074 --- [http-nio-8080-exec-10] .w.s.m.s.DefaultHandlerExceptionResolver : Resolved [org.springframework.web.method.annotation.MethodArgumentTypeMismatchException: Failed to convert value of type 'java.lang.String' to required type 'int'; For input string: "flashes.png"]
2024-02-02T16:52:02.366+08:00  WARN 47074 --- [http-nio-8080-exec-5] .w.s.m.s.DefaultHandlerExceptionResolver : Resolved [org.springframework.web.method.annotation.MethodArgumentTypeMismatchException: Failed to convert value of type 'java.lang.String' to required type 'int'; For input string: "digitalcameras.png"]
2024-02-02T16:52:02.368+08:00  WARN 47074 --- [http-nio-8080-exec-6] .w.s.m.s.DefaultHandlerExceptionResolver : Resolved [org.springframework.web.method.annotation.MethodArgumentTypeMismatchException: Failed to convert value of type 'java.lang.String' to required type 'int'; For input string: "lenses.png"]
2024-02-02T16:52:02.369+08:00  WARN 47074 --- [http-nio-8080-exec-4] .w.s.m.s.DefaultHandlerExceptionResolver : Resolved [org.springframework.web.method.annotation.MethodArgumentTypeMismatchException: Failed to convert value of type 'java.lang.String' to required type 'int'; For input string: "tripods_monopods.png"]
2024-02-02T16:52:02.370+08:00  WARN 47074 --- [http-nio-8080-exec-2] .w.s.m.s.DefaultHandlerExceptionResolver : Resolved [org.springframework.web.method.annotation.MethodArgumentTypeMismatchException: Failed to convert value of type 'java.lang.String' to required type 'int'; For input string: "cellphoneaccessories.png"]
2024-02-02T16:52:02.371+08:00  WARN 47074 --- [http-nio-8080-exec-3] .w.s.m.s.DefaultHandlerExceptionResolver : Resolved [org.springframework.web.method.annotation.MethodArgumentTypeMismatchException: Failed to convert value of type 'java.lang.String' to required type 'int'; For input string: "cablesandadapters.png"]
2024-02-02T16:52:02.371+08:00  WARN 47074 --- [http-nio-8080-exec-9] .w.s.m.s.DefaultHandlerExceptionResolver : Resolved [org.springframework.web.method.annotation.MethodArgumentTypeMismatchException: Failed to convert value of type 'java.lang.String' to required type 'int'; For input string: "headphones.png"]
2024-02-02T16:52:02.372+08:00  WARN 47074 --- [http-nio-8080-exec-1] .w.s.m.s.DefaultHandlerExceptionResolver : Resolved [org.springframework.web.method.annotation.MethodArgumentTypeMismatchException: Failed to convert value of type 'java.lang.String' to required type 'int'; For input string: "cellphonecases.png"]
2024-02-02T16:52:02.375+08:00  WARN 47074 --- [http-nio-8080-exec-8] .w.s.m.s.DefaultHandlerExceptionResolver : Resolved [org.springframework.web.method.annotation.MethodArgumentTypeMismatchException: Failed to convert value of type 'java.lang.String' to required type 'int'; For input string: "cellphone_stands.png"]
2024-02-02T16:52:02.375+08:00  WARN 47074 --- [http-nio-8080-exec-7] .w.s.m.s.DefaultHandlerExceptionResolver : Resolved [org.springframework.web.method.annotation.MethodArgumentTypeMismatchException: Failed to convert value of type 'java.lang.String' to required type 'int'; For input string: "microsdcards.png"]
2024-02-02T16:52:02.376+08:00  WARN 47074 --- [http-nio-8080-exec-5] .w.s.m.s.DefaultHandlerExceptionResolver : Resolved [org.springframework.web.method.annotation.MethodArgumentTypeMismatchException: Failed to convert value of type 'java.lang.String' to required type 'int'; For input string: "unlockedcellphones.png"]
2024-02-02T16:52:02.376+08:00  WARN 47074 --- [http-nio-8080-exec-10] .w.s.m.s.DefaultHandlerExceptionResolver : Resolved [org.springframework.web.method.annotation.MethodArgumentTypeMismatchException: Failed to convert value of type 'java.lang.String' to required type 'int'; For input string: "carriercellphones.png"]
2024-02-02T16:52:02.376+08:00  WARN 47074 --- [http-nio-8080-exec-6] .w.s.m.s.DefaultHandlerExceptionResolver : Resolved [org.springframework.web.method.annotation.MethodArgumentTypeMismatchException: Failed to convert value of type 'java.lang.String' to required type 'int'; For input string: "PNGimage8.png"]
2024-02-02T16:52:14.164+08:00  WARN 47074 --- [http-nio-8080-exec-4] actStandardFragmentInsertionTagProcessor : [THYMELEAF][http-nio-8080-exec-4][categories/category_form] Deprecated unwrapped fragment expression "fragments :: page_head(${pageTitle}, 'none')" found in template categories/category_form, line 4, col 7. Please use the complete syntax of fragment expressions instead ("~{fragments :: page_head(${pageTitle}, 'none')}"). The old, unwrapped syntax for fragment expressions will be removed in future versions of Thymeleaf.
2024-02-02T16:52:14.167+08:00  WARN 47074 --- [http-nio-8080-exec-4] actStandardFragmentInsertionTagProcessor : [THYMELEAF][http-nio-8080-exec-4][categories/category_form] Deprecated unwrapped fragment expression "navigation :: menu" found in template categories/category_form, line 10, col 8. Please use the complete syntax of fragment expressions instead ("~{navigation :: menu}"). The old, unwrapped syntax for fragment expressions will be removed in future versions of Thymeleaf.
2024-02-02T16:52:14.175+08:00  WARN 47074 --- [http-nio-8080-exec-4] actStandardFragmentInsertionTagProcessor : [THYMELEAF][http-nio-8080-exec-4][categories/category_form] Deprecated unwrapped fragment expression "modal_fragments :: modal_dialog" found in template categories/category_form, line 76, col 7. Please use the complete syntax of fragment expressions instead ("~{modal_fragments :: modal_dialog}"). The old, unwrapped syntax for fragment expressions will be removed in future versions of Thymeleaf.
2024-02-02T16:52:14.176+08:00  WARN 47074 --- [http-nio-8080-exec-4] actStandardFragmentInsertionTagProcessor : [THYMELEAF][http-nio-8080-exec-4][categories/category_form] Deprecated unwrapped fragment expression "fragments :: footer" found in template categories/category_form, line 78, col 7. Please use the complete syntax of fragment expressions instead ("~{fragments :: footer}"). The old, unwrapped syntax for fragment expressions will be removed in future versions of Thymeleaf.
2024-02-02T16:53:14.747+08:00  WARN 47074 --- [http-nio-8080-exec-8] actStandardFragmentInsertionTagProcessor : [THYMELEAF][http-nio-8080-exec-8][categories/categories] Deprecated unwrapped fragment expression "fragments :: page_head('Shopme -- Categories Managment ?? ', 'none')" found in template categories/categories, line 4, col 7. Please use the complete syntax of fragment expressions instead ("~{fragments :: page_head('Shopme -- Categories Managment ?? ', 'none')}"). The old, unwrapped syntax for fragment expressions will be removed in future versions of Thymeleaf.
2024-02-02T16:53:14.749+08:00  WARN 47074 --- [http-nio-8080-exec-8] actStandardFragmentInsertionTagProcessor : [THYMELEAF][http-nio-8080-exec-8][categories/categories] Deprecated unwrapped fragment expression "navigation :: menu" found in template categories/categories, line 9, col 8. Please use the complete syntax of fragment expressions instead ("~{navigation :: menu}"). The old, unwrapped syntax for fragment expressions will be removed in future versions of Thymeleaf.
2024-02-02T16:53:14.754+08:00  WARN 47074 --- [http-nio-8080-exec-8] actStandardFragmentInsertionTagProcessor : [THYMELEAF][http-nio-8080-exec-8][categories/categories] Deprecated unwrapped fragment expression "fragments :: search_form('/categories/page/1')" found in template categories/categories, line 21, col 8. Please use the complete syntax of fragment expressions instead ("~{fragments :: search_form('/categories/page/1')}"). The old, unwrapped syntax for fragment expressions will be removed in future versions of Thymeleaf.
2024-02-02T16:53:14.776+08:00  WARN 47074 --- [http-nio-8080-exec-8] actStandardFragmentInsertionTagProcessor : [THYMELEAF][http-nio-8080-exec-8][categories/categories] Deprecated unwrapped fragment expression "fragments :: pagenation('/categories', 'top-level categories')" found in template categories/categories, line 108, col 9. Please use the complete syntax of fragment expressions instead ("~{fragments :: pagenation('/categories', 'top-level categories')}"). The old, unwrapped syntax for fragment expressions will be removed in future versions of Thymeleaf.
2024-02-02T16:53:14.778+08:00  WARN 47074 --- [http-nio-8080-exec-8] actStandardFragmentInsertionTagProcessor : [THYMELEAF][http-nio-8080-exec-8][categories/categories] Deprecated unwrapped fragment expression "modal_fragments :: modal_dialog" found in template categories/categories, line 129, col 9. Please use the complete syntax of fragment expressions instead ("~{modal_fragments :: modal_dialog}"). The old, unwrapped syntax for fragment expressions will be removed in future versions of Thymeleaf.
2024-02-02T16:53:14.779+08:00  WARN 47074 --- [http-nio-8080-exec-8] actStandardFragmentInsertionTagProcessor : [THYMELEAF][http-nio-8080-exec-8][categories/categories] Deprecated unwrapped fragment expression "fragments :: footer" found in template categories/categories, line 130, col 9. Please use the complete syntax of fragment expressions instead ("~{fragments :: footer}"). The old, unwrapped syntax for fragment expressions will be removed in future versions of Thymeleaf.
2024-02-02T16:53:18.688+08:00  WARN 47074 --- [http-nio-8080-exec-3] actStandardFragmentInsertionTagProcessor : [THYMELEAF][http-nio-8080-exec-3][categories/categories] Deprecated unwrapped fragment expression "fragments :: page_head('Shopme -- Categories Managment ?? ', 'none')" found in template categories/categories, line 4, col 7. Please use the complete syntax of fragment expressions instead ("~{fragments :: page_head('Shopme -- Categories Managment ?? ', 'none')}"). The old, unwrapped syntax for fragment expressions will be removed in future versions of Thymeleaf.
2024-02-02T16:53:18.690+08:00  WARN 47074 --- [http-nio-8080-exec-3] actStandardFragmentInsertionTagProcessor : [THYMELEAF][http-nio-8080-exec-3][categories/categories] Deprecated unwrapped fragment expression "navigation :: menu" found in template categories/categories, line 9, col 8. Please use the complete syntax of fragment expressions instead ("~{navigation :: menu}"). The old, unwrapped syntax for fragment expressions will be removed in future versions of Thymeleaf.
2024-02-02T16:53:18.700+08:00  WARN 47074 --- [http-nio-8080-exec-3] actStandardFragmentInsertionTagProcessor : [THYMELEAF][http-nio-8080-exec-3][categories/categories] Deprecated unwrapped fragment expression "fragments :: search_form('/categories/page/1')" found in template categories/categories, line 21, col 8. Please use the complete syntax of fragment expressions instead ("~{fragments :: search_form('/categories/page/1')}"). The old, unwrapped syntax for fragment expressions will be removed in future versions of Thymeleaf.
2024-02-02T16:53:18.745+08:00  WARN 47074 --- [http-nio-8080-exec-3] actStandardFragmentInsertionTagProcessor : [THYMELEAF][http-nio-8080-exec-3][categories/categories] Deprecated unwrapped fragment expression "fragments :: pagenation('/categories', 'top-level categories')" found in template categories/categories, line 108, col 9. Please use the complete syntax of fragment expressions instead ("~{fragments :: pagenation('/categories', 'top-level categories')}"). The old, unwrapped syntax for fragment expressions will be removed in future versions of Thymeleaf.
2024-02-02T16:53:18.747+08:00  WARN 47074 --- [http-nio-8080-exec-3] actStandardFragmentInsertionTagProcessor : [THYMELEAF][http-nio-8080-exec-3][categories/categories] Deprecated unwrapped fragment expression "modal_fragments :: modal_dialog" found in template categories/categories, line 129, col 9. Please use the complete syntax of fragment expressions instead ("~{modal_fragments :: modal_dialog}"). The old, unwrapped syntax for fragment expressions will be removed in future versions of Thymeleaf.
2024-02-02T16:53:18.748+08:00  WARN 47074 --- [http-nio-8080-exec-3] actStandardFragmentInsertionTagProcessor : [THYMELEAF][http-nio-8080-exec-3][categories/categories] Deprecated unwrapped fragment expression "fragments :: footer" found in template categories/categories, line 130, col 9. Please use the complete syntax of fragment expressions instead ("~{fragments :: footer}"). The old, unwrapped syntax for fragment expressions will be removed in future versions of Thymeleaf.
2024-02-02T16:53:18.766+08:00  WARN 47074 --- [http-nio-8080-exec-6] .w.s.m.s.DefaultHandlerExceptionResolver : Resolved [org.springframework.web.method.annotation.MethodArgumentTypeMismatchException: Failed to convert value of type 'java.lang.String' to required type 'int'; For input string: "WechatIMG83.jpg"]
2024-02-02T16:53:18.768+08:00  WARN 47074 --- [http-nio-8080-exec-5] .w.s.m.s.DefaultHandlerExceptionResolver : Resolved [org.springframework.web.method.annotation.MethodArgumentTypeMismatchException: Failed to convert value of type 'java.lang.String' to required type 'int'; For input string: "electronics.png"]
2024-02-02T16:53:18.769+08:00  WARN 47074 --- [http-nio-8080-exec-7] .w.s.m.s.DefaultHandlerExceptionResolver : Resolved [org.springframework.web.method.annotation.MethodArgumentTypeMismatchException: Failed to convert value of type 'java.lang.String' to required type 'int'; For input string: "camera.jpg"]
2024-02-02T16:53:18.770+08:00  WARN 47074 --- [http-nio-8080-exec-2] .w.s.m.s.DefaultHandlerExceptionResolver : Resolved [org.springframework.web.method.annotation.MethodArgumentTypeMismatchException: Failed to convert value of type 'java.lang.String' to required type 'int'; For input string: "bags_cases.png"]
2024-02-02T16:53:18.770+08:00  WARN 47074 --- [http-nio-8080-exec-9] .w.s.m.s.DefaultHandlerExceptionResolver : Resolved [org.springframework.web.method.annotation.MethodArgumentTypeMismatchException: Failed to convert value of type 'java.lang.String' to required type 'int'; For input string: "cellphones.png"]
2024-02-02T16:53:18.771+08:00  WARN 47074 --- [http-nio-8080-exec-10] .w.s.m.s.DefaultHandlerExceptionResolver : Resolved [org.springframework.web.method.annotation.MethodArgumentTypeMismatchException: Failed to convert value of type 'java.lang.String' to required type 'int'; For input string: "flashes.png"]
2024-02-02T16:53:18.772+08:00  WARN 47074 --- [http-nio-8080-exec-4] .w.s.m.s.DefaultHandlerExceptionResolver : Resolved [org.springframework.web.method.annotation.MethodArgumentTypeMismatchException: Failed to convert value of type 'java.lang.String' to required type 'int'; For input string: "digitalcameras.png"]
2024-02-02T16:53:18.773+08:00  WARN 47074 --- [http-nio-8080-exec-9] .w.s.m.s.DefaultHandlerExceptionResolver : Resolved [org.springframework.web.method.annotation.MethodArgumentTypeMismatchException: Failed to convert value of type 'java.lang.String' to required type 'int'; For input string: "lenses.png"]
2024-02-02T16:53:18.775+08:00  WARN 47074 --- [http-nio-8080-exec-6] .w.s.m.s.DefaultHandlerExceptionResolver : Resolved [org.springframework.web.method.annotation.MethodArgumentTypeMismatchException: Failed to convert value of type 'java.lang.String' to required type 'int'; For input string: "tripods_monopods.png"]
2024-02-02T16:53:18.777+08:00  WARN 47074 --- [http-nio-8080-exec-8] .w.s.m.s.DefaultHandlerExceptionResolver : Resolved [org.springframework.web.method.annotation.MethodArgumentTypeMismatchException: Failed to convert value of type 'java.lang.String' to required type 'int'; For input string: "cellphoneaccessories.png"]
2024-02-02T16:53:18.777+08:00  WARN 47074 --- [http-nio-8080-exec-6] .w.s.m.s.DefaultHandlerExceptionResolver : Resolved [org.springframework.web.method.annotation.MethodArgumentTypeMismatchException: Failed to convert value of type 'java.lang.String' to required type 'int'; For input string: "cablesandadapters.png"]
2024-02-02T16:53:18.777+08:00  WARN 47074 --- [http-nio-8080-exec-3] .w.s.m.s.DefaultHandlerExceptionResolver : Resolved [org.springframework.web.method.annotation.MethodArgumentTypeMismatchException: Failed to convert value of type 'java.lang.String' to required type 'int'; For input string: "cellphonecases.png"]
2024-02-02T16:53:18.777+08:00  WARN 47074 --- [http-nio-8080-exec-7] .w.s.m.s.DefaultHandlerExceptionResolver : Resolved [org.springframework.web.method.annotation.MethodArgumentTypeMismatchException: Failed to convert value of type 'java.lang.String' to required type 'int'; For input string: "microsdcards.png"]
2024-02-02T16:53:18.778+08:00  WARN 47074 --- [http-nio-8080-exec-5] .w.s.m.s.DefaultHandlerExceptionResolver : Resolved [org.springframework.web.method.annotation.MethodArgumentTypeMismatchException: Failed to convert value of type 'java.lang.String' to required type 'int'; For input string: "headphones.png"]
2024-02-02T16:53:18.779+08:00  WARN 47074 --- [http-nio-8080-exec-1] .w.s.m.s.DefaultHandlerExceptionResolver : Resolved [org.springframework.web.method.annotation.MethodArgumentTypeMismatchException: Failed to convert value of type 'java.lang.String' to required type 'int'; For input string: "cellphone_stands.png"]
2024-02-02T16:53:18.782+08:00  WARN 47074 --- [http-nio-8080-exec-4] .w.s.m.s.DefaultHandlerExceptionResolver : Resolved [org.springframework.web.method.annotation.MethodArgumentTypeMismatchException: Failed to convert value of type 'java.lang.String' to required type 'int'; For input string: "carriercellphones.png"]
2024-02-02T16:53:18.782+08:00  WARN 47074 --- [http-nio-8080-exec-10] .w.s.m.s.DefaultHandlerExceptionResolver : Resolved [org.springframework.web.method.annotation.MethodArgumentTypeMismatchException: Failed to convert value of type 'java.lang.String' to required type 'int'; For input string: "unlockedcellphones.png"]
2024-02-02T16:53:18.782+08:00  WARN 47074 --- [http-nio-8080-exec-9] .w.s.m.s.DefaultHandlerExceptionResolver : Resolved [org.springframework.web.method.annotation.MethodArgumentTypeMismatchException: Failed to convert value of type 'java.lang.String' to required type 'int'; For input string: "PNGimage8.png"]
2024-02-02T16:55:12.753+08:00  WARN 47074 --- [http-nio-8080-exec-2] actStandardFragmentInsertionTagProcessor : [THYMELEAF][http-nio-8080-exec-2][categories/category_form] Deprecated unwrapped fragment expression "fragments :: page_head(${pageTitle}, 'none')" found in template categories/category_form, line 4, col 7. Please use the complete syntax of fragment expressions instead ("~{fragments :: page_head(${pageTitle}, 'none')}"). The old, unwrapped syntax for fragment expressions will be removed in future versions of Thymeleaf.
2024-02-02T16:55:12.755+08:00  WARN 47074 --- [http-nio-8080-exec-2] actStandardFragmentInsertionTagProcessor : [THYMELEAF][http-nio-8080-exec-2][categories/category_form] Deprecated unwrapped fragment expression "navigation :: menu" found in template categories/category_form, line 10, col 8. Please use the complete syntax of fragment expressions instead ("~{navigation :: menu}"). The old, unwrapped syntax for fragment expressions will be removed in future versions of Thymeleaf.
2024-02-02T16:55:12.764+08:00  WARN 47074 --- [http-nio-8080-exec-2] actStandardFragmentInsertionTagProcessor : [THYMELEAF][http-nio-8080-exec-2][categories/category_form] Deprecated unwrapped fragment expression "modal_fragments :: modal_dialog" found in template categories/category_form, line 76, col 7. Please use the complete syntax of fragment expressions instead ("~{modal_fragments :: modal_dialog}"). The old, unwrapped syntax for fragment expressions will be removed in future versions of Thymeleaf.
2024-02-02T16:55:12.765+08:00  WARN 47074 --- [http-nio-8080-exec-2] actStandardFragmentInsertionTagProcessor : [THYMELEAF][http-nio-8080-exec-2][categories/category_form] Deprecated unwrapped fragment expression "fragments :: footer" found in template categories/category_form, line 78, col 7. Please use the complete syntax of fragment expressions instead ("~{fragments :: footer}"). The old, unwrapped syntax for fragment expressions will be removed in future versions of Thymeleaf.
2024-02-02T17:12:08.315+08:00  WARN 47074 --- [HikariPool-1 housekeeper] com.zaxxer.hikari.pool.HikariPool        : HikariPool-1 - Thread starvation or clock leap detected (housekeeper delta=4m58s180ms).
